8/7/2021 12:06:41 PM el yind paso a nivel 2 gano HP: 8
8/7/2021 12:06:41 PM el yind paso a nivel 3 gano HP: 7
8/7/2021 2:06:50 PM el yind paso a nivel 4 gano HP: 9
8/7/2021 2:06:50 PM el yind paso a nivel 5 gano HP: 7
8/7/2021 2:06:50 PM el yind paso a nivel 6 gano HP: 9
8/7/2021 2:06:50 PM el yind paso a nivel 7 gano HP: 8
8/7/2021 2:06:50 PM el yind paso a nivel 8 gano HP: 7
8/7/2021 2:06:50 PM el yind paso a nivel 9 gano HP: 9
8/7/2021 2:06:50 PM el yind paso a nivel 10 gano HP: 9
8/7/2021 2:06:50 PM el yind paso a nivel 11 gano HP: 6
8/7/2021 2:06:50 PM el yind paso a nivel 12 gano HP: 8
8/7/2021 2:06:50 PM el yind paso a nivel 13 gano HP: 7
8/7/2021 2:06:50 PM el yind paso a nivel 14 gano HP: 7
8/7/2021 2:06:50 PM el yind paso a nivel 15 gano HP: 7
8/7/2021 2:06:50 PM el yind paso a nivel 16 gano HP: 7
8/7/2021 2:06:50 PM el yind paso a nivel 17 gano HP: 8
8/7/2021 2:06:50 PM el yind paso a nivel 18 gano HP: 8
8/7/2021 2:06:50 PM el yind paso a nivel 19 gano HP: 8
8/7/2021 2:06:50 PM el yind paso a nivel 20 gano HP: 10
8/7/2021 2:06:50 PM el yind paso a nivel 21 gano HP: 9
8/7/2021 2:06:50 PM el yind paso a nivel 22 gano HP: 9
8/7/2021 2:06:50 PM el yind paso a nivel 23 gano HP: 8
8/7/2021 2:06:50 PM el yind paso a nivel 24 gano HP: 8
8/7/2021 2:06:50 PM el yind paso a nivel 25 gano HP: 7
8/7/2021 2:06:50 PM el yind paso a nivel 26 gano HP: 8
8/7/2021 2:06:50 PM el yind paso a nivel 27 gano HP: 10
8/7/2021 2:06:50 PM el yind paso a nivel 28 gano HP: 8
8/7/2021 2:06:50 PM el yind paso a nivel 29 gano HP: 9
8/7/2021 2:06:50 PM el yind paso a nivel 30 gano HP: 7
8/7/2021 2:06:50 PM el yind paso a nivel 31 gano HP: 8
8/7/2021 2:06:55 PM el yind paso a nivel 32 gano HP: 9
8/7/2021 2:06:55 PM el yind paso a nivel 33 gano HP: 8
8/7/2021 2:06:55 PM el yind paso a nivel 34 gano HP: 9
8/7/2021 4:07:36 PM neosefirot paso a nivel 2 gano HP: 9
8/7/2021 4:14:34 PM Elias paso a nivel 2 gano HP: 8
8/7/2021 4:15:36 PM Elias paso a nivel 3 gano HP: 8
8/7/2021 4:15:36 PM Elias paso a nivel 4 gano HP: 8
8/7/2021 4:15:42 PM Elias paso a nivel 5 gano HP: 8
8/7/2021 4:15:57 PM Elias paso a nivel 6 gano HP: 7
8/7/2021 4:16:12 PM Elias paso a nivel 7 gano HP: 8
8/7/2021 4:16:34 PM PoWeR paso a nivel 2 gano HP: 11
8/7/2021 4:16:34 PM PoWeR paso a nivel 3 gano HP: 9
8/7/2021 4:16:34 PM PoWeR paso a nivel 4 gano HP: 9
8/7/2021 4:16:36 PM PoWeR paso a nivel 5 gano HP: 9
8/7/2021 4:16:36 PM PoWeR paso a nivel 6 gano HP: 10
8/7/2021 4:16:57 PM Elias paso a nivel 8 gano HP: 8
8/7/2021 4:17:02 PM PoWeR paso a nivel 7 gano HP: 7
8/7/2021 4:17:06 PM Elias paso a nivel 9 gano HP: 7
8/7/2021 4:17:15 PM Elias paso a nivel 10 gano HP: 7
8/7/2021 4:18:35 PM Elias paso a nivel 11 gano HP: 6
8/7/2021 4:19:03 PM ShiNoBu paso a nivel 2 gano HP: 7
8/7/2021 4:19:08 PM ShiNoBu paso a nivel 3 gano HP: 5
8/7/2021 4:19:17 PM ShiNoBu paso a nivel 4 gano HP: 7
8/7/2021 4:19:27 PM Elias paso a nivel 12 gano HP: 9
8/7/2021 4:20:05 PM ShiNoBu paso a nivel 5 gano HP: 7
8/7/2021 4:20:46 PM PoWeR paso a nivel 8 gano HP: 10
8/7/2021 4:20:50 PM PoWeR paso a nivel 9 gano HP: 9
8/7/2021 4:20:58 PM PoWeR paso a nivel 10 gano HP: 11
8/7/2021 4:21:19 PM PoWeR paso a nivel 11 gano HP: 8
8/7/2021 4:21:37 PM PoWeR paso a nivel 12 gano HP: 10
8/7/2021 4:21:52 PM PoWeR paso a nivel 13 gano HP: 9
8/7/2021 4:22:58 PM Elias paso a nivel 13 gano HP: 8
8/7/2021 4:24:05 PM ShiNoBu paso a nivel 6 gano HP: 8
8/7/2021 4:24:18 PM ShiNoBu paso a nivel 7 gano HP: 7
8/7/2021 4:24:31 PM ShiNoBu paso a nivel 8 gano HP: 9
8/7/2021 4:24:45 PM ShiNoBu paso a nivel 9 gano HP: 7
8/7/2021 4:25:47 PM ShiNoBu paso a nivel 10 gano HP: 7
8/7/2021 4:31:34 PM Elias juntó del piso 10000 Monedas de Oro Mapa: 1 X: 299 Y: 862
8/7/2021 4:43:05 PM ShiNoBu paso a nivel 2 gano HP: 7
8/7/2021 4:43:07 PM ShiNoBu paso a nivel 3 gano HP: 8
8/7/2021 4:43:09 PM ShiNoBu paso a nivel 4 gano HP: 9
8/7/2021 4:43:18 PM ShiNoBu paso a nivel 5 gano HP: 7
8/7/2021 4:43:26 PM ShiNoBu paso a nivel 6 gano HP: 6
8/7/2021 4:43:37 PM ShiNoBu paso a nivel 7 gano HP: 7
8/7/2021 4:43:43 PM ShiNoBu paso a nivel 8 gano HP: 6
8/7/2021 4:44:01 PM ShiNoBu paso a nivel 9 gano HP: 7
8/7/2021 4:44:10 PM neosefirot paso a nivel 3 gano HP: 8
8/7/2021 4:44:31 PM ShiNoBu paso a nivel 10 gano HP: 5
8/7/2021 4:47:07 PM ShiNoBu paso a nivel 11 gano HP: 7
8/7/2021 4:49:05 PM ShiNoBu paso a nivel 12 gano HP: 8
8/7/2021 4:52:27 PM ShiNoBu paso a nivel 13 gano HP: 6
8/7/2021 4:53:36 PM Elias paso a nivel 14 gano HP: 9
8/7/2021 4:54:20 PM Elias paso a nivel 15 gano HP: 8
8/7/2021 4:55:16 PM Elias paso a nivel 16 gano HP: 9
8/7/2021 4:58:15 PM PoWeR juntó del piso 10000 Monedas de Oro Mapa: 1 X: 179 Y: 1243
8/7/2021 4:58:17 PM PoWeR juntó del piso 10000 Monedas de Oro Mapa: 1 X: 178 Y: 1243
8/7/2021 4:58:39 PM PoWeR paso a nivel 2 gano HP: 10
8/7/2021 4:59:46 PM Elias paso a nivel 17 gano HP: 7
8/7/2021 5:09:50 PM Elias juntó del piso 10000 Monedas de Oro Mapa: 1 X: 177 Y: 1244
8/7/2021 5:09:51 PM Elias juntó del piso 10000 Monedas de Oro Mapa: 1 X: 176 Y: 1244
8/7/2021 5:09:53 PM Elias juntó del piso 10000 Monedas de Oro Mapa: 1 X: 177 Y: 1245
8/7/2021 5:10:56 PM PoWeR juntó del piso 10000 Monedas de Oro Mapa: 1 X: 177 Y: 1244
8/7/2021 5:10:56 PM PoWeR juntó del piso 10000 Monedas de Oro Mapa: 1 X: 176 Y: 1244
8/7/2021 5:10:57 PM PoWeR juntó del piso 10000 Monedas de Oro Mapa: 1 X: 177 Y: 1245
8/7/2021 5:15:19 PM PoWeR paso a nivel 3 gano HP: 8
8/7/2021 5:15:19 PM PoWeR paso a nivel 4 gano HP: 9
8/7/2021 5:15:26 PM PoWeR paso a nivel 5 gano HP: 10
8/7/2021 5:15:28 PM PoWeR paso a nivel 6 gano HP: 9
8/7/2021 5:15:38 PM PoWeR paso a nivel 7 gano HP: 9
8/7/2021 5:17:35 PM PoWeR paso a nivel 8 gano HP: 9
8/7/2021 5:17:36 PM PoWeR paso a nivel 9 gano HP: 9
8/7/2021 5:17:40 PM PoWeR paso a nivel 10 gano HP: 9
8/7/2021 5:17:46 PM PoWeR paso a nivel 11 gano HP: 10
8/7/2021 5:20:06 PM PoWeR paso a nivel 12 gano HP: 10
8/7/2021 5:20:23 PM PoWeR paso a nivel 13 gano HP: 8
8/7/2021 5:25:27 PM Elias paso a nivel 18 gano HP: 8
8/7/2021 5:29:20 PM Elias paso a nivel 19 gano HP: 8
8/7/2021 5:33:39 PM Elias paso a nivel 20 gano HP: 8
8/7/2021 5:35:29 PM Bramh paso a nivel 2 gano HP: 8
8/7/2021 5:35:57 PM Elias juntó del piso 10000 Monedas de Oro Mapa: 1 X: 401 Y: 1002
8/7/2021 5:35:58 PM Elias juntó del piso 10000 Monedas de Oro Mapa: 1 X: 400 Y: 1002
8/7/2021 5:35:58 PM Elias juntó del piso 10000 Monedas de Oro Mapa: 1 X: 399 Y: 1002
8/7/2021 5:35:59 PM Elias juntó del piso 10000 Monedas de Oro Mapa: 1 X: 399 Y: 1003
8/7/2021 5:36:00 PM Elias juntó del piso 10000 Monedas de Oro Mapa: 1 X: 399 Y: 1004
8/7/2021 5:36:01 PM Elias juntó del piso 10000 Monedas de Oro Mapa: 1 X: 400 Y: 1004
8/7/2021 5:36:02 PM Elias juntó del piso 10000 Monedas de Oro Mapa: 1 X: 401 Y: 1004
8/7/2021 5:36:04 PM Elias juntó del piso 10000 Monedas de Oro Mapa: 1 X: 398 Y: 1001
8/7/2021 5:40:42 PM Elias paso a nivel 21 gano HP: 7
8/7/2021 5:42:11 PM Bramh paso a nivel 3 gano HP: 9
8/7/2021 5:45:04 PM FreireNico juntó del piso 10000 Monedas de Oro Mapa: 1 X: 184 Y: 1236
8/7/2021 5:45:05 PM FreireNico juntó del piso 10000 Monedas de Oro Mapa: 1 X: 185 Y: 1236
8/7/2021 5:45:21 PM FreireNico juntó del piso 10000 Monedas de Oro Mapa: 1 X: 184 Y: 1236
8/7/2021 5:45:21 PM FreireNico juntó del piso 10000 Monedas de Oro Mapa: 1 X: 186 Y: 1236
8/7/2021 5:50:33 PM neosefirot paso a nivel 4 gano HP: 9
8/7/2021 5:50:44 PM aknot paso a nivel 2 gano HP: 8
8/7/2021 5:56:35 PM aknot paso a nivel 3 gano HP: 5
8/7/2021 5:58:26 PM aknot paso a nivel 4 gano HP: 8
8/7/2021 6:01:40 PM aknot paso a nivel 5 gano HP: 8
8/7/2021 6:02:02 PM aknot paso a nivel 6 gano HP: 6
8/7/2021 6:02:13 PM aknot paso a nivel 7 gano HP: 8
8/7/2021 6:03:56 PM aknot paso a nivel 8 gano HP: 8
8/7/2021 6:04:23 PM aknot paso a nivel 9 gano HP: 9
8/7/2021 6:09:00 PM aknot paso a nivel 10 gano HP: 7
8/7/2021 6:12:56 PM aknot paso a nivel 11 gano HP: 7
8/7/2021 6:13:27 PM Bramh paso a nivel 4 gano HP: 8
8/7/2021 6:13:52 PM aknot paso a nivel 12 gano HP: 7
8/7/2021 6:14:28 PM Nhew paso a nivel 2 gano HP: 7
8/7/2021 6:16:05 PM aknot paso a nivel 13 gano HP: 8
8/7/2021 6:23:09 PM aknot paso a nivel 14 gano HP: 5
8/7/2021 6:23:12 PM Nhew paso a nivel 3 gano HP: 7
8/7/2021 6:23:13 PM Nhew paso a nivel 4 gano HP: 9
8/7/2021 6:23:20 PM Nhew paso a nivel 5 gano HP: 7
8/7/2021 6:23:25 PM Nhew paso a nivel 6 gano HP: 7
8/7/2021 6:23:35 PM Nhew paso a nivel 7 gano HP: 6
8/7/2021 6:23:37 PM Bramh paso a nivel 5 gano HP: 8
8/7/2021 6:23:57 PM Bramh paso a nivel 6 gano HP: 7
8/7/2021 6:24:07 PM Bramh paso a nivel 7 gano HP: 8
8/7/2021 6:24:14 PM Bramh paso a nivel 8 gano HP: 7
8/7/2021 6:24:17 PM Bramh paso a nivel 9 gano HP: 10
8/7/2021 6:24:26 PM Nhew paso a nivel 8 gano HP: 5
8/7/2021 6:24:29 PM Bramh paso a nivel 10 gano HP: 8
8/7/2021 6:25:05 PM Bramh paso a nivel 11 gano HP: 9
8/7/2021 6:25:07 PM Nhew paso a nivel 9 gano HP: 7
8/7/2021 6:26:12 PM aknot paso a nivel 15 gano HP: 7
8/7/2021 6:31:16 PM Bramh juntó del piso 10000 Monedas de Oro Mapa: 8 X: 75 Y: 95
8/7/2021 6:31:17 PM Bramh juntó del piso 10000 Monedas de Oro Mapa: 8 X: 75 Y: 96
8/7/2021 6:31:59 PM Bramh juntó del piso 10000 Monedas de Oro Mapa: 8 X: 77 Y: 95
8/7/2021 6:32:01 PM Bramh juntó del piso 10000 Monedas de Oro Mapa: 8 X: 78 Y: 95
8/7/2021 6:32:03 PM Bramh juntó del piso 10000 Monedas de Oro Mapa: 8 X: 77 Y: 95
8/7/2021 6:32:17 PM aknot paso a nivel 16 gano HP: 7
8/7/2021 6:34:32 PM Nhew juntó del piso 10000 Monedas de Oro Mapa: 8 X: 77 Y: 95
8/7/2021 6:35:46 PM Nhew paso a nivel 10 gano HP: 7
8/7/2021 6:46:04 PM aknot paso a nivel 17 gano HP: 7
8/7/2021 6:48:57 PM aknot paso a nivel 18 gano HP: 7
8/7/2021 6:53:47 PM Nhew paso a nivel 11 gano HP: 6
8/7/2021 6:58:08 PM Moe SzyslaK paso a nivel 2 gano HP: 6
8/7/2021 6:58:17 PM Moe SzyslaK paso a nivel 3 gano HP: 7
8/7/2021 6:58:43 PM aknot paso a nivel 19 gano HP: 7
8/7/2021 6:58:50 PM Moe SzyslaK paso a nivel 4 gano HP: 8
8/7/2021 6:59:34 PM Moe SzyslaK paso a nivel 5 gano HP: 8
8/7/2021 6:59:50 PM Moe SzyslaK paso a nivel 6 gano HP: 9
8/7/2021 7:01:12 PM Moe SzyslaK paso a nivel 7 gano HP: 9
8/7/2021 7:01:33 PM Moe SzyslaK paso a nivel 8 gano HP: 8
8/7/2021 7:01:42 PM Bramh paso a nivel 12 gano HP: 8
8/7/2021 7:02:11 PM aknot paso a nivel 20 gano HP: 7
8/7/2021 7:02:18 PM Bramh paso a nivel 13 gano HP: 9
8/7/2021 7:02:20 PM Moe SzyslaK paso a nivel 9 gano HP: 8
8/7/2021 7:03:05 PM Moe SzyslaK paso a nivel 10 gano HP: 6
8/7/2021 7:03:15 PM Bramh juntó del piso 10000 Monedas de Oro Mapa: 1 X: 296 Y: 861
8/7/2021 7:03:19 PM Moe SzyslaK paso a nivel 11 gano HP: 9
8/7/2021 7:03:39 PM aknot juntó del piso 9511 Monedas de Oro Mapa: 1 X: 298 Y: 455
8/7/2021 7:04:35 PM Moe SzyslaK paso a nivel 12 gano HP: 8
8/7/2021 7:04:57 PM Moe SzyslaK paso a nivel 13 gano HP: 7
8/7/2021 7:05:33 PM aknot paso a nivel 21 gano HP: 8
8/7/2021 7:07:00 PM Bramh paso a nivel 14 gano HP: 8
8/7/2021 7:11:24 PM Moe SzyslaK paso a nivel 14 gano HP: 8
8/7/2021 7:13:11 PM aknot paso a nivel 22 gano HP: 8
8/7/2021 7:19:45 PM aknot paso a nivel 23 gano HP: 7
8/7/2021 7:20:01 PM Moe SzyslaK paso a nivel 15 gano HP: 8
8/7/2021 7:20:34 PM Nashe juntó del piso 10000 Monedas de Oro Mapa: 1 X: 302 Y: 860
8/7/2021 7:20:35 PM Nashe juntó del piso 10000 Monedas de Oro Mapa: 1 X: 303 Y: 860
8/7/2021 7:20:39 PM Nashe juntó del piso 10000 Monedas de Oro Mapa: 1 X: 302 Y: 860
8/7/2021 7:21:35 PM Nashe paso a nivel 2 gano HP: 6
8/7/2021 7:21:36 PM Nhew paso a nivel 12 gano HP: 7
8/7/2021 7:21:39 PM Nashe paso a nivel 3 gano HP: 7
8/7/2021 7:21:52 PM Nashe paso a nivel 4 gano HP: 6
8/7/2021 7:21:58 PM Nashe paso a nivel 5 gano HP: 8
8/7/2021 7:22:14 PM Nashe paso a nivel 6 gano HP: 7
8/7/2021 7:22:47 PM Kayser paso a nivel 2 gano HP: 8
8/7/2021 7:22:49 PM Kayser paso a nivel 3 gano HP: 8
8/7/2021 7:22:50 PM Kayser paso a nivel 4 gano HP: 10
8/7/2021 7:23:03 PM Kayser paso a nivel 5 gano HP: 8
8/7/2021 7:23:04 PM Kayser paso a nivel 6 gano HP: 9
8/7/2021 7:23:28 PM Nashe paso a nivel 7 gano HP: 5
8/7/2021 7:24:14 PM Nashe paso a nivel 8 gano HP: 7
8/7/2021 7:24:37 PM Kayser paso a nivel 7 gano HP: 10
8/7/2021 7:24:47 PM Nhew paso a nivel 13 gano HP: 8
8/7/2021 7:24:49 PM Nashe paso a nivel 9 gano HP: 7
8/7/2021 7:25:21 PM PuPy paso a nivel 2 gano HP: 8
8/7/2021 7:25:24 PM PuPy paso a nivel 3 gano HP: 7
8/7/2021 7:25:35 PM Kayser paso a nivel 8 gano HP: 8
8/7/2021 7:26:01 PM Kayser paso a nivel 9 gano HP: 10
8/7/2021 7:26:48 PM Kayser paso a nivel 10 gano HP: 9
8/7/2021 7:27:27 PM Nashe paso a nivel 10 gano HP: 6
8/7/2021 7:28:12 PM Nashe paso a nivel 11 gano HP: 6
8/7/2021 7:28:56 PM Kayser paso a nivel 11 gano HP: 10
8/7/2021 7:29:02 PM PuPy paso a nivel 4 gano HP: 9
8/7/2021 7:29:02 PM PuPy paso a nivel 5 gano HP: 8
8/7/2021 7:29:08 PM Kayser paso a nivel 12 gano HP: 8
8/7/2021 7:29:14 PM PuPy paso a nivel 6 gano HP: 8
8/7/2021 7:29:25 PM Kayser paso a nivel 13 gano HP: 10
8/7/2021 7:29:34 PM Nashe paso a nivel 12 gano HP: 8
8/7/2021 7:30:16 PM PuPy paso a nivel 7 gano HP: 9
8/7/2021 7:30:28 PM PuPy paso a nivel 8 gano HP: 7
8/7/2021 7:30:32 PM Nashe paso a nivel 13 gano HP: 7
8/7/2021 7:30:37 PM Nhew compró del NPC 1000 Poción Azul
8/7/2021 7:30:38 PM Nhew compró del NPC 1000 Poción Azul
8/7/2021 7:30:40 PM PuPy paso a nivel 9 gano HP: 8
8/7/2021 7:30:40 PM Nhew compró del NPC 1000 Poción Roja
8/7/2021 7:30:41 PM Nhew compró del NPC 1000 Poción Roja
8/7/2021 7:31:15 PM Kayser compró del NPC 1000 Poción Azul
8/7/2021 7:31:18 PM PuPy paso a nivel 10 gano HP: 7
8/7/2021 7:31:53 PM Nashe compró del NPC 1000 Poción Azul
8/7/2021 7:31:54 PM Nashe compró del NPC 1000 Poción Azul
8/7/2021 7:31:56 PM Nashe compró del NPC 1000 Poción Roja
8/7/2021 7:32:36 PM PuPy paso a nivel 11 gano HP: 7
8/7/2021 7:33:24 PM Kayser paso a nivel 14 gano HP: 7
8/7/2021 7:33:31 PM PuPy paso a nivel 12 gano HP: 9
8/7/2021 7:33:53 PM PuPy paso a nivel 13 gano HP: 6
8/7/2021 7:33:58 PM Kayser paso a nivel 15 gano HP: 6
8/7/2021 7:36:16 PM Bramh paso a nivel 15 gano HP: 8
8/7/2021 7:38:05 PM Nashe compró del NPC 1 Invocar Elemental de Agua
8/7/2021 7:39:56 PM Moe SzyslaK paso a nivel 16 gano HP: 8
8/7/2021 7:41:36 PM Kayser paso a nivel 16 gano HP: 10
8/7/2021 7:41:43 PM Nashe paso a nivel 14 gano HP: 7
8/7/2021 7:41:59 PM Nashe paso a nivel 15 gano HP: 5
8/7/2021 7:42:10 PM Nashe paso a nivel 16 gano HP: 5
8/7/2021 7:42:16 PM Kayser paso a nivel 17 gano HP: 8
8/7/2021 7:42:46 PM Nashe paso a nivel 17 gano HP: 6
8/7/2021 7:44:45 PM Nashe paso a nivel 18 gano HP: 7
8/7/2021 7:44:50 PM Kayser paso a nivel 18 gano HP: 9
8/7/2021 7:44:50 PM Kayser paso a nivel 19 gano HP: 10
8/7/2021 7:44:50 PM Kayser paso a nivel 20 gano HP: 7
8/7/2021 7:44:50 PM Kayser paso a nivel 21 gano HP: 8
8/7/2021 7:44:50 PM Kayser paso a nivel 22 gano HP: 8
8/7/2021 7:44:50 PM Kayser paso a nivel 23 gano HP: 7
8/7/2021 7:44:50 PM Kayser paso a nivel 24 gano HP: 8
8/7/2021 7:44:50 PM Kayser paso a nivel 25 gano HP: 8
8/7/2021 7:44:50 PM Kayser paso a nivel 26 gano HP: 7
8/7/2021 7:44:50 PM Kayser paso a nivel 27 gano HP: 6
8/7/2021 7:44:50 PM Kayser paso a nivel 28 gano HP: 8
8/7/2021 7:44:50 PM Kayser paso a nivel 29 gano HP: 8
8/7/2021 7:44:50 PM Kayser paso a nivel 30 gano HP: 8
8/7/2021 7:44:50 PM Kayser paso a nivel 31 gano HP: 9
8/7/2021 7:44:50 PM Kayser paso a nivel 32 gano HP: 8
8/7/2021 7:44:50 PM Kayser paso a nivel 33 gano HP: 10
8/7/2021 7:44:50 PM Kayser paso a nivel 34 gano HP: 10
8/7/2021 7:44:58 PM Nashe paso a nivel 19 gano HP: 8
8/7/2021 7:44:58 PM Nashe paso a nivel 20 gano HP: 6
8/7/2021 7:44:58 PM Nashe paso a nivel 21 gano HP: 6
8/7/2021 7:44:58 PM Nashe paso a nivel 22 gano HP: 6
8/7/2021 7:44:58 PM Nashe paso a nivel 23 gano HP: 6
8/7/2021 7:44:58 PM Nashe paso a nivel 24 gano HP: 5
8/7/2021 7:44:58 PM Nashe paso a nivel 25 gano HP: 7
8/7/2021 7:44:58 PM Nashe paso a nivel 26 gano HP: 4
8/7/2021 7:44:58 PM Nashe paso a nivel 27 gano HP: 6
8/7/2021 7:44:58 PM Nashe paso a nivel 28 gano HP: 6
8/7/2021 7:44:58 PM Nashe paso a nivel 29 gano HP: 6
8/7/2021 7:44:58 PM Nashe paso a nivel 30 gano HP: 5
8/7/2021 7:44:58 PM Nashe paso a nivel 31 gano HP: 6
8/7/2021 7:44:58 PM Nashe paso a nivel 32 gano HP: 6
8/7/2021 7:44:58 PM Nashe paso a nivel 33 gano HP: 7
8/7/2021 7:44:58 PM Nashe paso a nivel 34 gano HP: 8
8/7/2021 7:45:19 PM Nashe juntó del piso 9400 Monedas de Oro Mapa: 13 X: 52 Y: 697
8/7/2021 7:46:24 PM PuPy paso a nivel 14 gano HP: 9
8/7/2021 7:46:48 PM Kayser paso a nivel 35 gano HP: 7
8/7/2021 7:46:48 PM Kayser paso a nivel 36 gano HP: 8
8/7/2021 7:46:52 PM Nashe paso a nivel 35 gano HP: 4
8/7/2021 7:46:52 PM Nashe paso a nivel 36 gano HP: 5
8/7/2021 7:47:03 PM Kayser paso a nivel 37 gano HP: 8
8/7/2021 7:47:14 PM Bramh paso a nivel 16 gano HP: 8
8/7/2021 7:47:14 PM Bramh paso a nivel 17 gano HP: 7
8/7/2021 7:47:14 PM Bramh paso a nivel 18 gano HP: 8
8/7/2021 7:47:14 PM Bramh paso a nivel 19 gano HP: 8
8/7/2021 7:47:14 PM Bramh paso a nivel 20 gano HP: 8
8/7/2021 7:47:14 PM Bramh paso a nivel 21 gano HP: 8
8/7/2021 7:47:14 PM Bramh paso a nivel 22 gano HP: 10
8/7/2021 7:47:14 PM Bramh paso a nivel 23 gano HP: 7
8/7/2021 7:47:14 PM Bramh paso a nivel 24 gano HP: 7
8/7/2021 7:47:14 PM Bramh paso a nivel 25 gano HP: 8
8/7/2021 7:47:14 PM Bramh paso a nivel 26 gano HP: 6
8/7/2021 7:47:14 PM Bramh paso a nivel 27 gano HP: 6
8/7/2021 7:47:14 PM Bramh paso a nivel 28 gano HP: 8
8/7/2021 7:47:14 PM Bramh paso a nivel 29 gano HP: 7
8/7/2021 7:47:14 PM Bramh paso a nivel 30 gano HP: 9
8/7/2021 7:47:14 PM Bramh paso a nivel 31 gano HP: 8
8/7/2021 7:47:14 PM Bramh paso a nivel 32 gano HP: 9
8/7/2021 7:47:14 PM Bramh paso a nivel 33 gano HP: 8
8/7/2021 7:47:14 PM Bramh paso a nivel 34 gano HP: 10
8/7/2021 7:47:23 PM Bramh paso a nivel 35 gano HP: 7
8/7/2021 7:47:23 PM Bramh paso a nivel 36 gano HP: 7
8/7/2021 7:47:25 PM Bramh paso a nivel 37 gano HP: 10
8/7/2021 7:47:27 PM Kolper paso a nivel 2 gano HP: 7
8/7/2021 7:47:29 PM Kolper paso a nivel 3 gano HP: 6
8/7/2021 7:47:32 PM Nashe paso a nivel 37 gano HP: 7
8/7/2021 7:47:33 PM Kolper paso a nivel 4 gano HP: 8
8/7/2021 7:47:34 PM Nashe paso a nivel 38 gano HP: 7
8/7/2021 7:47:36 PM Nashe paso a nivel 39 gano HP: 7
8/7/2021 7:47:49 PM Kolper paso a nivel 5 gano HP: 6
8/7/2021 7:47:51 PM Kayser paso a nivel 38 gano HP: 7
8/7/2021 7:47:54 PM Kayser paso a nivel 39 gano HP: 7
8/7/2021 7:48:00 PM Kayser paso a nivel 40 gano HP: 6
8/7/2021 7:48:48 PM Kolper paso a nivel 6 gano HP: 6
8/7/2021 7:48:58 PM Kolper paso a nivel 7 gano HP: 8
8/7/2021 7:48:58 PM Kolper paso a nivel 8 gano HP: 8
8/7/2021 7:48:58 PM Kolper paso a nivel 9 gano HP: 7
8/7/2021 7:48:58 PM Kolper paso a nivel 10 gano HP: 6
8/7/2021 7:48:58 PM Kolper paso a nivel 11 gano HP: 8
8/7/2021 7:48:58 PM Kolper paso a nivel 12 gano HP: 7
8/7/2021 7:48:58 PM Kolper paso a nivel 13 gano HP: 7
8/7/2021 7:48:58 PM Kolper paso a nivel 14 gano HP: 5
8/7/2021 7:48:58 PM Kolper paso a nivel 15 gano HP: 5
8/7/2021 7:48:58 PM Kolper paso a nivel 16 gano HP: 7
8/7/2021 7:48:58 PM Kolper paso a nivel 17 gano HP: 8
8/7/2021 7:48:58 PM Kolper paso a nivel 18 gano HP: 7
8/7/2021 7:48:58 PM Kolper paso a nivel 19 gano HP: 5
8/7/2021 7:48:58 PM Kolper paso a nivel 20 gano HP: 7
8/7/2021 7:48:58 PM Kolper paso a nivel 21 gano HP: 8
8/7/2021 7:48:58 PM Kolper paso a nivel 22 gano HP: 6
8/7/2021 7:48:58 PM Kolper paso a nivel 23 gano HP: 6
8/7/2021 7:48:58 PM Kolper paso a nivel 24 gano HP: 7
8/7/2021 7:48:58 PM Kolper paso a nivel 25 gano HP: 5
8/7/2021 7:48:58 PM Kolper paso a nivel 26 gano HP: 7
8/7/2021 7:48:58 PM Kolper paso a nivel 27 gano HP: 8
8/7/2021 7:48:58 PM Kolper paso a nivel 28 gano HP: 6
8/7/2021 7:48:58 PM Kolper paso a nivel 29 gano HP: 7
8/7/2021 7:48:58 PM Kolper paso a nivel 30 gano HP: 7
8/7/2021 7:48:58 PM Kolper paso a nivel 31 gano HP: 5
8/7/2021 7:48:58 PM Kolper paso a nivel 32 gano HP: 5
8/7/2021 7:48:58 PM Kolper paso a nivel 33 gano HP: 6
8/7/2021 7:48:58 PM Kolper paso a nivel 34 gano HP: 6
8/7/2021 7:49:00 PM Kolper paso a nivel 35 gano HP: 7
8/7/2021 7:49:00 PM Kolper paso a nivel 36 gano HP: 7
8/7/2021 7:49:01 PM Kolper paso a nivel 37 gano HP: 8
8/7/2021 7:49:11 PM Kolper paso a nivel 38 gano HP: 6
8/7/2021 7:50:24 PM Kolper paso a nivel 39 gano HP: 6
8/7/2021 7:50:49 PM Bramh paso a nivel 38 gano HP: 7
8/7/2021 7:50:53 PM Bramh paso a nivel 39 gano HP: 8
8/7/2021 7:51:31 PM Moe SzyslaK paso a nivel 17 gano HP: 7
8/7/2021 7:51:31 PM Moe SzyslaK paso a nivel 18 gano HP: 8
8/7/2021 7:51:31 PM Moe SzyslaK paso a nivel 19 gano HP: 7
8/7/2021 7:51:31 PM Moe SzyslaK paso a nivel 20 gano HP: 8
8/7/2021 7:51:31 PM Moe SzyslaK paso a nivel 21 gano HP: 8
8/7/2021 7:51:31 PM Moe SzyslaK paso a nivel 22 gano HP: 8
8/7/2021 7:51:31 PM Moe SzyslaK paso a nivel 23 gano HP: 7
8/7/2021 7:51:31 PM Moe SzyslaK paso a nivel 24 gano HP: 6
8/7/2021 7:51:31 PM Moe SzyslaK paso a nivel 25 gano HP: 6
8/7/2021 7:51:31 PM Moe SzyslaK paso a nivel 26 gano HP: 7
8/7/2021 7:51:31 PM Moe SzyslaK paso a nivel 27 gano HP: 9
8/7/2021 7:51:31 PM Moe SzyslaK paso a nivel 28 gano HP: 8
8/7/2021 7:51:31 PM Moe SzyslaK paso a nivel 29 gano HP: 8
8/7/2021 7:51:31 PM Moe SzyslaK paso a nivel 30 gano HP: 9
8/7/2021 7:51:31 PM Moe SzyslaK paso a nivel 31 gano HP: 7
8/7/2021 7:51:31 PM Moe SzyslaK paso a nivel 32 gano HP: 7
8/7/2021 7:51:31 PM Moe SzyslaK paso a nivel 33 gano HP: 9
8/7/2021 7:51:31 PM Moe SzyslaK paso a nivel 34 gano HP: 7
8/7/2021 7:51:32 PM Kolper juntó del piso 10000 Monedas de Oro Mapa: 13 X: 70 Y: 698
8/7/2021 7:51:34 PM Moe SzyslaK paso a nivel 35 gano HP: 8
8/7/2021 7:51:34 PM Moe SzyslaK paso a nivel 36 gano HP: 9
8/7/2021 7:51:36 PM Moe SzyslaK paso a nivel 37 gano HP: 6
8/7/2021 7:51:36 PM Kolper juntó del piso 10000 Monedas de Oro Mapa: 13 X: 70 Y: 698
8/7/2021 7:51:36 PM Moe SzyslaK paso a nivel 38 gano HP: 9
8/7/2021 7:51:37 PM Moe SzyslaK paso a nivel 39 gano HP: 8
8/7/2021 7:51:38 PM Moe SzyslaK paso a nivel 40 gano HP: 9
8/7/2021 7:51:39 PM Kolper juntó del piso 10000 Monedas de Oro Mapa: 13 X: 69 Y: 698
8/7/2021 7:51:41 PM Moe SzyslaK paso a nivel 41 gano HP: 10
8/7/2021 7:51:41 PM Kolper juntó del piso 10000 Monedas de Oro Mapa: 13 X: 70 Y: 698
8/7/2021 7:51:43 PM Kolper juntó del piso 10000 Monedas de Oro Mapa: 13 X: 69 Y: 698
8/7/2021 7:51:48 PM Kolper juntó del piso 10000 Monedas de Oro Mapa: 13 X: 69 Y: 698
8/7/2021 7:51:49 PM Kolper juntó del piso 10000 Monedas de Oro Mapa: 13 X: 69 Y: 698
8/7/2021 7:52:10 PM PuPy paso a nivel 15 gano HP: 7
8/7/2021 7:53:00 PM Kolper juntó del piso 10000 Monedas de Oro Mapa: 1 X: 151 Y: 1233
8/7/2021 7:53:30 PM Kayser compró del NPC 1000 Poción Roja
8/7/2021 7:53:53 PM Kayser compró del NPC 1000 Poción Azul
8/7/2021 7:54:09 PM Bramh compró del NPC 1 Invocar Elemental de Agua
8/7/2021 7:57:36 PM Bramh juntó del piso 10000 Monedas de Oro Mapa: 1 X: 149 Y: 1238
8/7/2021 7:57:37 PM Bramh juntó del piso 10000 Monedas de Oro Mapa: 1 X: 153 Y: 1237
8/7/2021 7:58:56 PM Kolper compró del NPC 1000 Poción Azul
8/7/2021 7:58:57 PM Kolper compró del NPC 1000 Poción Azul
8/7/2021 7:58:58 PM Kolper compró del NPC 1000 Poción Azul
8/7/2021 7:58:59 PM Kolper compró del NPC 1000 Poción Azul
8/7/2021 7:59:00 PM Kolper compró del NPC 1000 Poción Roja
8/7/2021 7:59:18 PM Kolper compró del NPC 1000 Poción Azul
8/7/2021 7:59:18 PM Kolper compró del NPC 1000 Poción Azul
8/7/2021 7:59:19 PM Kolper compró del NPC 1000 Poción Azul
8/7/2021 7:59:20 PM Kolper compró del NPC 1000 Poción Azul
8/7/2021 7:59:20 PM Kolper compró del NPC 1000 Poción Azul
8/7/2021 7:59:21 PM Kolper compró del NPC 1000 Poción Azul
8/7/2021 7:59:25 PM Kolper compró del NPC 1000 Poción Roja
8/7/2021 7:59:25 PM Kolper compró del NPC 1000 Poción Roja
8/7/2021 8:00:06 PM MelKoR paso a nivel 2 gano HP: 9
8/7/2021 8:00:07 PM MelKoR paso a nivel 3 gano HP: 8
8/7/2021 8:00:07 PM MelKoR paso a nivel 4 gano HP: 8
8/7/2021 8:00:12 PM MelKoR paso a nivel 5 gano HP: 8
8/7/2021 8:00:19 PM MelKoR paso a nivel 6 gano HP: 8
8/7/2021 8:00:20 PM MelKoR paso a nivel 7 gano HP: 9
8/7/2021 8:00:26 PM MelKoR paso a nivel 8 gano HP: 7
8/7/2021 8:00:36 PM MelKoR paso a nivel 9 gano HP: 8
8/7/2021 8:00:42 PM MelKoR paso a nivel 10 gano HP: 8
8/7/2021 8:00:52 PM MelKoR paso a nivel 11 gano HP: 9
8/7/2021 8:01:11 PM MelKoR paso a nivel 12 gano HP: 7
8/7/2021 8:01:25 PM MelKoR paso a nivel 13 gano HP: 6
8/7/2021 8:01:27 PM Kayser juntó del piso 10000 Monedas de Oro Mapa: 1 X: 954 Y: 199
8/7/2021 8:06:31 PM Nashe compró del NPC 1000 Poción Roja
8/7/2021 8:06:31 PM Nashe compró del NPC 1000 Poción Roja
8/7/2021 8:06:31 PM Nashe compró del NPC 1000 Poción Roja
8/7/2021 8:06:31 PM Nashe compró del NPC 1000 Poción Roja
8/7/2021 8:06:33 PM Nashe compró del NPC 1000 Poción Azul
8/7/2021 8:06:33 PM Nashe compró del NPC 1000 Poción Azul
8/7/2021 8:06:33 PM Nashe compró del NPC 1000 Poción Azul
8/7/2021 8:06:33 PM Nashe compró del NPC 1000 Poción Azul
8/7/2021 8:11:30 PM PuPy paso a nivel 16 gano HP: 7
8/7/2021 8:19:34 PM PuPy paso a nivel 17 gano HP: 9
8/7/2021 8:21:03 PM MelKoR paso a nivel 14 gano HP: 7
8/7/2021 8:25:31 PM MelKoR paso a nivel 15 gano HP: 9
8/7/2021 8:29:58 PM PuPy paso a nivel 18 gano HP: 8
8/7/2021 8:30:03 PM MelKoR paso a nivel 16 gano HP: 6
8/7/2021 8:30:12 PM MelKoR paso a nivel 17 gano HP: 8
8/7/2021 8:30:27 PM MelKoR paso a nivel 18 gano HP: 9
8/7/2021 8:30:46 PM MelKoR paso a nivel 19 gano HP: 9
8/7/2021 8:31:01 PM PuPy paso a nivel 19 gano HP: 9
8/7/2021 8:35:23 PM Kolper juntó del piso 10000 Monedas de Oro Mapa: 14 X: 90 Y: 57
8/7/2021 8:35:23 PM Kolper juntó del piso 10000 Monedas de Oro Mapa: 14 X: 91 Y: 57
8/7/2021 8:35:23 PM Kolper juntó del piso 10000 Monedas de Oro Mapa: 14 X: 92 Y: 57
8/7/2021 8:35:23 PM Kolper juntó del piso 10000 Monedas de Oro Mapa: 14 X: 92 Y: 56
8/7/2021 8:35:24 PM Kolper juntó del piso 10000 Monedas de Oro Mapa: 14 X: 92 Y: 55
8/7/2021 8:35:24 PM Kolper juntó del piso 10000 Monedas de Oro Mapa: 14 X: 91 Y: 55
8/7/2021 8:35:24 PM Kolper juntó del piso 10000 Monedas de Oro Mapa: 14 X: 90 Y: 55
8/7/2021 8:35:24 PM Kolper juntó del piso 10000 Monedas de Oro Mapa: 14 X: 90 Y: 56
8/7/2021 8:35:24 PM Kolper juntó del piso 10000 Monedas de Oro Mapa: 14 X: 91 Y: 56
8/7/2021 8:35:25 PM Kolper juntó del piso 10000 Monedas de Oro Mapa: 14 X: 89 Y: 54
8/7/2021 8:41:38 PM Kolper juntó del piso 10000 Monedas de Oro Mapa: 12 X: 112 Y: 110
8/7/2021 8:41:38 PM Kolper juntó del piso 10000 Monedas de Oro Mapa: 12 X: 113 Y: 110
8/7/2021 8:41:38 PM Kolper juntó del piso 10000 Monedas de Oro Mapa: 12 X: 113 Y: 109
8/7/2021 8:41:39 PM Kolper juntó del piso 10000 Monedas de Oro Mapa: 12 X: 114 Y: 109
8/7/2021 8:41:39 PM Kolper juntó del piso 10000 Monedas de Oro Mapa: 12 X: 112 Y: 109
8/7/2021 8:43:09 PM Kolper juntó del piso 10000 Monedas de Oro Mapa: 12 X: 114 Y: 113
8/7/2021 8:43:10 PM Kolper juntó del piso 10000 Monedas de Oro Mapa: 12 X: 116 Y: 114
8/7/2021 8:43:10 PM Kolper juntó del piso 10000 Monedas de Oro Mapa: 12 X: 115 Y: 114
8/7/2021 8:43:11 PM Kolper juntó del piso 10000 Monedas de Oro Mapa: 12 X: 115 Y: 113
8/7/2021 8:43:11 PM Kolper juntó del piso 10000 Monedas de Oro Mapa: 12 X: 113 Y: 113
8/7/2021 8:43:11 PM Kolper juntó del piso 10000 Monedas de Oro Mapa: 12 X: 114 Y: 114
8/7/2021 8:43:12 PM Kolper juntó del piso 10000 Monedas de Oro Mapa: 12 X: 114 Y: 115
8/7/2021 8:43:12 PM Kolper juntó del piso 10000 Monedas de Oro Mapa: 12 X: 114 Y: 116
8/7/2021 8:43:12 PM Kolper juntó del piso 10000 Monedas de Oro Mapa: 12 X: 115 Y: 116
8/7/2021 8:43:12 PM Kolper juntó del piso 10000 Monedas de Oro Mapa: 12 X: 116 Y: 116
8/7/2021 8:43:12 PM Kolper juntó del piso 10000 Monedas de Oro Mapa: 12 X: 116 Y: 115
8/7/2021 8:43:13 PM Kolper juntó del piso 10000 Monedas de Oro Mapa: 12 X: 115 Y: 115
8/7/2021 8:44:25 PM Moe SzyslaK juntó del piso 9519 Monedas de Oro Mapa: 17 X: 170 Y: 51
8/7/2021 8:45:08 PM Moe SzyslaK juntó del piso 9461 Monedas de Oro Mapa: 17 X: 169 Y: 26
8/7/2021 8:51:50 PM Moe SzyslaK juntó del piso 9581 Monedas de Oro Mapa: 1 X: 261 Y: 899
8/7/2021 8:51:57 PM Kolper tiró al piso 7908 Poción Azul Mapa: 5 X: 150 Y: 16
8/7/2021 8:52:44 PM Kolper juntó del piso 10000 Monedas de Oro Mapa: 5 X: 150 Y: 15
8/7/2021 8:55:43 PM Kolper tiró al piso 8669 Poción Azul Mapa: 32 X: 103 Y: 173
8/7/2021 8:55:51 PM Moe SzyslaK juntó del piso 9297 Monedas de Oro Mapa: 13 X: 163 Y: 409
8/7/2021 8:56:01 PM Kolper juntó del piso 10000 Monedas de Oro Mapa: 32 X: 106 Y: 174
8/7/2021 8:56:01 PM Kolper juntó del piso 10000 Monedas de Oro Mapa: 32 X: 106 Y: 173
8/7/2021 8:56:02 PM Kolper juntó del piso 10000 Monedas de Oro Mapa: 32 X: 102 Y: 174
8/7/2021 8:56:15 PM Moe SzyslaK juntó del piso 9400 Monedas de Oro Mapa: 13 X: 161 Y: 433
8/7/2021 9:04:24 PM Moe SzyslaK compró del NPC 1000 Poción Roja
8/7/2021 9:04:26 PM Moe SzyslaK compró del NPC 1000 Poción Azul
8/8/2021 4:42:37 AM Nhew paso a nivel 14 gano HP: 6
8/8/2021 4:58:10 AM Nhew paso a nivel 15 gano HP: 10
8/8/2021 5:01:48 AM Nhew paso a nivel 16 gano HP: 9
8/8/2021 5:01:48 AM Nhew paso a nivel 17 gano HP: 7
8/8/2021 5:01:48 AM Nhew paso a nivel 18 gano HP: 11
8/8/2021 5:01:48 AM Nhew paso a nivel 19 gano HP: 7
8/8/2021 5:01:48 AM Nhew paso a nivel 20 gano HP: 9
8/8/2021 5:01:48 AM Nhew paso a nivel 21 gano HP: 9
8/8/2021 5:01:48 AM Nhew paso a nivel 22 gano HP: 9
8/8/2021 5:01:48 AM Nhew paso a nivel 23 gano HP: 9
8/8/2021 5:01:48 AM Nhew paso a nivel 24 gano HP: 9
8/8/2021 5:01:48 AM Nhew paso a nivel 25 gano HP: 10
8/8/2021 5:01:48 AM Nhew paso a nivel 26 gano HP: 11
8/8/2021 5:01:48 AM Nhew paso a nivel 27 gano HP: 9
8/8/2021 5:01:48 AM Nhew paso a nivel 28 gano HP: 7
8/8/2021 5:01:48 AM Nhew paso a nivel 29 gano HP: 9
8/8/2021 5:01:48 AM Nhew paso a nivel 30 gano HP: 10
8/8/2021 5:01:48 AM Nhew paso a nivel 31 gano HP: 9
8/8/2021 5:01:48 AM Nhew paso a nivel 32 gano HP: 9
8/8/2021 5:01:48 AM Nhew paso a nivel 33 gano HP: 9
8/8/2021 5:01:48 AM Nhew paso a nivel 34 gano HP: 9
8/8/2021 5:25:09 AM FreireNico paso a nivel 2 gano HP: 6
8/8/2021 5:25:33 AM FreireNico paso a nivel 3 gano HP: 7
8/8/2021 5:25:59 AM FreireNico paso a nivel 4 gano HP: 7
8/8/2021 5:27:09 AM FreireNico paso a nivel 5 gano HP: 6
8/8/2021 5:27:19 AM FreireNico paso a nivel 6 gano HP: 6
8/8/2021 5:28:10 AM FreireNico paso a nivel 7 gano HP: 7
8/8/2021 5:29:15 AM FreireNico paso a nivel 8 gano HP: 6
8/8/2021 5:29:42 AM FreireNico paso a nivel 9 gano HP: 6
8/8/2021 5:30:21 AM La criatura paso a nivel 2 gano HP: 8
8/8/2021 5:30:28 AM La criatura paso a nivel 3 gano HP: 8
8/8/2021 5:30:53 AM FreireNico paso a nivel 10 gano HP: 7
8/8/2021 5:31:14 AM La criatura paso a nivel 4 gano HP: 8
8/8/2021 5:31:14 AM La criatura paso a nivel 5 gano HP: 8
8/8/2021 5:31:24 AM FreireNico paso a nivel 11 gano HP: 7
8/8/2021 5:32:18 AM La criatura paso a nivel 6 gano HP: 8
8/8/2021 5:32:21 AM La criatura paso a nivel 7 gano HP: 10
8/8/2021 5:36:13 AM Mila paso a nivel 2 gano HP: 9
8/8/2021 5:36:13 AM Mila paso a nivel 3 gano HP: 11
8/8/2021 5:37:15 AM FreireNico paso a nivel 12 gano HP: 7
8/8/2021 5:37:22 AM Mila paso a nivel 4 gano HP: 11
8/8/2021 5:41:10 AM Mila paso a nivel 5 gano HP: 8
8/8/2021 5:41:18 AM Mila paso a nivel 6 gano HP: 10
8/8/2021 5:41:59 AM FreireNico paso a nivel 13 gano HP: 7
8/8/2021 5:42:11 AM Mila paso a nivel 7 gano HP: 8
8/8/2021 5:42:20 AM Mila paso a nivel 8 gano HP: 10
8/8/2021 5:42:25 AM Mila paso a nivel 9 gano HP: 8
8/8/2021 5:59:10 AM FreireNico paso a nivel 14 gano HP: 7
8/8/2021 6:04:16 AM FreireNico paso a nivel 15 gano HP: 6
8/8/2021 6:08:39 AM FreireNico paso a nivel 16 gano HP: 5
8/8/2021 6:13:29 AM FreireNico paso a nivel 17 gano HP: 6
8/8/2021 6:15:11 AM FreireNico juntó del piso 9075 Monedas de Oro Mapa: 1 X: 76 Y: 1074
8/8/2021 6:18:57 AM FreireNico paso a nivel 18 gano HP: 8
8/8/2021 6:31:47 AM FreireNico paso a nivel 19 gano HP: 8
8/8/2021 6:59:23 AM Elias juntó del piso 10000 Monedas de Oro Mapa: 1 X: 530 Y: 1434
8/8/2021 7:12:58 AM Elias paso a nivel 22 gano HP: 8
8/8/2021 12:14:18 PM Mora paso a nivel 2 gano HP: 7
8/8/2021 12:14:35 PM Mora paso a nivel 3 gano HP: 6
8/8/2021 12:15:19 PM Mora paso a nivel 4 gano HP: 8
8/8/2021 12:15:27 PM Mora paso a nivel 5 gano HP: 7
8/8/2021 12:16:23 PM Mora paso a nivel 6 gano HP: 9
8/8/2021 12:16:28 PM Mora paso a nivel 7 gano HP: 7
8/8/2021 12:16:33 PM Mora paso a nivel 8 gano HP: 8
8/8/2021 12:16:33 PM Mora paso a nivel 9 gano HP: 6
8/8/2021 12:17:30 PM Mora paso a nivel 10 gano HP: 8
8/8/2021 12:17:46 PM Mora paso a nivel 11 gano HP: 9
8/8/2021 12:18:46 PM Mora paso a nivel 12 gano HP: 8
8/8/2021 12:20:07 PM Mora paso a nivel 13 gano HP: 6
8/8/2021 12:24:05 PM Mora paso a nivel 14 gano HP: 8
8/8/2021 12:27:01 PM Mora paso a nivel 15 gano HP: 8
8/8/2021 12:27:54 PM Mora paso a nivel 16 gano HP: 8
8/8/2021 12:30:16 PM Mora paso a nivel 17 gano HP: 6
8/8/2021 12:30:53 PM Moe SzyslaK juntó del piso 10000 Monedas de Oro Mapa: 11 X: 52 Y: 164
8/8/2021 12:30:54 PM Moe SzyslaK juntó del piso 10000 Monedas de Oro Mapa: 11 X: 51 Y: 163
8/8/2021 12:32:06 PM Moe SzyslaK juntó del piso 10000 Monedas de Oro Mapa: 11 X: 30 Y: 162
8/8/2021 12:32:07 PM Mora paso a nivel 18 gano HP: 7
8/8/2021 12:32:07 PM Moe SzyslaK juntó del piso 10000 Monedas de Oro Mapa: 11 X: 30 Y: 163
8/8/2021 12:32:08 PM Moe SzyslaK juntó del piso 10000 Monedas de Oro Mapa: 11 X: 29 Y: 162
8/8/2021 12:32:41 PM Moe SzyslaK juntó del piso 10000 Monedas de Oro Mapa: 11 X: 27 Y: 162
8/8/2021 12:33:41 PM Mora paso a nivel 19 gano HP: 7
8/8/2021 12:34:44 PM Moe SzyslaK juntó del piso 10000 Monedas de Oro Mapa: 11 X: 68 Y: 61
8/8/2021 12:34:45 PM Moe SzyslaK juntó del piso 10000 Monedas de Oro Mapa: 11 X: 67 Y: 60
8/8/2021 12:35:48 PM Moe SzyslaK juntó del piso 10000 Monedas de Oro Mapa: 11 X: 34 Y: 56
8/8/2021 12:35:48 PM Moe SzyslaK juntó del piso 10000 Monedas de Oro Mapa: 11 X: 33 Y: 55
8/8/2021 12:36:54 PM Moe SzyslaK juntó del piso 10000 Monedas de Oro Mapa: 11 X: 23 Y: 64
8/8/2021 12:36:54 PM Moe SzyslaK juntó del piso 10000 Monedas de Oro Mapa: 11 X: 23 Y: 63
8/8/2021 12:38:25 PM Moe SzyslaK juntó del piso 10000 Monedas de Oro Mapa: 11 X: 33 Y: 38
8/8/2021 12:38:26 PM Moe SzyslaK juntó del piso 10000 Monedas de Oro Mapa: 11 X: 32 Y: 39
8/8/2021 12:40:17 PM Moe SzyslaK juntó del piso 10000 Monedas de Oro Mapa: 11 X: 23 Y: 29
8/8/2021 12:40:17 PM Moe SzyslaK juntó del piso 10000 Monedas de Oro Mapa: 11 X: 24 Y: 29
8/8/2021 12:40:17 PM Moe SzyslaK juntó del piso 10000 Monedas de Oro Mapa: 11 X: 24 Y: 28
8/8/2021 12:40:18 PM Moe SzyslaK juntó del piso 10000 Monedas de Oro Mapa: 11 X: 23 Y: 28
8/8/2021 12:41:05 PM Mora paso a nivel 20 gano HP: 7
8/8/2021 12:42:26 PM Mora paso a nivel 21 gano HP: 9
8/8/2021 12:47:28 PM Mora paso a nivel 22 gano HP: 9
8/8/2021 12:49:55 PM Mora paso a nivel 23 gano HP: 7
8/8/2021 12:50:08 PM Mora juntó del piso 9986 Monedas de Oro Mapa: 13 X: 144 Y: 714
8/8/2021 12:51:55 PM Mora juntó del piso 10000 Monedas de Oro Mapa: 13 X: 155 Y: 656
8/8/2021 12:53:30 PM Moe SzyslaK compró del NPC 1 Invocar Elemental de Agua
8/8/2021 12:54:21 PM Mora paso a nivel 24 gano HP: 9
8/8/2021 12:59:41 PM Mora juntó del piso 9509 Monedas de Oro Mapa: 13 X: 161 Y: 547
8/8/2021 1:00:43 PM Mora paso a nivel 25 gano HP: 9
8/8/2021 1:04:03 PM Mora juntó del piso 9143 Monedas de Oro Mapa: 13 X: 227 Y: 373
8/8/2021 1:11:04 PM Mora paso a nivel 26 gano HP: 9
8/8/2021 1:27:11 PM Moe SzyslaK juntó del piso 10000 Monedas de Oro Mapa: 14 X: 75 Y: 106
8/8/2021 1:27:12 PM Moe SzyslaK juntó del piso 10000 Monedas de Oro Mapa: 14 X: 75 Y: 105
8/8/2021 1:27:13 PM Moe SzyslaK juntó del piso 10000 Monedas de Oro Mapa: 14 X: 75 Y: 104
8/8/2021 1:27:13 PM Moe SzyslaK juntó del piso 10000 Monedas de Oro Mapa: 14 X: 74 Y: 104
8/8/2021 1:27:14 PM Moe SzyslaK juntó del piso 10000 Monedas de Oro Mapa: 14 X: 74 Y: 105
8/8/2021 1:27:14 PM Moe SzyslaK juntó del piso 10000 Monedas de Oro Mapa: 14 X: 73 Y: 105
8/8/2021 1:27:15 PM Moe SzyslaK juntó del piso 10000 Monedas de Oro Mapa: 14 X: 73 Y: 106
8/8/2021 1:27:16 PM Moe SzyslaK juntó del piso 10000 Monedas de Oro Mapa: 14 X: 73 Y: 104
8/8/2021 1:27:16 PM Moe SzyslaK juntó del piso 10000 Monedas de Oro Mapa: 14 X: 73 Y: 103
8/8/2021 1:27:17 PM Moe SzyslaK juntó del piso 10000 Monedas de Oro Mapa: 14 X: 72 Y: 103
8/8/2021 1:32:49 PM Moe SzyslaK juntó del piso 10000 Monedas de Oro Mapa: 14 X: 73 Y: 102
8/8/2021 1:32:50 PM Moe SzyslaK juntó del piso 10000 Monedas de Oro Mapa: 14 X: 73 Y: 101
8/8/2021 1:32:50 PM Moe SzyslaK juntó del piso 10000 Monedas de Oro Mapa: 14 X: 72 Y: 101
8/8/2021 1:32:51 PM Moe SzyslaK juntó del piso 10000 Monedas de Oro Mapa: 14 X: 72 Y: 102
8/8/2021 1:32:53 PM Moe SzyslaK juntó del piso 10000 Monedas de Oro Mapa: 14 X: 74 Y: 102
8/8/2021 1:32:53 PM Moe SzyslaK juntó del piso 10000 Monedas de Oro Mapa: 14 X: 74 Y: 101
8/8/2021 1:32:54 PM Moe SzyslaK juntó del piso 10000 Monedas de Oro Mapa: 14 X: 75 Y: 102
8/8/2021 1:32:55 PM Moe SzyslaK juntó del piso 10000 Monedas de Oro Mapa: 14 X: 75 Y: 103
8/8/2021 1:32:56 PM Moe SzyslaK juntó del piso 10000 Monedas de Oro Mapa: 14 X: 75 Y: 104
8/8/2021 1:32:56 PM Moe SzyslaK juntó del piso 10000 Monedas de Oro Mapa: 14 X: 74 Y: 104
8/8/2021 1:32:57 PM Moe SzyslaK juntó del piso 10000 Monedas de Oro Mapa: 14 X: 74 Y: 103
8/8/2021 1:32:58 PM Moe SzyslaK juntó del piso 10000 Monedas de Oro Mapa: 14 X: 73 Y: 104
8/8/2021 1:43:47 PM Moe SzyslaK juntó del piso 10000 Monedas de Oro Mapa: 14 X: 96 Y: 74
8/8/2021 1:43:48 PM Moe SzyslaK juntó del piso 10000 Monedas de Oro Mapa: 14 X: 97 Y: 74
8/8/2021 1:43:49 PM Moe SzyslaK juntó del piso 10000 Monedas de Oro Mapa: 14 X: 98 Y: 70
8/8/2021 1:43:49 PM Moe SzyslaK juntó del piso 10000 Monedas de Oro Mapa: 14 X: 98 Y: 69
8/8/2021 1:43:50 PM Moe SzyslaK juntó del piso 10000 Monedas de Oro Mapa: 14 X: 94 Y: 69
8/8/2021 1:43:51 PM Moe SzyslaK juntó del piso 10000 Monedas de Oro Mapa: 14 X: 93 Y: 69
8/8/2021 1:43:51 PM Moe SzyslaK juntó del piso 10000 Monedas de Oro Mapa: 14 X: 92 Y: 69
8/8/2021 1:43:51 PM Moe SzyslaK juntó del piso 10000 Monedas de Oro Mapa: 14 X: 92 Y: 70
8/8/2021 1:43:51 PM Moe SzyslaK juntó del piso 9635 Monedas de Oro Mapa: 14 X: 92 Y: 71
8/8/2021 1:43:53 PM Moe SzyslaK juntó del piso 10000 Monedas de Oro Mapa: 14 X: 93 Y: 70
8/8/2021 1:43:53 PM Moe SzyslaK juntó del piso 10000 Monedas de Oro Mapa: 14 X: 93 Y: 71
8/8/2021 1:43:53 PM Moe SzyslaK juntó del piso 10000 Monedas de Oro Mapa: 14 X: 93 Y: 72
8/8/2021 1:43:54 PM Moe SzyslaK juntó del piso 10000 Monedas de Oro Mapa: 14 X: 93 Y: 73
8/8/2021 1:43:54 PM Moe SzyslaK juntó del piso 10000 Monedas de Oro Mapa: 14 X: 93 Y: 74
8/8/2021 1:43:54 PM Moe SzyslaK juntó del piso 10000 Monedas de Oro Mapa: 14 X: 94 Y: 74
8/8/2021 1:43:55 PM Moe SzyslaK juntó del piso 10000 Monedas de Oro Mapa: 14 X: 94 Y: 73
8/8/2021 1:43:55 PM Moe SzyslaK juntó del piso 10000 Monedas de Oro Mapa: 14 X: 94 Y: 72
8/8/2021 1:43:55 PM Moe SzyslaK juntó del piso 10000 Monedas de Oro Mapa: 14 X: 94 Y: 71
8/8/2021 1:43:55 PM Moe SzyslaK juntó del piso 10000 Monedas de Oro Mapa: 14 X: 94 Y: 70
8/8/2021 1:43:55 PM Moe SzyslaK juntó del piso 10000 Monedas de Oro Mapa: 14 X: 95 Y: 70
8/8/2021 1:43:56 PM Moe SzyslaK juntó del piso 10000 Monedas de Oro Mapa: 14 X: 95 Y: 69
8/8/2021 1:43:57 PM Moe SzyslaK juntó del piso 10000 Monedas de Oro Mapa: 14 X: 96 Y: 69
8/8/2021 1:43:57 PM Moe SzyslaK juntó del piso 10000 Monedas de Oro Mapa: 14 X: 97 Y: 69
8/8/2021 1:43:58 PM Moe SzyslaK juntó del piso 10000 Monedas de Oro Mapa: 14 X: 97 Y: 70
8/8/2021 1:43:58 PM Moe SzyslaK juntó del piso 10000 Monedas de Oro Mapa: 14 X: 97 Y: 71
8/8/2021 1:43:58 PM Moe SzyslaK juntó del piso 10000 Monedas de Oro Mapa: 14 X: 97 Y: 72
8/8/2021 1:43:58 PM Moe SzyslaK juntó del piso 10000 Monedas de Oro Mapa: 14 X: 97 Y: 73
8/8/2021 1:43:59 PM Moe SzyslaK juntó del piso 10000 Monedas de Oro Mapa: 14 X: 96 Y: 73
8/8/2021 1:43:59 PM Moe SzyslaK juntó del piso 10000 Monedas de Oro Mapa: 14 X: 95 Y: 74
8/8/2021 1:44:00 PM Moe SzyslaK juntó del piso 10000 Monedas de Oro Mapa: 14 X: 95 Y: 72
8/8/2021 1:44:00 PM Moe SzyslaK juntó del piso 10000 Monedas de Oro Mapa: 14 X: 95 Y: 71
8/8/2021 1:44:01 PM Moe SzyslaK juntó del piso 10000 Monedas de Oro Mapa: 14 X: 96 Y: 70
8/8/2021 1:44:02 PM Moe SzyslaK juntó del piso 10000 Monedas de Oro Mapa: 14 X: 96 Y: 71
8/8/2021 1:44:02 PM Moe SzyslaK juntó del piso 10000 Monedas de Oro Mapa: 14 X: 96 Y: 72
8/8/2021 1:51:05 PM Moe SzyslaK juntó del piso 10000 Monedas de Oro Mapa: 12 X: 102 Y: 103
8/8/2021 1:51:05 PM Moe SzyslaK juntó del piso 10000 Monedas de Oro Mapa: 12 X: 103 Y: 103
8/8/2021 1:51:06 PM Moe SzyslaK juntó del piso 10000 Monedas de Oro Mapa: 12 X: 104 Y: 103
8/8/2021 1:51:06 PM Moe SzyslaK juntó del piso 10000 Monedas de Oro Mapa: 12 X: 104 Y: 104
8/8/2021 1:51:07 PM Moe SzyslaK juntó del piso 10000 Monedas de Oro Mapa: 12 X: 103 Y: 104
8/8/2021 1:53:21 PM Moe SzyslaK juntó del piso 10000 Monedas de Oro Mapa: 12 X: 102 Y: 114
8/8/2021 1:53:22 PM Moe SzyslaK juntó del piso 10000 Monedas de Oro Mapa: 12 X: 102 Y: 115
8/8/2021 1:53:22 PM Moe SzyslaK juntó del piso 10000 Monedas de Oro Mapa: 12 X: 103 Y: 115
8/8/2021 1:53:23 PM Moe SzyslaK juntó del piso 10000 Monedas de Oro Mapa: 12 X: 103 Y: 114
8/8/2021 1:53:23 PM Moe SzyslaK juntó del piso 10000 Monedas de Oro Mapa: 12 X: 103 Y: 113
8/8/2021 1:54:46 PM Moe SzyslaK juntó del piso 10000 Monedas de Oro Mapa: 12 X: 102 Y: 113
8/8/2021 1:54:46 PM Moe SzyslaK juntó del piso 10000 Monedas de Oro Mapa: 12 X: 103 Y: 113
8/8/2021 1:54:47 PM Moe SzyslaK juntó del piso 10000 Monedas de Oro Mapa: 12 X: 104 Y: 113
8/8/2021 1:54:47 PM Moe SzyslaK juntó del piso 10000 Monedas de Oro Mapa: 12 X: 104 Y: 112
8/8/2021 1:54:48 PM Moe SzyslaK juntó del piso 10000 Monedas de Oro Mapa: 12 X: 104 Y: 111
8/8/2021 1:54:49 PM Moe SzyslaK juntó del piso 10000 Monedas de Oro Mapa: 12 X: 105 Y: 110
8/8/2021 1:54:49 PM Moe SzyslaK juntó del piso 10000 Monedas de Oro Mapa: 12 X: 104 Y: 110
8/8/2021 1:54:50 PM Moe SzyslaK juntó del piso 10000 Monedas de Oro Mapa: 12 X: 103 Y: 110
8/8/2021 1:54:50 PM Moe SzyslaK juntó del piso 10000 Monedas de Oro Mapa: 12 X: 102 Y: 110
8/8/2021 1:54:51 PM Moe SzyslaK juntó del piso 10000 Monedas de Oro Mapa: 12 X: 102 Y: 111
8/8/2021 1:54:51 PM Moe SzyslaK juntó del piso 10000 Monedas de Oro Mapa: 12 X: 103 Y: 111
8/8/2021 1:54:52 PM Moe SzyslaK juntó del piso 10000 Monedas de Oro Mapa: 12 X: 103 Y: 112
8/8/2021 1:57:01 PM Moe SzyslaK juntó del piso 10000 Monedas de Oro Mapa: 12 X: 118 Y: 115
8/8/2021 1:57:01 PM Moe SzyslaK juntó del piso 10000 Monedas de Oro Mapa: 12 X: 119 Y: 115
8/8/2021 1:57:02 PM Moe SzyslaK juntó del piso 10000 Monedas de Oro Mapa: 12 X: 120 Y: 115
8/8/2021 1:57:03 PM Moe SzyslaK juntó del piso 10000 Monedas de Oro Mapa: 12 X: 119 Y: 116
8/8/2021 1:59:57 PM Moe SzyslaK juntó del piso 10000 Monedas de Oro Mapa: 12 X: 141 Y: 219
8/8/2021 1:59:58 PM Moe SzyslaK juntó del piso 10000 Monedas de Oro Mapa: 12 X: 142 Y: 220
8/8/2021 1:59:58 PM Moe SzyslaK juntó del piso 10000 Monedas de Oro Mapa: 12 X: 143 Y: 219
8/8/2021 3:15:59 PM Seba paso a nivel 2 gano HP: 8
8/8/2021 3:22:09 PM Seba paso a nivel 3 gano HP: 6
8/8/2021 3:23:46 PM Seba paso a nivel 4 gano HP: 7
8/8/2021 3:23:51 PM Seba paso a nivel 5 gano HP: 6
8/8/2021 3:25:47 PM Seba paso a nivel 6 gano HP: 5
8/8/2021 3:28:48 PM Seba paso a nivel 7 gano HP: 8
8/8/2021 3:44:48 PM aknot paso a nivel 24 gano HP: 7
8/8/2021 3:45:09 PM aknot juntó del piso 10000 Monedas de Oro Mapa: 13 X: 152 Y: 402
8/8/2021 3:56:01 PM Miya paso a nivel 2 gano HP: 10
8/8/2021 3:56:01 PM Miya paso a nivel 3 gano HP: 8
8/8/2021 3:56:05 PM Miya paso a nivel 4 gano HP: 8
8/8/2021 3:56:56 PM Miya paso a nivel 5 gano HP: 8
8/8/2021 3:56:59 PM Miya paso a nivel 6 gano HP: 9
8/8/2021 3:57:00 PM Miya paso a nivel 7 gano HP: 9
8/8/2021 3:57:31 PM Miya paso a nivel 8 gano HP: 9
8/8/2021 3:57:48 PM Miya paso a nivel 9 gano HP: 8
8/8/2021 3:58:17 PM Miya paso a nivel 10 gano HP: 9
8/8/2021 3:59:52 PM Miya paso a nivel 11 gano HP: 10
8/8/2021 4:00:35 PM Miya paso a nivel 12 gano HP: 9
8/8/2021 4:00:57 PM Miya paso a nivel 13 gano HP: 8
