7/18/2021 7:09:14 AM Se conecto con ip:213.94.53.10
7/18/2021 7:09:21 AM /TELEPLOC a x:13 Y:43 Map:1
7/18/2021 7:09:22 AM /TELEPLOC a x:13 Y:43 Map:1
7/18/2021 7:09:25 AM /TELEPLOC a x:13 Y:43 Map:1
7/18/2021 7:09:27 AM /TELEPLOC a x:13 Y:43 Map:1
7/18/2021 7:09:28 AM /TELEPLOC a x:13 Y:43 Map:1
7/18/2021 7:09:29 AM /TELEPLOC a x:13 Y:43 Map:1
7/18/2021 7:09:29 AM /TELEPLOC a x:13 Y:43 Map:1
7/18/2021 7:09:30 AM /TELEPLOC a x:13 Y:43 Map:1
7/18/2021 7:09:31 AM /TELEPLOC a x:13 Y:43 Map:1
7/18/2021 7:09:38 AM /TELEPLOC a x:13 Y:43 Map:1
7/18/2021 7:09:40 AM /TELEPLOC a x:13 Y:43 Map:1
7/18/2021 7:09:42 AM /TELEPLOC a x:13 Y:43 Map:1
7/18/2021 7:09:42 AM /TELEPLOC a x:13 Y:43 Map:1
7/18/2021 7:09:42 AM /TELEPLOC a x:13 Y:43 Map:1
7/18/2021 7:09:43 AM /TELEPLOC a x:13 Y:43 Map:1
7/18/2021 7:09:44 AM /TELEPLOC a x:13 Y:43 Map:1
7/18/2021 7:09:44 AM /TELEPLOC a x:13 Y:43 Map:1
7/18/2021 7:09:45 AM /TELEPLOC a x:13 Y:43 Map:1
7/18/2021 7:09:45 AM /TELEPLOC a x:13 Y:43 Map:1
7/18/2021 7:09:46 AM /TELEPLOC a x:13 Y:43 Map:1
7/18/2021 7:09:46 AM /TELEPLOC a x:13 Y:43 Map:1
7/18/2021 7:09:47 AM /TELEPLOC a x:13 Y:43 Map:1
7/18/2021 7:09:47 AM /TELEPLOC a x:13 Y:43 Map:1
7/18/2021 7:09:48 AM /TELEPLOC a x:13 Y:43 Map:1
7/18/2021 7:09:48 AM /TELEPLOC a x:13 Y:43 Map:1
7/18/2021 7:09:49 AM /TELEPLOC a x:13 Y:43 Map:1
7/18/2021 7:09:56 AM /TELEPLOC a x:13 Y:43 Map:1
7/18/2021 7:26:24 AM Se conecto con ip:213.94.53.10
7/18/2021 7:26:27 AM /TELEPLOC a x:0 Y:0 Map:1
7/18/2021 7:26:27 AM /TELEPLOC a x:0 Y:0 Map:1
7/18/2021 7:26:28 AM /TELEPLOC a x:0 Y:0 Map:1
7/18/2021 7:26:29 AM /TELEPLOC a x:0 Y:0 Map:1
7/18/2021 7:26:31 AM /TELEPLOC a x:0 Y:0 Map:1
7/18/2021 7:27:45 AM Se conecto con ip:213.94.53.10
7/18/2021 7:28:03 AM Transportó a el yind hacia Mapa1 X:222 Y:222
7/18/2021 7:28:05 AM /TELEPLOC a x:948 Y:968 Map:1
7/18/2021 7:28:05 AM /TELEPLOC a x:948 Y:968 Map:1
7/18/2021 7:28:06 AM /TELEPLOC a x:948 Y:968 Map:1
7/18/2021 7:28:07 AM /TELEPLOC a x:948 Y:968 Map:1
7/18/2021 7:28:07 AM /TELEPLOC a x:948 Y:968 Map:1
7/18/2021 7:28:08 AM /TELEPLOC a x:948 Y:968 Map:1
7/18/2021 7:28:09 AM /TELEPLOC a x:948 Y:968 Map:1
7/18/2021 7:28:12 AM /TELEPLOC a x:948 Y:968 Map:1
7/18/2021 7:28:16 AM /TELEPLOC a x:948 Y:968 Map:1
7/18/2021 7:31:43 AM Se conecto con ip:213.94.53.10
7/18/2021 7:31:46 AM /TELEPLOC a x:0 Y:0 Map:1
7/18/2021 7:31:47 AM /TELEPLOC a x:0 Y:0 Map:1
7/18/2021 7:31:48 AM /TELEPLOC a x:0 Y:0 Map:1
7/18/2021 7:31:49 AM /TELEPLOC a x:0 Y:0 Map:1
7/18/2021 7:31:50 AM /TELEPLOC a x:0 Y:0 Map:1
7/18/2021 7:31:52 AM /TELEPLOC a x:0 Y:0 Map:1
7/18/2021 7:31:57 AM /TELEPLOC a x:0 Y:0 Map:1
7/18/2021 7:33:12 AM /TELEPLOC a x:0 Y:0 Map:28
7/18/2021 7:33:12 AM /TELEPLOC a x:0 Y:0 Map:28
7/18/2021 7:33:13 AM /TELEPLOC a x:0 Y:0 Map:28
7/18/2021 7:33:52 AM /TELEPLOC a x:21 Y:21 Map:28
7/18/2021 7:33:52 AM /TELEPLOC a x:21 Y:21 Map:28
7/18/2021 7:33:53 AM /TELEPLOC a x:21 Y:21 Map:28
7/18/2021 7:33:54 AM /TELEPLOC a x:21 Y:21 Map:28
7/18/2021 7:35:08 AM /TELEPLOC a x:21 Y:21 Map:1
7/18/2021 7:35:09 AM /TELEPLOC a x:21 Y:21 Map:1
7/18/2021 7:35:10 AM /TELEPLOC a x:21 Y:21 Map:1
7/18/2021 1:46:59 PM Se conecto con ip:213.94.53.10
7/18/2021 1:47:05 PM /TELEPLOC a x:178 Y:1241 Map:1
7/18/2021 1:47:07 PM /TELEPLOC a x:178 Y:1241 Map:1
7/18/2021 1:47:08 PM /TELEPLOC a x:178 Y:1241 Map:1
7/18/2021 1:47:46 PM /TELEPLOC a x:147 Y:1229 Map:1
7/18/2021 1:47:47 PM /TELEPLOC a x:147 Y:1229 Map:1
7/18/2021 1:47:48 PM /TELEPLOC a x:147 Y:1229 Map:1
7/18/2021 1:47:49 PM /TELEPLOC a x:147 Y:1229 Map:1
7/18/2021 1:47:54 PM /TELEPLOC a x:147 Y:1229 Map:1
7/18/2021 1:47:58 PM /TELEPLOC a x:147 Y:1229 Map:1
7/18/2021 1:48:00 PM /TELEPLOC a x:147 Y:1229 Map:1
7/18/2021 1:48:21 PM /TELEPLOC a x:308 Y:869 Map:1
7/18/2021 1:48:22 PM /TELEPLOC a x:308 Y:869 Map:1
7/18/2021 1:48:22 PM /TELEPLOC a x:308 Y:869 Map:1
7/18/2021 1:48:23 PM /TELEPLOC a x:308 Y:869 Map:1
7/18/2021 1:48:23 PM /TELEPLOC a x:308 Y:869 Map:1
7/18/2021 1:48:24 PM /TELEPLOC a x:308 Y:869 Map:1
7/18/2021 1:48:24 PM /TELEPLOC a x:308 Y:869 Map:1
7/18/2021 1:48:25 PM /TELEPLOC a x:308 Y:869 Map:1
7/18/2021 1:48:28 PM /TELEPLOC a x:308 Y:869 Map:1
7/18/2021 1:48:30 PM /TELEPLOC a x:308 Y:869 Map:1
7/18/2021 1:48:30 PM /TELEPLOC a x:308 Y:869 Map:1
7/18/2021 1:48:31 PM /TELEPLOC a x:308 Y:869 Map:1
7/18/2021 1:48:32 PM /TELEPLOC a x:308 Y:869 Map:1
7/18/2021 1:48:33 PM /TELEPLOC a x:308 Y:869 Map:1
7/18/2021 1:48:34 PM /TELEPLOC a x:308 Y:869 Map:1
7/18/2021 1:48:35 PM /TELEPLOC a x:308 Y:869 Map:1
7/18/2021 1:48:36 PM /TELEPLOC a x:308 Y:869 Map:1
7/18/2021 1:48:44 PM /TELEPLOC a x:338 Y:232 Map:1
7/18/2021 1:48:44 PM /TELEPLOC a x:338 Y:232 Map:1
7/18/2021 1:48:45 PM /TELEPLOC a x:338 Y:232 Map:1
7/18/2021 1:48:46 PM /TELEPLOC a x:338 Y:232 Map:1
7/18/2021 1:48:48 PM /TELEPLOC a x:338 Y:232 Map:1
7/18/2021 1:48:49 PM /TELEPLOC a x:338 Y:232 Map:1
7/18/2021 1:48:50 PM /TELEPLOC a x:338 Y:232 Map:1
7/18/2021 1:48:51 PM /TELEPLOC a x:338 Y:232 Map:1
7/18/2021 1:48:52 PM /TELEPLOC a x:338 Y:232 Map:1
7/18/2021 1:49:12 PM /TELEPLOC a x:926 Y:1002 Map:1
7/18/2021 1:49:13 PM /TELEPLOC a x:926 Y:1002 Map:1
7/18/2021 1:49:29 PM /TELEPLOC a x:926 Y:1002 Map:1
7/18/2021 1:49:32 PM /TELEPLOC a x:926 Y:1002 Map:1
7/18/2021 1:49:33 PM /TELEPLOC a x:926 Y:1002 Map:1
7/18/2021 1:49:33 PM /TELEPLOC a x:926 Y:1002 Map:1
7/18/2021 1:49:34 PM /TELEPLOC a x:926 Y:1002 Map:1
7/18/2021 1:49:37 PM /TELEPLOC a x:841 Y:1363 Map:1
7/18/2021 1:49:38 PM /TELEPLOC a x:841 Y:1363 Map:1
7/18/2021 1:49:39 PM /TELEPLOC a x:841 Y:1363 Map:1
7/18/2021 1:49:39 PM /TELEPLOC a x:841 Y:1363 Map:1
7/18/2021 1:49:41 PM /TELEPLOC a x:841 Y:1363 Map:1
7/18/2021 1:49:44 PM /TELEPLOC a x:841 Y:1363 Map:1
7/18/2021 1:49:45 PM /TELEPLOC a x:841 Y:1363 Map:1
7/18/2021 1:49:46 PM /TELEPLOC a x:841 Y:1363 Map:1
7/18/2021 1:49:46 PM /TELEPLOC a x:841 Y:1363 Map:1
7/18/2021 1:49:47 PM /TELEPLOC a x:841 Y:1363 Map:1
7/18/2021 1:49:47 PM /TELEPLOC a x:841 Y:1363 Map:1
7/18/2021 1:49:48 PM /TELEPLOC a x:841 Y:1363 Map:1
7/18/2021 1:49:49 PM /TELEPLOC a x:841 Y:1363 Map:1
7/18/2021 1:49:49 PM /TELEPLOC a x:841 Y:1363 Map:1
7/18/2021 1:49:50 PM /TELEPLOC a x:841 Y:1363 Map:1
7/18/2021 1:49:50 PM /TELEPLOC a x:841 Y:1363 Map:1
7/18/2021 1:49:51 PM /TELEPLOC a x:841 Y:1363 Map:1
7/18/2021 1:49:52 PM /TELEPLOC a x:841 Y:1363 Map:1
7/18/2021 1:49:53 PM /TELEPLOC a x:841 Y:1363 Map:1
7/18/2021 1:49:59 PM /TELEPLOC a x:841 Y:1363 Map:1
7/18/2021 1:50:00 PM /TELEPLOC a x:841 Y:1363 Map:1
7/18/2021 1:50:01 PM /TELEPLOC a x:841 Y:1363 Map:1
7/18/2021 1:50:01 PM /TELEPLOC a x:841 Y:1363 Map:1
7/18/2021 1:50:02 PM /TELEPLOC a x:841 Y:1363 Map:1
7/18/2021 1:50:03 PM /TELEPLOC a x:841 Y:1363 Map:1
8/7/2021 10:42:45 AM Se conecto con ip:119.12.240.246
8/7/2021 10:42:48 AM /TELEPLOC a x:0 Y:0 Map:5
8/7/2021 10:43:28 AM Sumoneo a Espantapajaros en mapa 1
8/7/2021 11:33:27 AM Se conecto con ip:119.12.240.246
8/7/2021 11:33:45 AM /IRA neosefirot Mapa:1 X:171 Y:1238
8/7/2021 11:34:04 AM /TELEPLOC a x:210 Y:1235 Map:1
8/7/2021 11:34:08 AM /TELEPLOC a x:210 Y:1235 Map:1
8/7/2021 11:34:10 AM /TELEPLOC a x:210 Y:1235 Map:1
8/7/2021 11:34:14 AM /SUM neosefirot Map:1 X:220 Y:1203
8/7/2021 11:34:46 AM /TELEPLOC a x:213 Y:1202 Map:1
8/7/2021 11:34:54 AM /TELEPLOC a x:202 Y:1268 Map:1
8/7/2021 11:34:56 AM /TELEPLOC a x:202 Y:1268 Map:1
8/7/2021 11:34:57 AM /TELEPLOC a x:202 Y:1268 Map:1
8/7/2021 11:34:59 AM /TELEPLOC a x:202 Y:1268 Map:1
8/7/2021 11:35:02 AM /TELEPLOC a x:202 Y:1268 Map:1
8/7/2021 11:35:03 AM /TELEPLOC a x:202 Y:1268 Map:1
8/7/2021 11:35:12 AM /TELEPLOC a x:624 Y:1100 Map:1
8/7/2021 11:35:12 AM /TELEPLOC a x:624 Y:1100 Map:1
8/7/2021 11:35:13 AM /TELEPLOC a x:624 Y:1100 Map:1
8/7/2021 11:35:15 AM /TELEPLOC a x:624 Y:1100 Map:1
8/7/2021 11:35:19 AM /SUM neosefirot Map:1 X:383 Y:1006
8/7/2021 11:35:26 AM /TELEPLOC a x:381 Y:1003 Map:1
8/7/2021 11:35:28 AM /TELEPLOC a x:381 Y:1003 Map:1
8/7/2021 11:35:29 AM /TELEPLOC a x:381 Y:1003 Map:1
8/7/2021 11:35:50 AM /TELEPLOC a x:197 Y:1055 Map:1
8/7/2021 11:35:52 AM /TELEPLOC a x:197 Y:1055 Map:1
8/7/2021 11:35:57 AM /TELEPLOC a x:403 Y:1140 Map:1
8/7/2021 11:35:58 AM /TELEPLOC a x:403 Y:1140 Map:1
8/7/2021 11:35:59 AM /TELEPLOC a x:403 Y:1140 Map:1
8/7/2021 11:36:01 AM /TELEPLOC a x:403 Y:1140 Map:1
8/7/2021 11:36:03 AM /TELEPLOC a x:403 Y:1140 Map:1
8/7/2021 11:36:04 AM /TELEPLOC a x:403 Y:1140 Map:1
8/7/2021 11:36:11 AM /TELEPLOC a x:235 Y:932 Map:1
8/7/2021 11:36:13 AM /TELEPLOC a x:235 Y:932 Map:1
8/7/2021 11:36:22 AM /TELEPLOC a x:308 Y:860 Map:1
8/7/2021 11:36:22 AM /TELEPLOC a x:308 Y:860 Map:1
8/7/2021 11:36:23 AM /TELEPLOC a x:308 Y:860 Map:1
8/7/2021 11:36:24 AM /TELEPLOC a x:308 Y:860 Map:1
8/7/2021 11:36:25 AM /TELEPLOC a x:308 Y:860 Map:1
8/7/2021 11:36:27 AM /TELEPLOC a x:308 Y:860 Map:1
8/7/2021 11:36:28 AM /TELEPLOC a x:308 Y:860 Map:1
8/7/2021 11:36:29 AM /TELEPLOC a x:308 Y:860 Map:1
8/7/2021 11:36:29 AM /TELEPLOC a x:308 Y:860 Map:1
8/7/2021 11:36:30 AM /TELEPLOC a x:308 Y:860 Map:1
8/7/2021 11:36:31 AM /TELEPLOC a x:308 Y:860 Map:1
8/7/2021 11:36:32 AM /TELEPLOC a x:308 Y:860 Map:1
8/7/2021 11:36:35 AM /MATA 
8/7/2021 11:36:38 AM /SUM neosefirot Map:1 X:397 Y:355
8/7/2021 11:36:45 AM /TELEPLOC a x:399 Y:355 Map:1
8/7/2021 11:36:53 AM /TELEPLOC a x:399 Y:355 Map:1
8/7/2021 11:36:54 AM /TELEPLOC a x:399 Y:355 Map:1
8/7/2021 11:36:57 AM /TELEPLOC a x:399 Y:355 Map:1
8/7/2021 11:36:58 AM /TELEPLOC a x:399 Y:355 Map:1
8/7/2021 11:36:59 AM /TELEPLOC a x:399 Y:355 Map:1
8/7/2021 11:37:00 AM /TELEPLOC a x:399 Y:355 Map:1
8/7/2021 11:37:00 AM /TELEPLOC a x:399 Y:355 Map:1
8/7/2021 11:37:01 AM /TELEPLOC a x:399 Y:355 Map:1
8/7/2021 11:37:03 AM /TELEPLOC a x:399 Y:355 Map:1
8/7/2021 11:37:14 AM /TELEPLOC a x:290 Y:293 Map:1
8/7/2021 11:37:14 AM /TELEPLOC a x:290 Y:293 Map:1
8/7/2021 11:37:15 AM /TELEPLOC a x:290 Y:293 Map:1
8/7/2021 11:37:15 AM /TELEPLOC a x:290 Y:293 Map:1
8/7/2021 11:37:16 AM /TELEPLOC a x:290 Y:293 Map:1
8/7/2021 11:37:17 AM /TELEPLOC a x:290 Y:293 Map:1
8/7/2021 11:37:17 AM /TELEPLOC a x:290 Y:293 Map:1
8/7/2021 11:37:18 AM /TELEPLOC a x:290 Y:293 Map:1
8/7/2021 11:37:19 AM /TELEPLOC a x:290 Y:293 Map:1
8/7/2021 11:37:20 AM /TELEPLOC a x:290 Y:293 Map:1
8/7/2021 11:37:44 AM /SUM neosefirot Map:1 X:307 Y:245
8/7/2021 11:39:48 AM /TELEPLOC a x:47 Y:41 Map:3
8/7/2021 11:39:49 AM /TELEPLOC a x:47 Y:41 Map:3
8/7/2021 11:39:50 AM /TELEPLOC a x:47 Y:41 Map:3
8/7/2021 11:39:53 AM /TELEPLOC a x:47 Y:41 Map:1
8/7/2021 11:41:27 AM /TELEPLOC a x:308 Y:244 Map:1
8/7/2021 11:41:32 AM /TELEPLOC a x:308 Y:244 Map:3
8/7/2021 11:41:32 AM /TELEPLOC a x:308 Y:244 Map:3
8/7/2021 11:41:34 AM /TELEPLOC a x:308 Y:244 Map:3
8/7/2021 11:43:48 AM /TELEPLOC a x:33 Y:44 Map:3
8/7/2021 11:43:48 AM /TELEPLOC a x:33 Y:44 Map:3
8/7/2021 11:43:49 AM /TELEPLOC a x:33 Y:44 Map:3
8/7/2021 11:43:49 AM /TELEPLOC a x:33 Y:44 Map:3
8/7/2021 11:43:56 AM /TELEPLOC a x:33 Y:44 Map:3
8/7/2021 11:43:58 AM /TELEPLOC a x:33 Y:44 Map:3
8/7/2021 11:43:59 AM /TELEPLOC a x:33 Y:44 Map:3
8/7/2021 11:44:02 AM /TELEPLOC a x:33 Y:44 Map:3
8/7/2021 11:44:03 AM /TELEPLOC a x:33 Y:44 Map:3
8/7/2021 11:44:06 AM /TELEPLOC a x:33 Y:44 Map:3
8/7/2021 11:45:01 AM /TELEPLOC a x:17 Y:40 Map:3
8/7/2021 11:45:02 AM /TELEPLOC a x:17 Y:40 Map:3
8/7/2021 11:45:07 AM /TELEPLOC a x:21 Y:24 Map:3
8/7/2021 11:45:08 AM /TELEPLOC a x:21 Y:24 Map:3
8/7/2021 11:45:09 AM /TELEPLOC a x:21 Y:24 Map:3
8/7/2021 11:45:10 AM /TELEPLOC a x:21 Y:24 Map:3
8/7/2021 11:45:12 AM /TELEPLOC a x:21 Y:24 Map:3
8/7/2021 11:46:19 AM /TELEPLOC a x:47 Y:41 Map:3
8/7/2021 11:46:20 AM /TELEPLOC a x:47 Y:41 Map:3
8/7/2021 11:46:21 AM /TELEPLOC a x:47 Y:41 Map:3
8/7/2021 11:46:25 AM /TELEPLOC a x:30 Y:34 Map:3
8/7/2021 11:46:31 AM /TELEPLOC a x:20 Y:34 Map:3
8/7/2021 11:46:43 AM /TELEPLOC a x:16 Y:31 Map:3
8/7/2021 11:46:44 AM /TELEPLOC a x:16 Y:31 Map:3
8/7/2021 11:46:45 AM /TELEPLOC a x:16 Y:31 Map:3
8/7/2021 11:46:46 AM /TELEPLOC a x:16 Y:31 Map:3
8/7/2021 11:46:47 AM /TELEPLOC a x:16 Y:31 Map:3
8/7/2021 11:46:50 AM /TELEPLOC a x:16 Y:31 Map:1
8/7/2021 11:46:56 AM /TELEPLOC a x:308 Y:244 Map:1
8/7/2021 11:46:56 AM /TELEPLOC a x:308 Y:244 Map:1
8/7/2021 11:46:57 AM /TELEPLOC a x:308 Y:244 Map:1
8/7/2021 11:46:58 AM /TELEPLOC a x:308 Y:244 Map:1
8/7/2021 11:46:58 AM /TELEPLOC a x:308 Y:244 Map:1
8/7/2021 11:47:00 AM /TELEPLOC a x:308 Y:244 Map:1
8/7/2021 11:47:01 AM /TELEPLOC a x:308 Y:244 Map:1
8/7/2021 11:58:20 AM Se conecto con ip:77.226.173.227
8/7/2021 11:58:51 AM Se conecto con ip:77.226.173.227
8/7/2021 12:01:49 PM Se conecto con ip:77.226.173.227
8/7/2021 12:02:02 PM /IRA neosefirot Mapa:3 X:55 Y:26
8/7/2021 12:04:49 PM el yind ha hecho un backup
8/7/2021 12:05:30 PM /TELEPLOC a x:293 Y:259 Map:1
8/7/2021 12:05:58 PM /TELEPLOC a x:233 Y:33 Map:13
8/7/2021 12:05:58 PM /TELEPLOC a x:233 Y:33 Map:13
8/7/2021 12:05:59 PM /TELEPLOC a x:233 Y:33 Map:13
8/7/2021 12:06:00 PM /TELEPLOC a x:233 Y:33 Map:13
8/7/2021 12:06:00 PM /TELEPLOC a x:233 Y:33 Map:13
8/7/2021 12:06:01 PM /TELEPLOC a x:233 Y:33 Map:13
8/7/2021 12:06:02 PM /TELEPLOC a x:233 Y:33 Map:13
8/7/2021 12:06:02 PM /TELEPLOC a x:233 Y:33 Map:13
8/7/2021 12:06:03 PM /TELEPLOC a x:233 Y:33 Map:13
8/7/2021 12:06:04 PM /TELEPLOC a x:233 Y:33 Map:13
8/7/2021 12:06:05 PM /TELEPLOC a x:233 Y:33 Map:13
8/7/2021 12:06:05 PM /TELEPLOC a x:233 Y:33 Map:13
8/7/2021 12:06:06 PM /TELEPLOC a x:233 Y:33 Map:13
8/7/2021 12:06:06 PM /TELEPLOC a x:233 Y:33 Map:13
8/7/2021 12:06:07 PM /TELEPLOC a x:233 Y:33 Map:13
8/7/2021 12:06:08 PM /TELEPLOC a x:233 Y:33 Map:13
8/7/2021 12:06:08 PM /TELEPLOC a x:233 Y:33 Map:13
8/7/2021 12:06:09 PM /TELEPLOC a x:233 Y:33 Map:13
8/7/2021 12:06:09 PM /TELEPLOC a x:233 Y:33 Map:13
8/7/2021 12:06:10 PM /TELEPLOC a x:233 Y:33 Map:13
8/7/2021 12:06:11 PM /TELEPLOC a x:233 Y:33 Map:13
8/7/2021 12:06:11 PM /TELEPLOC a x:233 Y:33 Map:13
8/7/2021 12:06:12 PM /TELEPLOC a x:233 Y:33 Map:13
8/7/2021 12:06:12 PM /TELEPLOC a x:233 Y:33 Map:13
8/7/2021 12:06:13 PM /TELEPLOC a x:233 Y:33 Map:13
8/7/2021 12:06:13 PM /TELEPLOC a x:233 Y:33 Map:13
8/7/2021 12:06:14 PM /TELEPLOC a x:233 Y:33 Map:13
8/7/2021 12:06:14 PM /TELEPLOC a x:233 Y:33 Map:13
8/7/2021 12:06:15 PM /TELEPLOC a x:233 Y:33 Map:13
8/7/2021 12:06:15 PM /TELEPLOC a x:233 Y:33 Map:13
8/7/2021 12:06:16 PM /TELEPLOC a x:233 Y:33 Map:13
8/7/2021 12:06:17 PM /TELEPLOC a x:233 Y:33 Map:13
8/7/2021 12:06:17 PM /TELEPLOC a x:233 Y:33 Map:13
8/7/2021 12:06:18 PM /TELEPLOC a x:233 Y:33 Map:13
8/7/2021 12:06:19 PM /TELEPLOC a x:233 Y:33 Map:13
8/7/2021 12:06:20 PM /TELEPLOC a x:233 Y:33 Map:13
8/7/2021 12:06:20 PM /TELEPLOC a x:233 Y:33 Map:13
8/7/2021 12:06:21 PM /TELEPLOC a x:233 Y:33 Map:13
8/7/2021 12:06:21 PM /TELEPLOC a x:233 Y:33 Map:13
8/7/2021 12:06:22 PM /TELEPLOC a x:233 Y:33 Map:13
8/7/2021 12:06:23 PM /TELEPLOC a x:233 Y:33 Map:13
8/7/2021 12:06:23 PM /TELEPLOC a x:233 Y:33 Map:13
8/7/2021 12:07:35 PM /TELEPLOC a x:186 Y:347 Map:13
8/7/2021 12:07:35 PM /TELEPLOC a x:186 Y:347 Map:13
8/7/2021 12:07:38 PM /TELEPLOC a x:186 Y:347 Map:13
8/7/2021 12:07:40 PM /TELEPLOC a x:186 Y:347 Map:13
8/7/2021 12:07:42 PM /TELEPLOC a x:186 Y:347 Map:13
8/7/2021 12:07:42 PM /TELEPLOC a x:186 Y:347 Map:13
8/7/2021 12:07:43 PM /TELEPLOC a x:186 Y:347 Map:13
8/7/2021 12:07:43 PM /TELEPLOC a x:186 Y:347 Map:13
8/7/2021 12:07:44 PM /TELEPLOC a x:186 Y:347 Map:13
8/7/2021 12:07:44 PM /TELEPLOC a x:186 Y:347 Map:13
8/7/2021 12:07:45 PM /TELEPLOC a x:186 Y:347 Map:13
8/7/2021 12:07:46 PM /TELEPLOC a x:186 Y:347 Map:13
8/7/2021 12:07:46 PM /TELEPLOC a x:186 Y:347 Map:13
8/7/2021 12:07:47 PM /TELEPLOC a x:186 Y:347 Map:13
8/7/2021 12:07:47 PM /TELEPLOC a x:186 Y:347 Map:13
8/7/2021 12:07:47 PM /TELEPLOC a x:186 Y:347 Map:13
8/7/2021 12:07:48 PM /TELEPLOC a x:186 Y:347 Map:13
8/7/2021 12:07:48 PM /TELEPLOC a x:186 Y:347 Map:13
8/7/2021 12:07:49 PM /TELEPLOC a x:186 Y:347 Map:13
8/7/2021 12:07:49 PM /TELEPLOC a x:186 Y:347 Map:13
8/7/2021 12:07:50 PM /TELEPLOC a x:186 Y:347 Map:13
8/7/2021 12:07:50 PM /TELEPLOC a x:186 Y:347 Map:13
8/7/2021 12:07:50 PM /TELEPLOC a x:186 Y:347 Map:13
8/7/2021 12:07:51 PM /TELEPLOC a x:186 Y:347 Map:13
8/7/2021 12:07:51 PM /TELEPLOC a x:186 Y:347 Map:13
8/7/2021 12:07:51 PM /TELEPLOC a x:186 Y:347 Map:13
8/7/2021 12:07:52 PM /TELEPLOC a x:186 Y:347 Map:13
8/7/2021 12:07:53 PM /TELEPLOC a x:186 Y:347 Map:13
8/7/2021 12:07:53 PM /TELEPLOC a x:186 Y:347 Map:13
8/7/2021 12:07:54 PM /TELEPLOC a x:186 Y:347 Map:13
8/7/2021 12:07:54 PM /TELEPLOC a x:186 Y:347 Map:13
8/7/2021 12:07:55 PM /TELEPLOC a x:186 Y:347 Map:13
8/7/2021 12:07:55 PM /TELEPLOC a x:186 Y:347 Map:13
8/7/2021 12:07:55 PM /TELEPLOC a x:186 Y:347 Map:13
8/7/2021 12:07:56 PM /TELEPLOC a x:186 Y:347 Map:13
8/7/2021 12:07:56 PM /TELEPLOC a x:186 Y:347 Map:13
8/7/2021 12:07:57 PM /TELEPLOC a x:186 Y:347 Map:13
8/7/2021 12:07:57 PM /TELEPLOC a x:186 Y:347 Map:13
8/7/2021 12:07:58 PM /TELEPLOC a x:186 Y:347 Map:13
8/7/2021 12:07:58 PM /TELEPLOC a x:186 Y:347 Map:13
8/7/2021 12:07:58 PM /TELEPLOC a x:186 Y:347 Map:13
8/7/2021 12:07:59 PM /TELEPLOC a x:186 Y:347 Map:13
8/7/2021 12:07:59 PM /TELEPLOC a x:186 Y:347 Map:13
8/7/2021 12:08:01 PM /TELEPLOC a x:186 Y:347 Map:13
8/7/2021 12:08:02 PM /TELEPLOC a x:186 Y:347 Map:13
8/7/2021 12:08:02 PM /TELEPLOC a x:186 Y:347 Map:13
8/7/2021 12:08:03 PM /TELEPLOC a x:186 Y:347 Map:13
8/7/2021 12:08:03 PM /TELEPLOC a x:186 Y:347 Map:13
8/7/2021 12:08:04 PM /TELEPLOC a x:186 Y:347 Map:13
8/7/2021 12:08:05 PM /TELEPLOC a x:186 Y:347 Map:13
8/7/2021 12:08:20 PM /TELEPLOC a x:186 Y:347 Map:13
8/7/2021 12:08:21 PM /TELEPLOC a x:186 Y:347 Map:13
8/7/2021 12:08:22 PM /TELEPLOC a x:186 Y:347 Map:13
8/7/2021 12:08:22 PM /TELEPLOC a x:186 Y:347 Map:13
8/7/2021 12:08:23 PM /TELEPLOC a x:186 Y:347 Map:13
8/7/2021 12:08:23 PM /TELEPLOC a x:186 Y:347 Map:13
8/7/2021 12:08:24 PM /TELEPLOC a x:186 Y:347 Map:13
8/7/2021 12:09:13 PM /TELEPLOC a x:22 Y:19 Map:1
8/7/2021 12:22:02 PM Se conecto con ip:119.12.240.246
8/7/2021 12:22:06 PM /TELEPLOC a x:0 Y:0 Map:1
8/7/2021 12:22:07 PM /TELEPLOC a x:0 Y:0 Map:1
8/7/2021 12:22:07 PM /TELEPLOC a x:0 Y:0 Map:1
8/7/2021 12:22:08 PM /TELEPLOC a x:0 Y:0 Map:1
8/7/2021 12:22:09 PM /TELEPLOC a x:0 Y:0 Map:1
8/7/2021 12:22:10 PM /TELEPLOC a x:0 Y:0 Map:1
8/7/2021 12:22:11 PM /TELEPLOC a x:0 Y:0 Map:1
8/7/2021 12:22:12 PM /TELEPLOC a x:0 Y:0 Map:1
8/7/2021 12:22:12 PM /TELEPLOC a x:0 Y:0 Map:1
8/7/2021 12:22:13 PM /TELEPLOC a x:0 Y:0 Map:1
8/7/2021 12:22:14 PM /TELEPLOC a x:0 Y:0 Map:1
8/7/2021 12:22:16 PM /TELEPLOC a x:0 Y:0 Map:1
8/7/2021 12:22:16 PM /TELEPLOC a x:0 Y:0 Map:1
8/7/2021 12:22:18 PM /TELEPLOC a x:0 Y:0 Map:1
8/7/2021 12:23:28 PM /TELEPLOC a x:47 Y:33 Map:3
8/7/2021 12:23:32 PM /TELEPLOC a x:30 Y:34 Map:3
8/7/2021 12:23:34 PM /TELEPLOC a x:30 Y:34 Map:3
8/7/2021 12:23:38 PM /TELEPLOC a x:17 Y:40 Map:3
8/7/2021 12:23:39 PM /TELEPLOC a x:17 Y:40 Map:3
8/7/2021 12:23:40 PM /TELEPLOC a x:17 Y:40 Map:3
8/7/2021 12:23:45 PM /TELEPLOC a x:33 Y:44 Map:3
8/7/2021 12:23:48 PM /TELEPLOC a x:33 Y:44 Map:3
8/7/2021 12:24:00 PM /TELEPLOC a x:59 Y:38 Map:3
8/7/2021 12:24:02 PM /TELEPLOC a x:59 Y:38 Map:3
8/7/2021 1:18:20 PM Se conecto con ip:119.12.240.246
8/7/2021 1:18:22 PM /TELEPLOC a x:195 Y:1238 Map:1
8/7/2021 1:18:24 PM /TELEPLOC a x:195 Y:1238 Map:1
8/7/2021 1:18:25 PM /TELEPLOC a x:195 Y:1238 Map:1
8/7/2021 1:18:25 PM /TELEPLOC a x:195 Y:1238 Map:1
8/7/2021 1:18:26 PM /TELEPLOC a x:195 Y:1238 Map:1
8/7/2021 1:18:28 PM /TELEPLOC a x:195 Y:1238 Map:1
8/7/2021 1:18:41 PM /TELEPLOC a x:195 Y:1238 Map:1
8/7/2021 1:18:42 PM /TELEPLOC a x:195 Y:1238 Map:1
8/7/2021 1:18:45 PM /TELEPLOC a x:195 Y:1238 Map:1
8/7/2021 1:18:47 PM /TELEPLOC a x:195 Y:1238 Map:1
8/7/2021 1:18:47 PM /TELEPLOC a x:195 Y:1238 Map:1
8/7/2021 1:18:49 PM /TELEPLOC a x:195 Y:1238 Map:1
8/7/2021 1:18:49 PM /TELEPLOC a x:195 Y:1238 Map:1
8/7/2021 1:18:51 PM /TELEPLOC a x:195 Y:1238 Map:1
8/7/2021 1:18:52 PM /TELEPLOC a x:195 Y:1238 Map:1
8/7/2021 1:18:53 PM /TELEPLOC a x:195 Y:1238 Map:1
8/7/2021 1:19:02 PM /TELEPLOC a x:195 Y:1238 Map:1
8/7/2021 1:19:11 PM /TELEPLOC a x:195 Y:1238 Map:1
8/7/2021 1:19:11 PM /TELEPLOC a x:195 Y:1238 Map:1
8/7/2021 1:19:12 PM /TELEPLOC a x:195 Y:1238 Map:1
8/7/2021 1:19:13 PM /TELEPLOC a x:195 Y:1238 Map:1
8/7/2021 1:19:13 PM /TELEPLOC a x:195 Y:1238 Map:1
8/7/2021 1:19:14 PM /TELEPLOC a x:195 Y:1238 Map:1
8/7/2021 1:19:14 PM /TELEPLOC a x:195 Y:1238 Map:1
8/7/2021 1:19:15 PM /TELEPLOC a x:195 Y:1238 Map:1
8/7/2021 1:19:15 PM /TELEPLOC a x:195 Y:1238 Map:1
8/7/2021 1:19:16 PM /TELEPLOC a x:195 Y:1238 Map:1
8/7/2021 1:19:16 PM /TELEPLOC a x:195 Y:1238 Map:1
8/7/2021 1:19:17 PM /TELEPLOC a x:195 Y:1238 Map:1
8/7/2021 1:19:18 PM /TELEPLOC a x:195 Y:1238 Map:1
8/7/2021 1:19:18 PM /TELEPLOC a x:195 Y:1238 Map:1
8/7/2021 1:19:19 PM /TELEPLOC a x:195 Y:1238 Map:1
8/7/2021 1:19:19 PM /TELEPLOC a x:195 Y:1238 Map:1
8/7/2021 1:19:21 PM /TELEPLOC a x:195 Y:1238 Map:1
8/7/2021 1:19:23 PM /TELEPLOC a x:195 Y:1238 Map:1
8/7/2021 1:42:40 PM Se conecto con ip:119.12.240.246
8/7/2021 2:02:45 PM Se conecto con ip:119.12.240.246
8/7/2021 2:04:18 PM /TELEPLOC a x:202 Y:1268 Map:1
8/7/2021 2:04:19 PM /TELEPLOC a x:202 Y:1268 Map:1
8/7/2021 2:04:19 PM /TELEPLOC a x:202 Y:1268 Map:1
8/7/2021 2:04:20 PM /TELEPLOC a x:202 Y:1268 Map:1
8/7/2021 2:04:21 PM /TELEPLOC a x:202 Y:1268 Map:1
8/7/2021 2:05:50 PM /TELEPLOC a x:187 Y:1232 Map:13
8/7/2021 2:05:50 PM /TELEPLOC a x:187 Y:1232 Map:13
8/7/2021 2:05:51 PM /TELEPLOC a x:187 Y:1232 Map:13
8/7/2021 2:05:51 PM /TELEPLOC a x:187 Y:1232 Map:13
8/7/2021 2:05:52 PM /TELEPLOC a x:187 Y:1232 Map:13
8/7/2021 2:05:53 PM /TELEPLOC a x:187 Y:1232 Map:13
8/7/2021 2:05:55 PM /TELEPLOC a x:187 Y:1232 Map:1
8/7/2021 2:05:56 PM /TELEPLOC a x:187 Y:1232 Map:1
8/7/2021 2:05:56 PM /TELEPLOC a x:187 Y:1232 Map:1
8/7/2021 2:05:58 PM /TELEPLOC a x:187 Y:1232 Map:1
8/7/2021 2:06:11 PM /MOD ORO 98000  el yind
8/7/2021 2:06:50 PM /MOD EXP 9800000  el yind
8/7/2021 2:06:55 PM /MOD EXP 9800000  el yind
8/7/2021 2:07:16 PM /MOD ORO 9800000  el yind
8/7/2021 2:07:24 PM /MOD ORO 98000  el yind
8/7/2021 2:08:21 PM /TELEPLOC a x:147 Y:1229 Map:13
8/7/2021 2:08:22 PM /TELEPLOC a x:147 Y:1229 Map:13
8/7/2021 2:08:22 PM /TELEPLOC a x:147 Y:1229 Map:13
8/7/2021 2:08:44 PM /TELEPLOC a x:109 Y:704 Map:13
8/7/2021 2:08:45 PM /TELEPLOC a x:109 Y:704 Map:13
8/7/2021 2:08:45 PM /TELEPLOC a x:109 Y:704 Map:13
8/7/2021 2:08:46 PM /TELEPLOC a x:109 Y:704 Map:13
8/7/2021 2:08:47 PM /TELEPLOC a x:109 Y:704 Map:13
8/7/2021 2:08:47 PM /TELEPLOC a x:109 Y:704 Map:13
8/7/2021 2:08:49 PM /TELEPLOC a x:109 Y:704 Map:1
8/7/2021 2:08:50 PM /TELEPLOC a x:109 Y:704 Map:1
8/7/2021 2:08:50 PM /TELEPLOC a x:109 Y:704 Map:1
8/7/2021 2:08:51 PM /TELEPLOC a x:109 Y:704 Map:1
8/7/2021 2:08:52 PM /TELEPLOC a x:109 Y:704 Map:1
8/7/2021 2:08:52 PM /TELEPLOC a x:109 Y:704 Map:1
8/7/2021 2:08:54 PM /TELEPLOC a x:109 Y:704 Map:1
8/7/2021 2:09:11 PM /TELEPLOC a x:204 Y:1207 Map:1
8/7/2021 2:09:12 PM /TELEPLOC a x:204 Y:1207 Map:1
8/7/2021 2:09:12 PM /TELEPLOC a x:204 Y:1207 Map:1
8/7/2021 2:09:13 PM /TELEPLOC a x:204 Y:1207 Map:1
8/7/2021 2:09:14 PM /TELEPLOC a x:204 Y:1207 Map:1
8/7/2021 2:09:14 PM /TELEPLOC a x:204 Y:1207 Map:1
8/7/2021 2:09:14 PM /TELEPLOC a x:204 Y:1207 Map:1
8/7/2021 2:09:15 PM /TELEPLOC a x:204 Y:1207 Map:1
8/7/2021 2:09:16 PM /TELEPLOC a x:204 Y:1207 Map:1
8/7/2021 2:09:16 PM /TELEPLOC a x:204 Y:1207 Map:1
8/7/2021 2:11:52 PM /TELEPLOC a x:242 Y:1167 Map:1
8/7/2021 2:12:44 PM Agarro:290 Objeto:Monedas de Oro
8/7/2021 2:12:50 PM Agarro:272 Objeto:Monedas de Oro
8/7/2021 2:14:49 PM /TELEPLOC a x:242 Y:1167 Map:1
8/7/2021 2:14:52 PM /TELEPLOC a x:242 Y:1167 Map:1
8/7/2021 2:14:53 PM /TELEPLOC a x:242 Y:1167 Map:1
8/7/2021 2:14:53 PM /TELEPLOC a x:242 Y:1167 Map:1
8/7/2021 2:14:54 PM /TELEPLOC a x:242 Y:1167 Map:1
8/7/2021 2:14:54 PM /TELEPLOC a x:242 Y:1167 Map:1
8/7/2021 2:14:55 PM /TELEPLOC a x:242 Y:1167 Map:1
8/7/2021 2:14:56 PM /TELEPLOC a x:242 Y:1167 Map:1
8/7/2021 2:14:56 PM /TELEPLOC a x:242 Y:1167 Map:1
8/7/2021 2:14:57 PM /TELEPLOC a x:242 Y:1167 Map:1
8/7/2021 2:14:57 PM /TELEPLOC a x:242 Y:1167 Map:1
8/7/2021 2:14:58 PM /TELEPLOC a x:242 Y:1167 Map:1
8/7/2021 2:15:05 PM /TELEPLOC a x:235 Y:932 Map:1
8/7/2021 2:15:20 PM /TELEPLOC a x:235 Y:932 Map:1
8/7/2021 2:15:22 PM /TELEPLOC a x:235 Y:932 Map:1
8/7/2021 2:15:23 PM /TELEPLOC a x:235 Y:932 Map:1
8/7/2021 2:15:24 PM /TELEPLOC a x:235 Y:932 Map:1
8/7/2021 2:15:25 PM /TELEPLOC a x:235 Y:932 Map:1
8/7/2021 2:15:25 PM /TELEPLOC a x:235 Y:932 Map:1
8/7/2021 2:15:26 PM /TELEPLOC a x:235 Y:932 Map:1
8/7/2021 2:15:27 PM /TELEPLOC a x:235 Y:932 Map:1
8/7/2021 2:15:29 PM /TELEPLOC a x:235 Y:932 Map:1
8/7/2021 2:15:30 PM /TELEPLOC a x:235 Y:932 Map:1
8/7/2021 2:15:30 PM /TELEPLOC a x:235 Y:932 Map:1
8/7/2021 2:15:31 PM /TELEPLOC a x:235 Y:932 Map:1
8/7/2021 2:16:30 PM /TELEPLOC a x:30 Y:34 Map:3
8/7/2021 2:16:30 PM /TELEPLOC a x:30 Y:34 Map:3
8/7/2021 2:16:31 PM /TELEPLOC a x:30 Y:34 Map:3
8/7/2021 2:16:32 PM /TELEPLOC a x:30 Y:34 Map:3
8/7/2021 2:16:34 PM /TELEPLOC a x:30 Y:34 Map:3
8/7/2021 2:16:35 PM /TELEPLOC a x:30 Y:34 Map:3
8/7/2021 2:16:36 PM /TELEPLOC a x:30 Y:34 Map:3
8/7/2021 2:16:44 PM /TELEPLOC a x:93 Y:14 Map:3
8/7/2021 2:16:51 PM /TELEPLOC a x:93 Y:14 Map:3
8/7/2021 2:16:52 PM /TELEPLOC a x:93 Y:14 Map:3
8/7/2021 2:16:54 PM /TELEPLOC a x:93 Y:14 Map:1
8/7/2021 2:16:55 PM /TELEPLOC a x:93 Y:14 Map:1
8/7/2021 2:16:57 PM /TELEPLOC a x:93 Y:14 Map:1
8/7/2021 2:16:58 PM /TELEPLOC a x:93 Y:14 Map:1
8/7/2021 2:16:59 PM /TELEPLOC a x:93 Y:14 Map:1
8/7/2021 2:17:00 PM /TELEPLOC a x:93 Y:14 Map:1
8/7/2021 2:17:14 PM /TELEPLOC a x:1008 Y:527 Map:1
8/7/2021 2:17:14 PM /TELEPLOC a x:1008 Y:527 Map:1
8/7/2021 2:17:15 PM /TELEPLOC a x:1008 Y:527 Map:1
8/7/2021 2:17:16 PM /TELEPLOC a x:1008 Y:527 Map:1
8/7/2021 2:17:16 PM /TELEPLOC a x:1008 Y:527 Map:1
8/7/2021 2:17:18 PM /TELEPLOC a x:1008 Y:527 Map:1
8/7/2021 2:17:25 PM /TELEPLOC a x:974 Y:554 Map:1
8/7/2021 2:17:27 PM /TELEPLOC a x:974 Y:554 Map:1
8/7/2021 2:17:27 PM /TELEPLOC a x:974 Y:554 Map:1
8/7/2021 2:17:28 PM /TELEPLOC a x:974 Y:554 Map:1
8/7/2021 2:17:29 PM /TELEPLOC a x:974 Y:554 Map:1
8/7/2021 2:17:31 PM /TELEPLOC a x:974 Y:554 Map:1
8/7/2021 2:17:32 PM /TELEPLOC a x:974 Y:554 Map:1
8/7/2021 2:17:33 PM /TELEPLOC a x:974 Y:554 Map:1
8/7/2021 2:17:34 PM /TELEPLOC a x:974 Y:554 Map:1
8/7/2021 2:17:43 PM /TELEPLOC a x:399 Y:355 Map:1
8/7/2021 2:17:44 PM /TELEPLOC a x:399 Y:355 Map:1
8/7/2021 2:22:42 PM Se conecto con ip:119.12.240.246
8/7/2021 2:22:45 PM /TELEPLOC a x:399 Y:355 Map:1
8/7/2021 2:22:47 PM /TELEPLOC a x:399 Y:355 Map:1
8/7/2021 2:22:48 PM /TELEPLOC a x:399 Y:355 Map:1
8/7/2021 2:22:49 PM /TELEPLOC a x:399 Y:355 Map:1
8/7/2021 2:22:49 PM /TELEPLOC a x:399 Y:355 Map:1
8/7/2021 2:22:50 PM /TELEPLOC a x:399 Y:355 Map:1
8/7/2021 2:23:01 PM /TELEPLOC a x:399 Y:355 Map:1
8/7/2021 2:24:01 PM /TELEPLOC a x:399 Y:355 Map:1
8/7/2021 2:24:04 PM /TELEPLOC a x:399 Y:355 Map:1
8/7/2021 2:27:36 PM Se conecto con ip:119.12.240.246
8/7/2021 3:09:52 PM Se conecto con ip:119.12.240.246
8/7/2021 3:10:03 PM /TELEPLOC a x:720 Y:631 Map:1
8/7/2021 3:10:03 PM /TELEPLOC a x:720 Y:631 Map:1
8/7/2021 3:10:05 PM /TELEPLOC a x:720 Y:631 Map:1
8/7/2021 3:10:05 PM /TELEPLOC a x:720 Y:631 Map:1
8/7/2021 3:10:06 PM /TELEPLOC a x:720 Y:631 Map:1
8/7/2021 3:10:08 PM /TELEPLOC a x:720 Y:631 Map:1
8/7/2021 3:10:10 PM /TELEPLOC a x:720 Y:631 Map:1
8/7/2021 3:10:11 PM /TELEPLOC a x:720 Y:631 Map:1
8/7/2021 3:10:37 PM /TELEPLOC a x:29 Y:54 Map:3
8/7/2021 3:10:38 PM /TELEPLOC a x:29 Y:54 Map:3
8/7/2021 3:10:40 PM /TELEPLOC a x:29 Y:54 Map:3
8/7/2021 3:13:28 PM /TELEPLOC a x:54 Y:33 Map:3
8/7/2021 3:13:30 PM /TELEPLOC a x:54 Y:33 Map:3
8/7/2021 3:13:31 PM /TELEPLOC a x:54 Y:33 Map:3
8/7/2021 3:13:33 PM /TELEPLOC a x:54 Y:33 Map:3
8/7/2021 3:13:34 PM /TELEPLOC a x:54 Y:33 Map:3
8/7/2021 3:13:34 PM /TELEPLOC a x:54 Y:33 Map:3
8/7/2021 3:13:36 PM /TELEPLOC a x:54 Y:33 Map:3
8/7/2021 3:13:36 PM /TELEPLOC a x:54 Y:33 Map:3
8/7/2021 3:13:38 PM /TELEPLOC a x:54 Y:33 Map:3
8/7/2021 3:13:41 PM /TELEPLOC a x:54 Y:33 Map:19
8/7/2021 3:13:41 PM /TELEPLOC a x:54 Y:33 Map:19
8/7/2021 3:13:42 PM /TELEPLOC a x:54 Y:33 Map:19
8/7/2021 3:13:43 PM /TELEPLOC a x:54 Y:33 Map:19
8/7/2021 3:13:43 PM /TELEPLOC a x:54 Y:33 Map:19
8/7/2021 3:13:44 PM /TELEPLOC a x:54 Y:33 Map:19
8/7/2021 3:13:44 PM /TELEPLOC a x:54 Y:33 Map:19
8/7/2021 3:13:45 PM /TELEPLOC a x:54 Y:33 Map:19
8/7/2021 3:13:46 PM /TELEPLOC a x:54 Y:33 Map:19
8/7/2021 3:13:46 PM /TELEPLOC a x:54 Y:33 Map:19
8/7/2021 3:13:47 PM /TELEPLOC a x:54 Y:33 Map:19
8/7/2021 3:13:47 PM /TELEPLOC a x:54 Y:33 Map:19
8/7/2021 3:13:48 PM /TELEPLOC a x:54 Y:33 Map:19
8/7/2021 3:13:48 PM /TELEPLOC a x:54 Y:33 Map:19
8/7/2021 3:13:49 PM /TELEPLOC a x:54 Y:33 Map:19
8/7/2021 3:13:49 PM /TELEPLOC a x:54 Y:33 Map:19
8/7/2021 3:13:50 PM /TELEPLOC a x:54 Y:33 Map:19
8/7/2021 3:13:50 PM /TELEPLOC a x:54 Y:33 Map:19
8/7/2021 3:13:51 PM /TELEPLOC a x:54 Y:33 Map:19
8/7/2021 3:13:52 PM /TELEPLOC a x:54 Y:33 Map:19
8/7/2021 3:13:52 PM /TELEPLOC a x:54 Y:33 Map:19
8/7/2021 3:13:52 PM /TELEPLOC a x:54 Y:33 Map:19
8/7/2021 3:13:53 PM /TELEPLOC a x:54 Y:33 Map:19
8/7/2021 3:13:54 PM /TELEPLOC a x:54 Y:33 Map:19
8/7/2021 3:13:55 PM /TELEPLOC a x:54 Y:33 Map:19
8/7/2021 3:13:55 PM /TELEPLOC a x:54 Y:33 Map:19
8/7/2021 3:13:56 PM /TELEPLOC a x:54 Y:33 Map:19
8/7/2021 3:13:56 PM /TELEPLOC a x:54 Y:33 Map:19
8/7/2021 3:13:57 PM /TELEPLOC a x:54 Y:33 Map:19
8/7/2021 3:13:57 PM /TELEPLOC a x:54 Y:33 Map:19
8/7/2021 3:13:58 PM /TELEPLOC a x:54 Y:33 Map:19
8/7/2021 3:13:58 PM /TELEPLOC a x:54 Y:33 Map:19
8/7/2021 3:14:01 PM /TELEPLOC a x:153 Y:187 Map:19
8/7/2021 3:14:01 PM /TELEPLOC a x:153 Y:187 Map:19
8/7/2021 3:14:01 PM /TELEPLOC a x:153 Y:187 Map:19
8/7/2021 3:14:02 PM /TELEPLOC a x:153 Y:187 Map:19
8/7/2021 3:14:02 PM /TELEPLOC a x:153 Y:187 Map:19
8/7/2021 3:14:03 PM /TELEPLOC a x:153 Y:187 Map:19
8/7/2021 3:14:03 PM /TELEPLOC a x:153 Y:187 Map:19
8/7/2021 3:14:04 PM /TELEPLOC a x:153 Y:187 Map:19
8/7/2021 3:14:05 PM /TELEPLOC a x:153 Y:187 Map:19
8/7/2021 3:14:07 PM /TELEPLOC a x:141 Y:224 Map:19
8/7/2021 3:14:08 PM /TELEPLOC a x:141 Y:224 Map:19
8/7/2021 3:14:08 PM /TELEPLOC a x:141 Y:224 Map:19
8/7/2021 3:14:09 PM /TELEPLOC a x:141 Y:224 Map:19
8/7/2021 3:14:10 PM /TELEPLOC a x:141 Y:224 Map:19
8/7/2021 3:14:10 PM /TELEPLOC a x:141 Y:224 Map:19
8/7/2021 3:14:11 PM /TELEPLOC a x:141 Y:224 Map:19
8/7/2021 3:14:12 PM /TELEPLOC a x:141 Y:224 Map:19
8/7/2021 3:14:12 PM /TELEPLOC a x:141 Y:224 Map:19
8/7/2021 3:14:13 PM /TELEPLOC a x:141 Y:224 Map:19
8/7/2021 3:14:14 PM /TELEPLOC a x:141 Y:224 Map:19
8/7/2021 3:14:14 PM /TELEPLOC a x:141 Y:224 Map:19
8/7/2021 3:14:15 PM /TELEPLOC a x:141 Y:224 Map:19
8/7/2021 3:14:16 PM /TELEPLOC a x:141 Y:224 Map:19
8/7/2021 3:14:17 PM /TELEPLOC a x:141 Y:224 Map:19
8/7/2021 3:14:17 PM /TELEPLOC a x:141 Y:224 Map:19
8/7/2021 3:14:18 PM /TELEPLOC a x:141 Y:224 Map:19
8/7/2021 3:14:21 PM /TELEPLOC a x:152 Y:287 Map:19
8/7/2021 3:14:21 PM /TELEPLOC a x:152 Y:287 Map:19
8/7/2021 3:14:22 PM /TELEPLOC a x:152 Y:287 Map:19
8/7/2021 3:14:22 PM /TELEPLOC a x:152 Y:287 Map:19
8/7/2021 3:14:23 PM /TELEPLOC a x:152 Y:287 Map:19
8/7/2021 3:14:23 PM /TELEPLOC a x:152 Y:287 Map:19
8/7/2021 3:14:24 PM /TELEPLOC a x:152 Y:287 Map:19
8/7/2021 3:14:24 PM /TELEPLOC a x:152 Y:287 Map:19
8/7/2021 3:14:25 PM /TELEPLOC a x:152 Y:287 Map:19
8/7/2021 3:14:26 PM /TELEPLOC a x:152 Y:287 Map:19
8/7/2021 3:14:26 PM /TELEPLOC a x:152 Y:287 Map:19
8/7/2021 3:14:27 PM /TELEPLOC a x:152 Y:287 Map:19
8/7/2021 3:14:27 PM /TELEPLOC a x:152 Y:287 Map:19
8/7/2021 3:14:28 PM /TELEPLOC a x:152 Y:287 Map:19
8/7/2021 3:14:28 PM /TELEPLOC a x:152 Y:287 Map:19
8/7/2021 3:14:29 PM /TELEPLOC a x:152 Y:287 Map:19
8/7/2021 3:14:31 PM /TELEPLOC a x:152 Y:287 Map:19
8/7/2021 3:14:31 PM /TELEPLOC a x:152 Y:287 Map:19
8/7/2021 3:14:32 PM /TELEPLOC a x:152 Y:287 Map:19
8/7/2021 3:14:32 PM /TELEPLOC a x:152 Y:287 Map:19
8/7/2021 3:14:33 PM /TELEPLOC a x:152 Y:287 Map:19
8/7/2021 3:14:34 PM /TELEPLOC a x:152 Y:287 Map:19
8/7/2021 3:14:35 PM /TELEPLOC a x:152 Y:287 Map:19
8/7/2021 3:14:36 PM /TELEPLOC a x:152 Y:287 Map:19
8/7/2021 3:14:37 PM /TELEPLOC a x:152 Y:287 Map:19
8/7/2021 3:14:37 PM /TELEPLOC a x:152 Y:287 Map:19
8/7/2021 3:14:40 PM /TELEPLOC a x:152 Y:287 Map:19
8/7/2021 3:14:40 PM /TELEPLOC a x:152 Y:287 Map:19
8/7/2021 3:14:41 PM /TELEPLOC a x:152 Y:287 Map:19
8/7/2021 3:14:41 PM /TELEPLOC a x:152 Y:287 Map:19
8/7/2021 3:14:43 PM /TELEPLOC a x:152 Y:287 Map:19
8/7/2021 3:14:44 PM /TELEPLOC a x:152 Y:287 Map:19
8/7/2021 3:14:44 PM /TELEPLOC a x:152 Y:287 Map:19
8/7/2021 3:14:45 PM /TELEPLOC a x:152 Y:287 Map:19
8/7/2021 3:14:46 PM /TELEPLOC a x:152 Y:287 Map:19
8/7/2021 3:14:46 PM /TELEPLOC a x:152 Y:287 Map:19
8/7/2021 3:14:47 PM /TELEPLOC a x:152 Y:287 Map:19
8/7/2021 3:14:47 PM /TELEPLOC a x:152 Y:287 Map:19
8/7/2021 3:14:48 PM /TELEPLOC a x:152 Y:287 Map:19
8/7/2021 3:14:48 PM /TELEPLOC a x:152 Y:287 Map:19
8/7/2021 3:14:49 PM /TELEPLOC a x:152 Y:287 Map:19
8/7/2021 3:14:49 PM /TELEPLOC a x:152 Y:287 Map:19
8/7/2021 3:14:50 PM /TELEPLOC a x:152 Y:287 Map:19
8/7/2021 3:14:50 PM /TELEPLOC a x:152 Y:287 Map:19
8/7/2021 3:14:51 PM /TELEPLOC a x:152 Y:287 Map:19
8/7/2021 3:14:51 PM /TELEPLOC a x:152 Y:287 Map:19
8/7/2021 3:14:52 PM /TELEPLOC a x:152 Y:287 Map:19
8/7/2021 3:14:52 PM /TELEPLOC a x:152 Y:287 Map:19
8/7/2021 3:14:53 PM /TELEPLOC a x:152 Y:287 Map:19
8/7/2021 3:14:54 PM /TELEPLOC a x:152 Y:287 Map:19
8/7/2021 3:14:55 PM /TELEPLOC a x:152 Y:287 Map:19
8/7/2021 3:14:56 PM /TELEPLOC a x:152 Y:287 Map:19
8/7/2021 3:14:56 PM /TELEPLOC a x:152 Y:287 Map:19
8/7/2021 3:14:57 PM /TELEPLOC a x:152 Y:287 Map:19
8/7/2021 3:14:58 PM /TELEPLOC a x:152 Y:287 Map:19
8/7/2021 3:14:58 PM /TELEPLOC a x:152 Y:287 Map:19
8/7/2021 3:14:59 PM /TELEPLOC a x:152 Y:287 Map:19
8/7/2021 3:14:59 PM /TELEPLOC a x:152 Y:287 Map:19
8/7/2021 3:15:00 PM /TELEPLOC a x:152 Y:287 Map:19
8/7/2021 3:15:01 PM /TELEPLOC a x:152 Y:287 Map:19
8/7/2021 3:15:01 PM /TELEPLOC a x:152 Y:287 Map:19
8/7/2021 3:15:02 PM /TELEPLOC a x:152 Y:287 Map:19
8/7/2021 3:15:02 PM /TELEPLOC a x:152 Y:287 Map:19
8/7/2021 3:15:03 PM /TELEPLOC a x:152 Y:287 Map:19
8/7/2021 3:15:04 PM /TELEPLOC a x:152 Y:287 Map:19
8/7/2021 3:15:04 PM /TELEPLOC a x:152 Y:287 Map:19
8/7/2021 3:15:05 PM /TELEPLOC a x:152 Y:287 Map:19
8/7/2021 3:15:05 PM /TELEPLOC a x:152 Y:287 Map:19
8/7/2021 3:15:06 PM /TELEPLOC a x:152 Y:287 Map:19
8/7/2021 3:15:06 PM /TELEPLOC a x:152 Y:287 Map:19
8/7/2021 3:15:08 PM /TELEPLOC a x:152 Y:287 Map:19
8/7/2021 3:15:09 PM /TELEPLOC a x:152 Y:287 Map:19
8/7/2021 3:15:09 PM /TELEPLOC a x:152 Y:287 Map:19
8/7/2021 3:15:10 PM /TELEPLOC a x:152 Y:287 Map:19
8/7/2021 3:15:11 PM /TELEPLOC a x:152 Y:287 Map:19
8/7/2021 3:15:11 PM /TELEPLOC a x:152 Y:287 Map:19
8/7/2021 3:15:12 PM /TELEPLOC a x:152 Y:287 Map:19
8/7/2021 3:15:12 PM /TELEPLOC a x:152 Y:287 Map:19
8/7/2021 3:15:13 PM /TELEPLOC a x:152 Y:287 Map:19
8/7/2021 3:15:14 PM /TELEPLOC a x:152 Y:287 Map:19
8/7/2021 3:15:14 PM /TELEPLOC a x:152 Y:287 Map:19
8/7/2021 3:15:15 PM /TELEPLOC a x:152 Y:287 Map:19
8/7/2021 3:15:15 PM /TELEPLOC a x:152 Y:287 Map:19
8/7/2021 3:15:16 PM /TELEPLOC a x:152 Y:287 Map:19
8/7/2021 3:15:17 PM /TELEPLOC a x:152 Y:287 Map:19
8/7/2021 3:15:17 PM /TELEPLOC a x:152 Y:287 Map:19
8/7/2021 3:15:18 PM /TELEPLOC a x:152 Y:287 Map:19
8/7/2021 3:15:18 PM /TELEPLOC a x:152 Y:287 Map:19
8/7/2021 3:15:19 PM /TELEPLOC a x:152 Y:287 Map:19
8/7/2021 3:15:19 PM /TELEPLOC a x:152 Y:287 Map:19
8/7/2021 3:15:20 PM /TELEPLOC a x:152 Y:287 Map:19
8/7/2021 3:15:21 PM /TELEPLOC a x:152 Y:287 Map:19
8/7/2021 3:15:22 PM /TELEPLOC a x:152 Y:287 Map:19
8/7/2021 3:15:22 PM /TELEPLOC a x:152 Y:287 Map:19
8/7/2021 3:15:23 PM /TELEPLOC a x:152 Y:287 Map:19
8/7/2021 3:15:23 PM /TELEPLOC a x:152 Y:287 Map:19
8/7/2021 3:15:24 PM /TELEPLOC a x:152 Y:287 Map:19
8/7/2021 3:15:24 PM /TELEPLOC a x:152 Y:287 Map:19
8/7/2021 3:15:25 PM /TELEPLOC a x:152 Y:287 Map:19
8/7/2021 3:15:26 PM /TELEPLOC a x:152 Y:287 Map:19
8/7/2021 3:15:26 PM /TELEPLOC a x:152 Y:287 Map:19
8/7/2021 3:15:27 PM /TELEPLOC a x:152 Y:287 Map:19
8/7/2021 3:15:27 PM /TELEPLOC a x:152 Y:287 Map:19
8/7/2021 3:15:28 PM /TELEPLOC a x:152 Y:287 Map:19
8/7/2021 3:15:29 PM /TELEPLOC a x:152 Y:287 Map:19
8/7/2021 3:15:29 PM /TELEPLOC a x:152 Y:287 Map:19
8/7/2021 3:15:30 PM /TELEPLOC a x:152 Y:287 Map:19
8/7/2021 3:15:30 PM /TELEPLOC a x:152 Y:287 Map:19
8/7/2021 3:15:31 PM /TELEPLOC a x:152 Y:287 Map:19
8/7/2021 3:15:32 PM /TELEPLOC a x:152 Y:287 Map:19
8/7/2021 3:15:33 PM /TELEPLOC a x:152 Y:287 Map:19
8/7/2021 3:15:33 PM /TELEPLOC a x:152 Y:287 Map:19
8/7/2021 3:15:34 PM /TELEPLOC a x:152 Y:287 Map:19
8/7/2021 3:15:35 PM /TELEPLOC a x:152 Y:287 Map:19
8/7/2021 3:15:35 PM /TELEPLOC a x:152 Y:287 Map:19
8/7/2021 3:15:36 PM /TELEPLOC a x:152 Y:287 Map:19
8/7/2021 3:15:36 PM /TELEPLOC a x:152 Y:287 Map:19
8/7/2021 3:15:37 PM /TELEPLOC a x:152 Y:287 Map:19
8/7/2021 3:15:37 PM /TELEPLOC a x:152 Y:287 Map:19
8/7/2021 3:15:38 PM /TELEPLOC a x:152 Y:287 Map:19
8/7/2021 3:15:38 PM /TELEPLOC a x:152 Y:287 Map:19
8/7/2021 3:15:39 PM /TELEPLOC a x:152 Y:287 Map:19
8/7/2021 3:15:39 PM /TELEPLOC a x:152 Y:287 Map:19
8/7/2021 3:15:40 PM /TELEPLOC a x:152 Y:287 Map:19
8/7/2021 3:15:40 PM /TELEPLOC a x:152 Y:287 Map:19
8/7/2021 3:15:40 PM /TELEPLOC a x:152 Y:287 Map:19
8/7/2021 3:15:41 PM /TELEPLOC a x:152 Y:287 Map:19
8/7/2021 3:15:42 PM /TELEPLOC a x:152 Y:287 Map:19
8/7/2021 3:15:42 PM /TELEPLOC a x:152 Y:287 Map:19
8/7/2021 3:15:43 PM /TELEPLOC a x:152 Y:287 Map:19
8/7/2021 3:15:43 PM /TELEPLOC a x:152 Y:287 Map:19
8/7/2021 3:16:16 PM Sumoneo a Piedra Grande en mapa 19
8/7/2021 3:16:20 PM Sumoneo a Lapida vieja en mapa 19
8/7/2021 3:16:30 PM Se conecto con ip:119.12.240.246
8/7/2021 3:17:11 PM Sumoneo a Decoracion calaveras en mapa 19
8/7/2021 3:17:30 PM Transportó a el yind hacia Mapa1 X:222 Y:22
8/7/2021 3:17:31 PM /TELEPLOC a x:172 Y:381 Map:1
8/7/2021 3:17:33 PM /TELEPLOC a x:172 Y:381 Map:1
8/7/2021 3:17:36 PM /TELEPLOC a x:172 Y:381 Map:1
8/7/2021 3:17:38 PM /TELEPLOC a x:172 Y:381 Map:1
8/7/2021 3:17:49 PM /TELEPLOC a x:33 Y:44 Map:3
8/7/2021 3:17:50 PM /TELEPLOC a x:33 Y:44 Map:3
8/7/2021 3:17:54 PM /TELEPLOC a x:33 Y:44 Map:1
8/7/2021 3:17:55 PM /TELEPLOC a x:33 Y:44 Map:1
8/7/2021 3:17:56 PM /TELEPLOC a x:33 Y:44 Map:1
8/7/2021 3:17:57 PM /TELEPLOC a x:33 Y:44 Map:1
8/7/2021 3:17:58 PM /TELEPLOC a x:33 Y:44 Map:1
8/7/2021 3:17:59 PM /TELEPLOC a x:33 Y:44 Map:1
8/7/2021 3:18:00 PM /TELEPLOC a x:33 Y:44 Map:1
8/7/2021 3:18:01 PM /TELEPLOC a x:33 Y:44 Map:1
8/7/2021 3:18:05 PM /TELEPLOC a x:974 Y:554 Map:1
8/7/2021 3:19:17 PM /TELEPLOC a x:974 Y:554 Map:1
8/7/2021 3:19:19 PM /TELEPLOC a x:974 Y:554 Map:1
8/7/2021 3:19:21 PM /TELEPLOC a x:974 Y:554 Map:1
8/7/2021 3:19:23 PM /TELEPLOC a x:974 Y:554 Map:1
8/7/2021 3:19:25 PM /TELEPLOC a x:974 Y:554 Map:1
8/7/2021 3:19:25 PM /TELEPLOC a x:974 Y:554 Map:1
8/7/2021 3:19:26 PM /TELEPLOC a x:974 Y:554 Map:1
8/7/2021 3:19:26 PM /TELEPLOC a x:974 Y:554 Map:1
8/7/2021 3:19:27 PM /TELEPLOC a x:974 Y:554 Map:1
8/7/2021 3:19:28 PM /TELEPLOC a x:974 Y:554 Map:1
8/7/2021 3:19:29 PM /TELEPLOC a x:974 Y:554 Map:1
8/7/2021 3:19:30 PM /TELEPLOC a x:974 Y:554 Map:1
8/7/2021 3:20:28 PM Sumoneo a Hombre Oso en mapa 1
8/7/2021 3:20:52 PM Sumoneo a Hombre de barro en mapa 1
8/7/2021 3:23:22 PM /TELEPLOC a x:974 Y:554 Map:1
8/7/2021 3:23:23 PM /TELEPLOC a x:974 Y:554 Map:1
8/7/2021 3:23:23 PM /TELEPLOC a x:974 Y:554 Map:1
8/7/2021 3:23:24 PM /TELEPLOC a x:974 Y:554 Map:1
8/7/2021 3:23:25 PM /TELEPLOC a x:974 Y:554 Map:1
8/7/2021 3:23:25 PM /TELEPLOC a x:974 Y:554 Map:1
8/7/2021 3:23:26 PM /TELEPLOC a x:974 Y:554 Map:1
8/7/2021 3:23:26 PM /TELEPLOC a x:974 Y:554 Map:1
8/7/2021 3:23:27 PM /TELEPLOC a x:974 Y:554 Map:1
8/7/2021 3:23:29 PM /TELEPLOC a x:974 Y:554 Map:1
8/7/2021 3:23:30 PM /TELEPLOC a x:974 Y:554 Map:1
8/7/2021 3:23:31 PM /TELEPLOC a x:974 Y:554 Map:1
8/7/2021 3:23:32 PM /TELEPLOC a x:974 Y:554 Map:1
8/7/2021 3:23:34 PM /TELEPLOC a x:974 Y:554 Map:1
8/7/2021 3:23:37 PM /TELEPLOC a x:974 Y:554 Map:3
8/7/2021 3:23:38 PM /TELEPLOC a x:974 Y:554 Map:3
8/7/2021 3:23:38 PM /TELEPLOC a x:974 Y:554 Map:3
8/7/2021 3:23:39 PM /TELEPLOC a x:974 Y:554 Map:3
8/7/2021 3:23:41 PM /TELEPLOC a x:974 Y:554 Map:3
8/7/2021 3:25:34 PM /TELEPLOC a x:54 Y:34 Map:3
8/7/2021 3:53:18 PM Se conecto con ip:168.196.245.137
8/7/2021 3:59:51 PM Se conecto con ip:168.196.245.137
8/7/2021 4:31:17 PM Se conecto con ip:119.12.240.246
8/7/2021 4:31:24 PM /IRA elias Mapa:1 X:302 Y:862
8/7/2021 4:31:31 PM Tiro cantidad:10000 Objeto:Monedas de Oro
8/7/2021 4:31:55 PM Sumoneo a Vende Beta en mapa 1
8/7/2021 4:32:15 PM /TELEPLOC a x:302 Y:860 Map:1
8/7/2021 4:32:17 PM /TELEPLOC a x:302 Y:860 Map:1
8/7/2021 4:32:19 PM /TELEPLOC a x:302 Y:860 Map:1
8/7/2021 4:32:22 PM Sumoneo a Vende Beta en mapa 1
8/7/2021 4:41:51 PM Se conecto con ip:119.12.240.246
8/7/2021 4:42:06 PM /MOD ORO 980000  shinobu
8/7/2021 4:59:31 PM Se conecto con ip:119.12.240.246
8/7/2021 4:59:32 PM /TELEPLOC a x:209 Y:1209 Map:1
8/7/2021 4:59:33 PM /TELEPLOC a x:209 Y:1209 Map:1
8/7/2021 4:59:33 PM /TELEPLOC a x:209 Y:1209 Map:1
8/7/2021 4:59:34 PM /TELEPLOC a x:209 Y:1209 Map:1
8/7/2021 4:59:35 PM /TELEPLOC a x:209 Y:1209 Map:1
8/7/2021 4:59:36 PM /TELEPLOC a x:209 Y:1209 Map:1
8/7/2021 4:59:39 PM /TELEPLOC a x:209 Y:1209 Map:1
8/7/2021 4:59:41 PM /TELEPLOC a x:209 Y:1209 Map:1
8/7/2021 4:59:43 PM /TELEPLOC a x:209 Y:1209 Map:1
8/7/2021 5:00:11 PM /TELEPLOC a x:193 Y:1206 Map:1
8/7/2021 5:00:16 PM /MATA 
