7/18/2021 6:23:28 AM Access denied for user 'root'@'localhost' (using password: NO) 93922565 - 
7/18/2021 6:23:28 AM Database went down. Reconnecting. 93922565 - 
7/18/2021 6:24:12 AM Access denied for user 'root'@'localhost' (using password: NO) 34350341 - 
7/18/2021 6:24:12 AM Database went down. Reconnecting. 34350341 - 
7/18/2021 6:52:10 AM Error cargando mapa: 31 - Pos: 62,69.Subscript out of range
7/18/2021 6:52:12 AM 60 iteraciones en CrearNpc Area:68 NroNpc:531
7/18/2021 6:52:12 AM 60 iteraciones en CrearNpc Area:68 NroNpc:510
7/18/2021 6:52:12 AM 60 iteraciones en CrearNpc Area:68 NroNpc:510
7/18/2021 6:52:12 AM 60 iteraciones en CrearNpc Area:92 NroNpc:91
7/18/2021 6:52:12 AM 60 iteraciones en CrearNpc Area:92 NroNpc:91
7/18/2021 6:52:12 AM 60 iteraciones en CrearNpc Area:92 NroNpc:91
7/18/2021 7:07:11 AM Error cargando mapa: 31 - Pos: 62,69.Subscript out of range
7/18/2021 7:07:12 AM 60 iteraciones en CrearNpc Area:68 NroNpc:531
7/18/2021 7:07:12 AM 60 iteraciones en CrearNpc Area:68 NroNpc:510
7/18/2021 7:07:12 AM 60 iteraciones en CrearNpc Area:68 NroNpc:510
7/18/2021 7:07:13 AM 60 iteraciones en CrearNpc Area:92 NroNpc:91
7/18/2021 7:07:13 AM 60 iteraciones en CrearNpc Area:92 NroNpc:91
7/18/2021 7:07:13 AM 60 iteraciones en CrearNpc Area:92 NroNpc:91
7/18/2021 7:08:58 AM Out of range value for column 'Map' at row 1 91235573 - UPDATE pjs SET Muerto=0, Escondido=0, Hambre=0, Sed=0, Desnudo=0, Ban=0, Navegando=0, Envenenado=0, Paralizado=0, PerteneceReal=0, PerteneceCaos=0, Pena=0, EjercitoReal=0, EjercitoCaos=0, CiudMatados=0, CrimMatados=0, rArCaos=0, rArReal=0, rExCaos=0, rExReal=0, recCaos=0, recReal=0, Reenlistadas=0, NivelIngreso=0, FechaIngreso=20000101, MatadosIngreso=0, NextRecompensa=0, AT1=20, AT2=20, AT3=20, AT4=15, AT5=18, SK1=0, SK2=0, SK3=0, SK4=27, SK5=0, SK6=0, SK7=0, SK8=0, SK9=0, SK10=0, SK11=0, SK12=0, SK13=0, SK14=0, SK15=0, SK16=0, SK17=0, SK18=0, SK19=0, SK20=0, Email='', Genero=2, Raza=3, Hogar=2, Clase=5, Descripcion='', Heading=4, Head=278, Body=3, Arma=12, Escudo=2, Casco=2, AlaIndex=0, UpTime=3604, LastIP='213.94.53.10', LastConnect='20210718070858', Map=202, X=6, Y=42, GLD=0, BANCO=0, MaxHP=100, MinHP=100, MaxSTA=220, MinSTA=220, MaxMAN=0, MinMAN=0, MaxHIT=12, MinHIT=11, MaxAGU=100, MinAGU=100, MaxHAM=100, MinHAM=100, SkillPtsLibres=65, EXP=4450, ELV=11, ELU=8673, UserMuertes=0, MuertesPropias=0, NpcsMuertes=0, InvCantidadItems=5, InvObj1=467, InvCant1=100, InvEqp1=0, InvObj2=468, InvCant2=100, InvEqp2=0, InvObj3=461, InvCant3=70, InvEqp3=0, InvObj4=460, InvCant4=1, InvEqp4=1, InvObj5=465, InvCant5=1, InvEqp5=1, InvObj6=0, InvCant6=0, InvEqp6=0, InvObj7=0, InvCant7=0, InvEqp7=0, InvObj8=0, InvCant8=0, InvEqp8=0, InvObj9=0, InvCant9=0, InvEqp9=0, InvObj10=0, InvCant10=0, InvEqp10=0, InvObj11=0, InvCant11=0, InvEqp11=0, InvObj12=0, InvCant12=0, InvEqp12=0, InvObj13=0, InvCant13=0, InvEqp13=0, InvObj14=0, InvCant14=0, InvEqp14=0, InvObj15=0, InvCant15=0, InvEqp15=0, InvObj16=0, InvCant16=0, InvEqp16=0, InvObj17=0, InvCant17=0, InvEqp17=0, InvObj18=0, InvCant18=0, InvEqp18=0, InvObj19=0, InvCant19=0, InvEqp19=0, InvObj20=0, InvCant20=0, InvEqp20=0, WeaponEqpSlot=4, ArmourEqpSlot=5, CascoEqpSlot=0, EscudoEqpSlot=0, AlaEqpSlot=0, BarcoSlot=0, MunicionSlot=0, AnilloSlot=0, Rep_Asesino=0, Rep_Bandido=0, Rep_Burguesia=0, Rep_Ladrones=0, Rep_Nobles=1000, Rep_Plebe=70, Rep_Promedio=178, H1=0, H2=0, H3=0, H4=0, H5=0, H6=0, H7=0, H8=0, H9=0, H10=0, H11=0, H12=0, H13=0, H14=0, H15=0, H16=0, H17=0, H18=0, H19=0, H20=0, H21=0, H22=0, H23=0, H24=0, H25=0, H26=0, H27=0, H28=0, H29=0, H30=0, H31=0, H32=0, H33=0, H34=0, H35=0, Masc1=0, Masc2=0, Masc3=0, NroMascotas=0 WHERE Id=2373
7/18/2021 7:16:13 AM Out of range value for column 'Map' at row 1 91235573 - UPDATE pjs SET Muerto=0, Escondido=0, Hambre=0, Sed=0, Desnudo=1, Ban=0, Navegando=0, Envenenado=0, Paralizado=0, PerteneceReal=0, PerteneceCaos=0, Pena=0, EjercitoReal=0, EjercitoCaos=0, CiudMatados=0, CrimMatados=0, rArCaos=0, rArReal=0, rExCaos=0, rExReal=0, recCaos=0, recReal=0, Reenlistadas=0, NivelIngreso=0, FechaIngreso=20000101, MatadosIngreso=0, NextRecompensa=0, AT1=17, AT2=21, AT3=20, AT4=20, AT5=19, SK1=100, SK2=0, SK3=0, SK4=78, SK5=0, SK6=0, SK7=3, SK8=0, SK9=12, SK10=18, SK11=0, SK12=0, SK13=58, SK14=0, SK15=0, SK16=0, SK17=100, SK18=0, SK19=65, SK20=0, Email='', Genero=1, Raza=2, Hogar=1, Clase=7, Descripcion='', Heading=4, Head=105, Body=210, Arma=15, Escudo=2, Casco=2, AlaIndex=0, UpTime=72278, LastIP='168.196.245.137', LastConnect='20210718071613', Map=202, X=5, Y=44, GLD=995725, BANCO=0, MaxHP=511, MinHP=511, MaxSTA=625, MinSTA=625, MaxMAN=1610, MinMAN=610, MaxHIT=80, MinHIT=79, MaxAGU=100, MinAGU=100, MaxHAM=100, MinHAM=100, SkillPtsLibres=0, EXP=11567476, ELV=40, ELU=141918088, UserMuertes=0, MuertesPropias=0, NpcsMuertes=96, InvCantidadItems=5, InvObj1=0, InvCant1=0, InvEqp1=0, InvObj2=556, InvCant2=1, InvEqp2=1, InvObj3=0, InvCant3=0, InvEqp3=0, InvObj4=1, InvCant4=1, InvEqp4=0, InvObj5=0, InvCant5=0, InvEqp5=0, InvObj6=0, InvCant6=0, InvEqp6=0, InvObj7=0, InvCant7=0, InvEqp7=0, InvObj8=2, InvCant8=6, InvEqp8=0, InvObj9=0, InvCant9=0, InvEqp9=0, InvObj10=0, InvCant10=0, InvEqp10=0, InvObj11=0, InvCant11=0, InvEqp11=0, InvObj12=0, InvCant12=0, InvEqp12=0, InvObj13=0, InvCant13=0, InvEqp13=0, InvObj14=0, InvCant14=0, InvEqp14=0, InvObj15=0, InvCant15=0, InvEqp15=0, InvObj16=0, InvCant16=0, InvEqp16=0, InvObj17=511, InvCant17=20, InvEqp17=0, InvObj18=0, InvCant18=0, InvEqp18=0, InvObj19=0, InvCant19=0, InvEqp19=0, InvObj20=0, InvCant20=0, InvEqp20=0, WeaponEqpSlot=2, ArmourEqpSlot=0, CascoEqpSlot=0, EscudoEqpSlot=0, AlaEqpSlot=0, BarcoSlot=0, MunicionSlot=0, AnilloSlot=0, Rep_Asesino=3000, Rep_Bandido=0, Rep_Burguesia=0, Rep_Ladrones=0, Rep_Nobles=47500, Rep_Plebe=912, Rep_Promedio=7569, H1=46, H2=0, H3=2, H4=0, H5=25, H6=0, H7=0, H8=0, H9=15, H10=0, H11=0, H12=0, H13=24, H14=0, H15=0, H16=0, H17=23, H18=0, H19=0, H20=0, H21=0, H22=0, H23=0, H24=0, H25=0, H26=0, H27=0, H28=0, H29=0, H30=0, H31=0, H32=0, H33=0, H34=0, H35=0, Masc1=0, Masc2=0, Masc3=0, NroMascotas=-1 WHERE Id=2377
7/18/2021 7:25:51 AM Error cargando mapa: 31 - Pos: 62,69.Subscript out of range
7/18/2021 7:25:52 AM 60 iteraciones en CrearNpc Area:68 NroNpc:531
7/18/2021 7:25:52 AM 60 iteraciones en CrearNpc Area:68 NroNpc:510
7/18/2021 7:25:52 AM 60 iteraciones en CrearNpc Area:68 NroNpc:510
7/18/2021 7:25:53 AM 60 iteraciones en CrearNpc Area:92 NroNpc:91
7/18/2021 7:25:53 AM 60 iteraciones en CrearNpc Area:92 NroNpc:91
7/18/2021 7:25:53 AM 60 iteraciones en CrearNpc Area:92 NroNpc:91
7/18/2021 7:26:40 AM Out of range value for column 'Map' at row 1 95888645 - UPDATE pjs SET Muerto=0, Escondido=0, Hambre=0, Sed=0, Desnudo=0, Ban=0, Navegando=0, Envenenado=0, Paralizado=0, PerteneceReal=0, PerteneceCaos=0, Pena=0, EjercitoReal=0, EjercitoCaos=0, CiudMatados=0, CrimMatados=0, rArCaos=0, rArReal=0, rExCaos=0, rExReal=0, recCaos=0, recReal=0, Reenlistadas=0, NivelIngreso=0, FechaIngreso=20000101, MatadosIngreso=0, NextRecompensa=0, AT1=19, AT2=19, AT3=18, AT4=18, AT5=20, SK1=0, SK2=0, SK3=0, SK4=0, SK5=0, SK6=0, SK7=0, SK8=0, SK9=0, SK10=0, SK11=0, SK12=0, SK13=0, SK14=0, SK15=0, SK16=0, SK17=0, SK18=0, SK19=0, SK20=0, Email='', Genero=1, Raza=1, Hogar=2, Clase=2, Descripcion='', Heading=4, Head=16, Body=1, Arma=12, Escudo=2, Casco=2, AlaIndex=0, UpTime=116, LastIP='213.94.53.10', LastConnect='20210718072640', Map=202, X=6, Y=43, GLD=0, BANCO=0, MaxHP=17, MinHP=17, MaxSTA=40, MinSTA=40, MaxMAN=50, MinMAN=50, MaxHIT=2, MinHIT=1, MaxAGU=100, MinAGU=100, MaxHAM=100, MinHAM=100, SkillPtsLibres=10, EXP=0, ELV=1, ELU=300, UserMuertes=0, MuertesPropias=0, NpcsMuertes=0, InvCantidadItems=6, InvObj1=467, InvCant1=100, InvEqp1=0, InvObj2=468, InvCant2=100, InvEqp2=0, InvObj3=461, InvCant3=70, InvEqp3=0, InvObj4=491, InvCant4=100, InvEqp4=0, InvObj5=460, InvCant5=1, InvEqp5=1, InvObj6=463, InvCant6=1, InvEqp6=1, InvObj7=0, InvCant7=0, InvEqp7=0, InvObj8=0, InvCant8=0, InvEqp8=0, InvObj9=0, InvCant9=0, InvEqp9=0, InvObj10=0, InvCant10=0, InvEqp10=0, InvObj11=0, InvCant11=0, InvEqp11=0, InvObj12=0, InvCant12=0, InvEqp12=0, InvObj13=0, InvCant13=0, InvEqp13=0, InvObj14=0, InvCant14=0, InvEqp14=0, InvObj15=0, InvCant15=0, InvEqp15=0, InvObj16=0, InvCant16=0, InvEqp16=0, InvObj17=0, InvCant17=0, InvEqp17=0, InvObj18=0, InvCant18=0, InvEqp18=0, InvObj19=0, InvCant19=0, InvEqp19=0, InvObj20=0, InvCant20=0, InvEqp20=0, WeaponEqpSlot=5, ArmourEqpSlot=6, CascoEqpSlot=0, EscudoEqpSlot=0, AlaEqpSlot=0, BarcoSlot=0, MunicionSlot=0, AnilloSlot=0, Rep_Asesino=0, Rep_Bandido=0, Rep_Burguesia=0, Rep_Ladrones=0, Rep_Nobles=1000, Rep_Plebe=30, Rep_Promedio=172, H1=2, H2=0, H3=0, H4=0, H5=0, H6=0, H7=0, H8=0, H9=0, H10=0, H11=0, H12=0, H13=0, H14=0, H15=0, H16=0, H17=0, H18=0, H19=0, H20=0, H21=0, H22=0, H23=0, H24=0, H25=0, H26=0, H27=0, H28=0, H29=0, H30=0, H31=0, H32=0, H33=0, H34=0, H35=0, Masc1=0, Masc2=0, Masc3=0, NroMascotas=0 WHERE Id=2389
7/18/2021 7:28:30 AM Out of range value for column 'Map' at row 1 95888645 - UPDATE pjs SET Muerto=0, Escondido=0, Hambre=0, Sed=0, Desnudo=0, Ban=0, Navegando=0, Envenenado=0, Paralizado=0, PerteneceReal=0, PerteneceCaos=0, Pena=0, EjercitoReal=0, EjercitoCaos=0, CiudMatados=0, CrimMatados=0, rArCaos=0, rArReal=0, rExCaos=0, rExReal=0, recCaos=0, recReal=0, Reenlistadas=0, NivelIngreso=0, FechaIngreso=20000101, MatadosIngreso=0, NextRecompensa=0, AT1=19, AT2=19, AT3=18, AT4=18, AT5=20, SK1=0, SK2=0, SK3=0, SK4=0, SK5=0, SK6=0, SK7=0, SK8=0, SK9=0, SK10=0, SK11=0, SK12=0, SK13=0, SK14=0, SK15=0, SK16=0, SK17=0, SK18=0, SK19=0, SK20=0, Email='', Genero=1, Raza=1, Hogar=2, Clase=2, Descripcion='', Heading=2, Head=16, Body=1, Arma=12, Escudo=2, Casco=2, AlaIndex=0, UpTime=145, LastIP='213.94.53.10', LastConnect='20210718072830', Map=202, X=6, Y=43, GLD=0, BANCO=0, MaxHP=17, MinHP=17, MaxSTA=40, MinSTA=40, MaxMAN=50, MinMAN=50, MaxHIT=2, MinHIT=1, MaxAGU=100, MinAGU=100, MaxHAM=100, MinHAM=100, SkillPtsLibres=10, EXP=0, ELV=1, ELU=300, UserMuertes=0, MuertesPropias=0, NpcsMuertes=0, InvCantidadItems=6, InvObj1=467, InvCant1=100, InvEqp1=0, InvObj2=468, InvCant2=100, InvEqp2=0, InvObj3=461, InvCant3=70, InvEqp3=0, InvObj4=491, InvCant4=100, InvEqp4=0, InvObj5=460, InvCant5=1, InvEqp5=1, InvObj6=463, InvCant6=1, InvEqp6=1, InvObj7=0, InvCant7=0, InvEqp7=0, InvObj8=0, InvCant8=0, InvEqp8=0, InvObj9=0, InvCant9=0, InvEqp9=0, InvObj10=0, InvCant10=0, InvEqp10=0, InvObj11=0, InvCant11=0, InvEqp11=0, InvObj12=0, InvCant12=0, InvEqp12=0, InvObj13=0, InvCant13=0, InvEqp13=0, InvObj14=0, InvCant14=0, InvEqp14=0, InvObj15=0, InvCant15=0, InvEqp15=0, InvObj16=0, InvCant16=0, InvEqp16=0, InvObj17=0, InvCant17=0, InvEqp17=0, InvObj18=0, InvCant18=0, InvEqp18=0, InvObj19=0, InvCant19=0, InvEqp19=0, InvObj20=0, InvCant20=0, InvEqp20=0, WeaponEqpSlot=5, ArmourEqpSlot=6, CascoEqpSlot=0, EscudoEqpSlot=0, AlaEqpSlot=0, BarcoSlot=0, MunicionSlot=0, AnilloSlot=0, Rep_Asesino=0, Rep_Bandido=0, Rep_Burguesia=0, Rep_Ladrones=0, Rep_Nobles=1000, Rep_Plebe=30, Rep_Promedio=172, H1=2, H2=0, H3=0, H4=0, H5=0, H6=0, H7=0, H8=0, H9=0, H10=0, H11=0, H12=0, H13=0, H14=0, H15=0, H16=0, H17=0, H18=0, H19=0, H20=0, H21=0, H22=0, H23=0, H24=0, H25=0, H26=0, H27=0, H28=0, H29=0, H30=0, H31=0, H32=0, H33=0, H34=0, H35=0, Masc1=0, Masc2=0, Masc3=0, NroMascotas=0 WHERE Id=2389
7/18/2021 7:31:24 AM Error cargando mapa: 31 - Pos: 62,69.Subscript out of range
7/18/2021 7:31:26 AM 60 iteraciones en CrearNpc Area:68 NroNpc:531
7/18/2021 7:31:26 AM 60 iteraciones en CrearNpc Area:68 NroNpc:510
7/18/2021 7:31:26 AM 60 iteraciones en CrearNpc Area:68 NroNpc:510
7/18/2021 7:31:26 AM 60 iteraciones en CrearNpc Area:92 NroNpc:91
7/18/2021 7:31:26 AM 60 iteraciones en CrearNpc Area:92 NroNpc:91
7/18/2021 7:31:27 AM 60 iteraciones en CrearNpc Area:92 NroNpc:91
7/18/2021 12:08:01 PM 60 iteraciones en CrearNpc Area:57 NroNpc:634
7/18/2021 12:19:57 PM Error en MuereNpc - Error: 9 - Desc: Subscript out of range
7/18/2021 12:20:00 PM Se intento CrearNpc con Area 0 NroNpc:501
7/18/2021 12:20:02 PM Se intento CrearNpc con Area 0 NroNpc:501
7/18/2021 2:18:29 PM Error cargando mapa: 31 - Pos: 62,69.Subscript out of range
7/18/2021 2:18:30 PM 60 iteraciones en CrearNpc Area:48 NroNpc:521
7/18/2021 2:18:30 PM 60 iteraciones en CrearNpc Area:48 NroNpc:521
7/18/2021 2:26:35 PM Error cargando mapa: 31 - Pos: 62,69.Subscript out of range
7/18/2021 2:26:35 PM 60 iteraciones en CrearNpc Area:48 NroNpc:521
7/18/2021 2:26:35 PM 60 iteraciones en CrearNpc Area:48 NroNpc:521
7/18/2021 2:32:28 PM Error cargando mapa: 31 - Pos: 62,69.Subscript out of range
07/08/2021 10:53:51 Access denied for user 'root'@'localhost' (using password: YES) 111421149 - 
07/08/2021 10:53:51 Database went down. Reconnecting. 111421149 - 
07/08/2021 10:54:24 Error cargando mapa: 31 - Pos: 62,69.El subíndice está fuera del intervalo
07/08/2021 10:54:32 60 iteraciones en CrearNpc Area:68 NroNpc:531
07/08/2021 10:54:33 60 iteraciones en CrearNpc Area:68 NroNpc:510
07/08/2021 10:54:33 60 iteraciones en CrearNpc Area:68 NroNpc:510
07/08/2021 10:56:07 Error cargando mapa: 31 - Pos: 62,69.El subíndice está fuera del intervalo
07/08/2021 10:56:16 60 iteraciones en CrearNpc Area:68 NroNpc:531
07/08/2021 10:56:16 60 iteraciones en CrearNpc Area:68 NroNpc:510
07/08/2021 10:56:17 60 iteraciones en CrearNpc Area:68 NroNpc:510
07/08/2021 11:00:10 Error cargando mapa: 31 - Pos: 62,69.El subíndice está fuera del intervalo
07/08/2021 11:00:18 60 iteraciones en CrearNpc Area:68 NroNpc:531
07/08/2021 11:00:19 60 iteraciones en CrearNpc Area:68 NroNpc:510
07/08/2021 11:00:19 60 iteraciones en CrearNpc Area:68 NroNpc:510
8/7/2021 10:39:42 AM Error cargando mapa: 31 - Pos: 62,69.El subíndice está fuera del intervalo
8/7/2021 10:39:51 AM 60 iteraciones en CrearNpc Area:68 NroNpc:531
8/7/2021 10:39:51 AM 60 iteraciones en CrearNpc Area:68 NroNpc:510
8/7/2021 10:39:52 AM 60 iteraciones en CrearNpc Area:68 NroNpc:510
8/7/2021 10:46:20 AM Error en MuereNpc - Error: 9 - Desc: El subíndice está fuera del intervalo
8/7/2021 10:46:22 AM Error en MuereNpc - Error: 9 - Desc: El subíndice está fuera del intervalo
8/7/2021 10:56:51 AM Error cargando mapa: 31 - Pos: 62,69.Subscript out of range
8/7/2021 10:56:53 AM 60 iteraciones en CrearNpc Area:68 NroNpc:531
8/7/2021 10:56:53 AM 60 iteraciones en CrearNpc Area:68 NroNpc:510
8/7/2021 10:56:53 AM 60 iteraciones en CrearNpc Area:68 NroNpc:510
8/7/2021 11:10:02 AM MySQL server has gone away 67314941 - UPDATE pjs SET TrainningTime=9359 WHERE Nombre='neosefirot'
8/7/2021 11:10:02 AM Database went down. Reconnecting. 67314941 - UPDATE pjs SET TrainningTime=9359 WHERE Nombre='neosefirot'
8/7/2021 11:22:47 AM Error cargando mapa: 31 - Pos: 62,69.Subscript out of range
8/7/2021 11:22:49 AM 60 iteraciones en CrearNpc Area:68 NroNpc:531
8/7/2021 11:22:49 AM 60 iteraciones en CrearNpc Area:68 NroNpc:510
8/7/2021 11:22:50 AM 60 iteraciones en CrearNpc Area:68 NroNpc:510
8/7/2021 11:23:38 AM Error cargando mapa: 31 - Pos: 62,69.Subscript out of range
8/7/2021 11:23:40 AM 60 iteraciones en CrearNpc Area:68 NroNpc:531
8/7/2021 11:23:40 AM 60 iteraciones en CrearNpc Area:68 NroNpc:510
8/7/2021 11:23:40 AM 60 iteraciones en CrearNpc Area:68 NroNpc:510
8/7/2021 11:27:09 AM Error: 9 [Subscript out of range]  Source: ServidorArgentum	 HelpFile: 	 HelpContext: 1000009	 LastDllError: 0	 - UserIndex: 1 - producido al manejar el paquete: 111
8/7/2021 11:53:37 AM Error cargando mapa: 31 - Pos: 62,69.Subscript out of range
8/7/2021 11:53:39 AM 60 iteraciones en CrearNpc Area:68 NroNpc:531
8/7/2021 11:53:39 AM 60 iteraciones en CrearNpc Area:68 NroNpc:510
8/7/2021 11:53:39 AM 60 iteraciones en CrearNpc Area:68 NroNpc:510
8/7/2021 12:21:40 PM Error cargando mapa: 31 - Pos: 62,69.Subscript out of range
8/7/2021 12:21:42 PM 60 iteraciones en CrearNpc Area:68 NroNpc:531
8/7/2021 12:21:42 PM 60 iteraciones en CrearNpc Area:68 NroNpc:510
8/7/2021 12:21:42 PM 60 iteraciones en CrearNpc Area:68 NroNpc:510
8/7/2021 12:47:49 PM Error cargando mapa: 31 - Pos: 62,69.Subscript out of range
8/7/2021 12:47:51 PM 60 iteraciones en CrearNpc Area:68 NroNpc:531
8/7/2021 12:47:51 PM 60 iteraciones en CrearNpc Area:68 NroNpc:510
8/7/2021 12:47:51 PM 60 iteraciones en CrearNpc Area:68 NroNpc:510
8/7/2021 12:51:53 PM Error cargando mapa: 31 - Pos: 62,69.Subscript out of range
8/7/2021 12:51:55 PM 60 iteraciones en CrearNpc Area:68 NroNpc:531
8/7/2021 12:51:55 PM 60 iteraciones en CrearNpc Area:68 NroNpc:510
8/7/2021 12:51:55 PM 60 iteraciones en CrearNpc Area:68 NroNpc:510
8/7/2021 3:16:26 PM Error: 9 [Subscript out of range]  Source: ServidorArgentum	 HelpFile: 	 HelpContext: 1000009	 LastDllError: 0	 - UserIndex: 1 - producido al manejar el paquete: 111
8/7/2021 3:28:55 PM Error cargando mapa: 31 - Pos: 62,69.Subscript out of range
8/7/2021 3:28:56 PM 60 iteraciones en CrearNpc Area:68 NroNpc:531
8/7/2021 3:28:56 PM 60 iteraciones en CrearNpc Area:68 NroNpc:510
8/7/2021 3:28:56 PM 60 iteraciones en CrearNpc Area:68 NroNpc:510
8/7/2021 3:36:54 PM Error cargando mapa: 31 - Pos: 62,69.Subscript out of range
8/7/2021 3:36:55 PM 60 iteraciones en CrearNpc Area:68 NroNpc:531
8/7/2021 3:36:55 PM 60 iteraciones en CrearNpc Area:68 NroNpc:510
8/7/2021 3:36:56 PM 60 iteraciones en CrearNpc Area:68 NroNpc:510
8/7/2021 3:51:56 PM Error cargando mapa: 31 - Pos: 62,69.Subscript out of range
8/7/2021 3:51:58 PM 60 iteraciones en CrearNpc Area:68 NroNpc:531
8/7/2021 3:51:58 PM 60 iteraciones en CrearNpc Area:68 NroNpc:510
8/7/2021 3:51:58 PM 60 iteraciones en CrearNpc Area:68 NroNpc:510
8/7/2021 3:57:23 PM Error cargando mapa: 31 - Pos: 62,69.Subscript out of range
8/7/2021 3:57:25 PM 60 iteraciones en CrearNpc Area:68 NroNpc:531
8/7/2021 3:57:25 PM 60 iteraciones en CrearNpc Area:68 NroNpc:510
8/7/2021 3:57:25 PM 60 iteraciones en CrearNpc Area:68 NroNpc:510
8/7/2021 4:05:16 PM Error cargando mapa: 31 - Pos: 62,69.Subscript out of range
8/7/2021 4:05:18 PM 60 iteraciones en CrearNpc Area:68 NroNpc:531
8/7/2021 4:05:18 PM 60 iteraciones en CrearNpc Area:68 NroNpc:510
8/7/2021 4:05:18 PM 60 iteraciones en CrearNpc Area:68 NroNpc:510
8/7/2021 4:16:45 PM Se intento CrearNpc con Area 0 NroNpc:616
8/7/2021 4:21:55 PM Error en MuereNpc - Error: 9 - Desc: Subscript out of range
8/7/2021 4:26:53 PM MySQL server has gone away 95757573 - UPDATE pjs SET TrainningTime=301 WHERE Nombre='PoWeR'
8/7/2021 4:26:53 PM Database went down. Reconnecting. 95757573 - UPDATE pjs SET TrainningTime=301 WHERE Nombre='PoWeR'
8/7/2021 4:27:43 PM Error cargando mapa: 31 - Pos: 62,69.Subscript out of range
8/7/2021 4:27:45 PM 60 iteraciones en CrearNpc Area:68 NroNpc:531
8/7/2021 4:27:45 PM 60 iteraciones en CrearNpc Area:68 NroNpc:510
8/7/2021 4:27:45 PM 60 iteraciones en CrearNpc Area:68 NroNpc:510
8/7/2021 4:43:29 PM Se intento CrearNpc con Area 0 NroNpc:616
8/7/2021 4:43:36 PM Error en MuereNpc - Error: 9 - Desc: Subscript out of range
8/7/2021 4:58:31 PM Error en MuereNpc - Error: 9 - Desc: Subscript out of range
8/7/2021 5:18:17 PM Error en MuereNpc - Error: 9 - Desc: Subscript out of range
8/7/2021 5:18:17 PM Error en MuereNpc - Error: 9 - Desc: Subscript out of range
8/7/2021 5:26:36 PM Error en LanzarHechizo. Error 9 : Subscript out of range
8/7/2021 6:04:23 PM Se intento CrearNpc con Area 0 NroNpc:501
8/7/2021 6:07:31 PM Se intento CrearNpc con Area 0 NroNpc:2
8/7/2021 6:09:48 PM Se intento CrearNpc con Area 0 NroNpc:501
8/7/2021 6:36:43 PM MySQL server has gone away 7349517 - UPDATE pjs SET TrainningTime=4204 WHERE Nombre='ShiNoBu'
8/7/2021 6:36:43 PM Database went down. Reconnecting. 7349517 - UPDATE pjs SET TrainningTime=4204 WHERE Nombre='ShiNoBu'
8/7/2021 6:36:55 PM Error cargando mapa: 31 - Pos: 62,69.Subscript out of range
8/7/2021 6:36:56 PM 60 iteraciones en CrearNpc Area:68 NroNpc:531
8/7/2021 6:36:56 PM 60 iteraciones en CrearNpc Area:68 NroNpc:510
8/7/2021 6:36:57 PM 60 iteraciones en CrearNpc Area:68 NroNpc:510
8/7/2021 6:37:29 PM Error cargando mapa: 31 - Pos: 62,69.Subscript out of range
8/7/2021 6:37:31 PM 60 iteraciones en CrearNpc Area:68 NroNpc:531
8/7/2021 6:37:31 PM 60 iteraciones en CrearNpc Area:68 NroNpc:510
8/7/2021 6:37:31 PM 60 iteraciones en CrearNpc Area:68 NroNpc:510
8/7/2021 6:53:49 PM Se intento CrearNpc con Area 0 NroNpc:616
8/7/2021 6:58:06 PM Error en MuereNpc - Error: 9 - Desc: Subscript out of range
8/7/2021 7:12:31 PM Se intento CrearNpc con Area 0 NroNpc:523
8/7/2021 7:24:13 PM Error: 9 [Subscript out of range]  Source: ServidorArgentum	 HelpFile: 	 HelpContext: 1000009	 LastDllError: 0	 - UserIndex: 4 - producido al manejar el paquete: 111
8/7/2021 7:24:48 PM Se intento CrearNpc con Area 0 NroNpc:538
8/7/2021 7:40:22 PM Error en LookAtTile. Error 9 : Subscript out of range
8/7/2021 7:41:06 PM Error en CheckUpdateNeededUser. Número 0 Descripción: 
8/7/2021 7:42:16 PM Se intento CrearNpc con Area 0 NroNpc:510
8/7/2021 7:42:37 PM Se intento CrearNpc con Area 0 NroNpc:523
8/7/2021 7:44:19 PM Se intento CrearNpc con Area 0 NroNpc:523
8/7/2021 7:45:16 PM Se intento CrearNpc con Area 0 NroNpc:510
8/7/2021 7:45:22 PM Se intento CrearNpc con Area 0 NroNpc:523
8/7/2021 7:49:04 PM Se intento CrearNpc con Area 0 NroNpc:523
8/7/2021 7:50:26 PM Error: 9 [Subscript out of range]  Source: ServidorArgentum	 HelpFile: 	 HelpContext: 1000009	 LastDllError: 0	 - UserIndex: 4 - producido al manejar el paquete: 111
8/7/2021 7:57:20 PM Error: 9 [Subscript out of range]  Source: ServidorArgentum	 HelpFile: 	 HelpContext: 1000009	 LastDllError: 0	 - UserIndex: 4 - producido al manejar el paquete: 111
8/7/2021 8:02:12 PM Se intento CrearNpc con Area 0 NroNpc:924
8/7/2021 8:03:35 PM Se intento CrearNpc con Area 0 NroNpc:924
8/7/2021 8:43:08 PM Se intento CrearNpc con Area 0 NroNpc:990
8/7/2021 8:53:20 PM Se intento CrearNpc con Area 0 NroNpc:523
8/7/2021 8:53:35 PM Se intento CrearNpc con Area 0 NroNpc:592
8/7/2021 8:56:13 PM Se intento CrearNpc con Area 0 NroNpc:510
8/7/2021 8:56:32 PM Se intento CrearNpc con Area 0 NroNpc:523
8/7/2021 8:56:44 PM Se intento CrearNpc con Area 0 NroNpc:523
8/7/2021 8:56:58 PM Se intento CrearNpc con Area 0 NroNpc:523
8/7/2021 8:57:10 PM Se intento CrearNpc con Area 0 NroNpc:510
8/7/2021 8:57:39 PM Se intento CrearNpc con Area 0 NroNpc:523
8/7/2021 8:57:48 PM Se intento CrearNpc con Area 0 NroNpc:510
8/7/2021 8:58:56 PM Se intento CrearNpc con Area 0 NroNpc:523
8/7/2021 8:59:14 PM Se intento CrearNpc con Area 0 NroNpc:523
8/7/2021 8:59:23 PM Se intento CrearNpc con Area 0 NroNpc:510
8/7/2021 8:59:36 PM Se intento CrearNpc con Area 0 NroNpc:523
8/7/2021 8:59:50 PM Se intento CrearNpc con Area 0 NroNpc:523
8/7/2021 9:00:07 PM Se intento CrearNpc con Area 0 NroNpc:510
8/7/2021 9:00:12 PM Se intento CrearNpc con Area 0 NroNpc:523
8/8/2021 3:43:27 AM MySQL server has gone away 95560965 - UPDATE pjs SET TrainningTime=423 WHERE Nombre='Mila'
8/8/2021 3:43:27 AM Database went down. Reconnecting. 95560965 - UPDATE pjs SET TrainningTime=423 WHERE Nombre='Mila'
8/8/2021 4:10:03 AM Error cargando mapa: 31 - Pos: 62,69.Subscript out of range
8/8/2021 4:10:04 AM 60 iteraciones en CrearNpc Area:68 NroNpc:531
8/8/2021 4:10:04 AM 60 iteraciones en CrearNpc Area:68 NroNpc:510
8/8/2021 4:10:05 AM 60 iteraciones en CrearNpc Area:68 NroNpc:510
8/8/2021 4:24:30 AM MySQL server has gone away 95036677 - UPDATE pjs SET TrainningTime=1732 WHERE Nombre='PoWeR'
8/8/2021 4:24:30 AM Database went down. Reconnecting. 95036677 - UPDATE pjs SET TrainningTime=1732 WHERE Nombre='PoWeR'
8/8/2021 4:25:24 AM Error cargando mapa: 31 - Pos: 62,69.Subscript out of range
8/8/2021 4:25:25 AM 60 iteraciones en CrearNpc Area:68 NroNpc:531
8/8/2021 4:25:25 AM 60 iteraciones en CrearNpc Area:68 NroNpc:510
8/8/2021 4:25:25 AM 60 iteraciones en CrearNpc Area:68 NroNpc:510
8/8/2021 4:33:11 AM Error cargando mapa: 31 - Pos: 62,69.Subscript out of range
8/8/2021 4:33:12 AM 60 iteraciones en CrearNpc Area:68 NroNpc:531
8/8/2021 4:33:12 AM 60 iteraciones en CrearNpc Area:68 NroNpc:510
8/8/2021 4:33:12 AM 60 iteraciones en CrearNpc Area:68 NroNpc:510
8/8/2021 4:37:04 AM Error cargando mapa: 31 - Pos: 62,69.Subscript out of range
8/8/2021 4:37:06 AM 60 iteraciones en CrearNpc Area:68 NroNpc:531
8/8/2021 4:37:06 AM 60 iteraciones en CrearNpc Area:68 NroNpc:510
8/8/2021 4:37:06 AM 60 iteraciones en CrearNpc Area:68 NroNpc:510
8/8/2021 4:50:48 AM Error en MuereNpc - Error: 9 - Desc: Subscript out of range
8/8/2021 4:54:01 AM MySQL server has gone away 94250245 - UPDATE pjs SET TrainningTime=66789 WHERE Nombre='neosefirot'
8/8/2021 4:54:01 AM Database went down. Reconnecting. 94250245 - UPDATE pjs SET TrainningTime=66789 WHERE Nombre='neosefirot'
8/8/2021 4:54:13 AM Error cargando mapa: 31 - Pos: 62,69.Subscript out of range
8/8/2021 4:54:15 AM 60 iteraciones en CrearNpc Area:68 NroNpc:531
8/8/2021 4:54:15 AM 60 iteraciones en CrearNpc Area:68 NroNpc:510
8/8/2021 4:54:15 AM 60 iteraciones en CrearNpc Area:68 NroNpc:510
8/8/2021 4:56:09 AM Error en MuereNpc - Error: 9 - Desc: Subscript out of range
8/8/2021 4:56:11 AM Error en MuereNpc - Error: 9 - Desc: Subscript out of range
8/8/2021 5:32:21 AM Se intento CrearNpc con Area 0 NroNpc:616
8/8/2021 5:39:22 AM Se intento CrearNpc con Area 0 NroNpc:646
8/8/2021 6:23:04 AM Se intento CrearNpc con Area 0 NroNpc:538
8/8/2021 6:56:15 AM Error en MuereNpc - Error: 9 - Desc: Subscript out of range
8/8/2021 6:56:27 AM Error en MuereNpc - Error: 9 - Desc: Subscript out of range
8/8/2021 7:04:32 AM Error en LanzarHechizo. Error 9 : Subscript out of range
8/8/2021 7:04:34 AM Error en LanzarHechizo. Error 9 : Subscript out of range
8/8/2021 7:04:37 AM Error en LanzarHechizo. Error 9 : Subscript out of range
8/8/2021 9:11:34 AM Error en MuereNpc - Error: 9 - Desc: Subscript out of range
8/8/2021 9:11:39 AM Error en MuereNpc - Error: 9 - Desc: Subscript out of range
8/8/2021 11:49:32 AM Se intento CrearNpc con Area 0 NroNpc:523
8/8/2021 12:16:26 PM Error en UsuarioAtacaNpc. Error 9 : Subscript out of range. User: 1-> Mora. NpcIndex: 1956.
8/8/2021 12:16:28 PM Error en UsuarioAtacaNpc. Error 9 : Subscript out of range. User: 1-> Mora. NpcIndex: 1956.
8/8/2021 12:29:25 PM Error en UsuarioAtacaNpc. Error 9 : Subscript out of range. User: 1-> Mora. NpcIndex: 833.
8/8/2021 12:31:50 PM Error en UsuarioAtacaNpc. Error 9 : Subscript out of range. User: 1-> Mora. NpcIndex: 937.
8/8/2021 12:34:44 PM Error en MuereNpc - Error: 9 - Desc: Subscript out of range
8/8/2021 12:41:14 PM Se intento CrearNpc con Area 0 NroNpc:510
8/8/2021 12:42:31 PM Se intento CrearNpc con Area 0 NroNpc:510
8/8/2021 12:45:37 PM Se intento CrearNpc con Area 0 NroNpc:523
8/8/2021 12:45:52 PM Se intento CrearNpc con Area 0 NroNpc:523
8/8/2021 12:46:10 PM Se intento CrearNpc con Area 0 NroNpc:523
8/8/2021 12:47:15 PM Se intento CrearNpc con Area 0 NroNpc:523
8/8/2021 12:47:44 PM Se intento CrearNpc con Area 0 NroNpc:510
8/8/2021 12:47:59 PM Se intento CrearNpc con Area 0 NroNpc:523
8/8/2021 12:48:29 PM Se intento CrearNpc con Area 0 NroNpc:523
8/8/2021 12:49:43 PM Se intento CrearNpc con Area 0 NroNpc:523
8/8/2021 12:50:06 PM Se intento CrearNpc con Area 0 NroNpc:510
8/8/2021 12:50:29 PM Se intento CrearNpc con Area 0 NroNpc:523
8/8/2021 12:50:57 PM Se intento CrearNpc con Area 0 NroNpc:523
8/8/2021 12:54:21 PM Se intento CrearNpc con Area 0 NroNpc:510
8/8/2021 12:58:41 PM Se intento CrearNpc con Area 0 NroNpc:523
8/8/2021 12:58:57 PM Se intento CrearNpc con Area 0 NroNpc:523
8/8/2021 12:59:26 PM Se intento CrearNpc con Area 0 NroNpc:510
8/8/2021 12:59:40 PM Se intento CrearNpc con Area 0 NroNpc:523
8/8/2021 1:00:15 PM Se intento CrearNpc con Area 0 NroNpc:523
8/8/2021 1:00:39 PM Se intento CrearNpc con Area 0 NroNpc:510
8/8/2021 1:00:52 PM Se intento CrearNpc con Area 0 NroNpc:523
8/8/2021 1:01:52 PM Se intento CrearNpc con Area 0 NroNpc:523
8/8/2021 1:02:16 PM Se intento CrearNpc con Area 0 NroNpc:510
8/8/2021 1:02:59 PM Se intento CrearNpc con Area 0 NroNpc:510
8/8/2021 1:03:13 PM Se intento CrearNpc con Area 0 NroNpc:523
8/8/2021 1:03:54 PM Se intento CrearNpc con Area 0 NroNpc:510
8/8/2021 1:04:02 PM Se intento CrearNpc con Area 0 NroNpc:523
8/8/2021 1:26:22 PM Error en MuereNpc - Error: 9 - Desc: Subscript out of range
8/8/2021 1:26:58 PM Error en MuereNpc - Error: 9 - Desc: Subscript out of range
8/8/2021 1:28:34 PM Error en MuereNpc - Error: 9 - Desc: Subscript out of range
8/8/2021 1:28:39 PM Error en MuereNpc - Error: 9 - Desc: Subscript out of range
8/8/2021 1:28:46 PM Error en MuereNpc - Error: 9 - Desc: Subscript out of range
8/8/2021 1:54:44 PM Se intento CrearNpc con Area 0 NroNpc:990
8/8/2021 1:56:56 PM Se intento CrearNpc con Area 0 NroNpc:992
8/8/2021 3:41:33 PM Se intento CrearNpc con Area 0 NroNpc:523
8/8/2021 3:44:54 PM Se intento CrearNpc con Area 0 NroNpc:523
8/8/2021 3:48:23 PM Se intento CrearNpc con Area 0 NroNpc:523
8/8/2021 3:49:35 PM Se intento CrearNpc con Area 0 NroNpc:510
8/8/2021 4:26:44 PM Error cargando mapa: 31 - Pos: 62,69.Subscript out of range
8/8/2021 4:26:45 PM 60 iteraciones en CrearNpc Area:68 NroNpc:531
8/8/2021 4:26:45 PM 60 iteraciones en CrearNpc Area:68 NroNpc:510
8/8/2021 4:26:45 PM 60 iteraciones en CrearNpc Area:68 NroNpc:510
8/8/2021 4:42:35 PM Error en LanzarHechizo. Error 9 : Subscript out of range
8/8/2021 4:43:43 PM Error en LanzarHechizo. Error 9 : Subscript out of range
8/8/2021 5:48:45 PM Error en LanzarHechizo. Error 9 : Subscript out of range
8/8/2021 5:50:12 PM Error en MuereNpc - Error: 9 - Desc: Subscript out of range
8/8/2021 5:50:23 PM Error en MuereNpc - Error: 9 - Desc: Subscript out of range
8/8/2021 5:50:29 PM Error en MuereNpc - Error: 9 - Desc: Subscript out of range
8/8/2021 5:57:37 PM Error en LanzarHechizo. Error 9 : Subscript out of range
8/8/2021 5:58:48 PM Error en LanzarHechizo. Error 9 : Subscript out of range
8/9/2021 3:52:21 AM MySQL server has gone away 92742901 - SELECT COUNT(Id) as 'Cantidad' FROM cuentas WHERE Nombre='neosefirot'
8/9/2021 3:52:21 AM Database went down. Reconnecting. 92742901 - SELECT COUNT(Id) as 'Cantidad' FROM cuentas WHERE Nombre='neosefirot'
16/08/2021 20:05:50 Error cargando mapa: 31 - Pos: 62,69.El subíndice está fuera del intervalo
16/08/2021 20:05:54 60 iteraciones en CrearNpc Area:68 NroNpc:531
16/08/2021 20:05:54 60 iteraciones en CrearNpc Area:68 NroNpc:510
16/08/2021 20:05:54 60 iteraciones en CrearNpc Area:68 NroNpc:510
16/08/2021 20:13:41 Error cargando mapa: 31 - Pos: 62,69.El subíndice está fuera del intervalo
16/08/2021 20:13:44 60 iteraciones en CrearNpc Area:68 NroNpc:531
16/08/2021 20:13:44 60 iteraciones en CrearNpc Area:68 NroNpc:510
16/08/2021 20:13:45 60 iteraciones en CrearNpc Area:68 NroNpc:510
17/08/2021 9:49:27 Error cargando mapa: 31 - Pos: 62,69.El subíndice está fuera del intervalo
17/08/2021 9:49:30 60 iteraciones en CrearNpc Area:68 NroNpc:531
17/08/2021 9:49:31 60 iteraciones en CrearNpc Area:68 NroNpc:510
17/08/2021 9:49:31 60 iteraciones en CrearNpc Area:68 NroNpc:510
17/08/2021 9:50:30 Error cargando mapa: 31 - Pos: 62,69.El subíndice está fuera del intervalo
17/08/2021 9:50:34 60 iteraciones en CrearNpc Area:68 NroNpc:531
17/08/2021 9:50:34 60 iteraciones en CrearNpc Area:68 NroNpc:510
17/08/2021 9:50:34 60 iteraciones en CrearNpc Area:68 NroNpc:510
17/08/2021 10:51:05 Error cargando mapa: 31 - Pos: 62,69.El subíndice está fuera del intervalo
17/08/2021 10:51:08 60 iteraciones en CrearNpc Area:68 NroNpc:531
17/08/2021 10:51:09 60 iteraciones en CrearNpc Area:68 NroNpc:510
17/08/2021 10:51:09 60 iteraciones en CrearNpc Area:68 NroNpc:510
17/08/2021 11:04:47 Error cargando mapa: 31 - Pos: 62,69.El subíndice está fuera del intervalo
17/08/2021 11:04:50 60 iteraciones en CrearNpc Area:68 NroNpc:531
17/08/2021 11:04:51 60 iteraciones en CrearNpc Area:68 NroNpc:510
17/08/2021 11:04:51 60 iteraciones en CrearNpc Area:68 NroNpc:510
