7/18/2021 6:52:13 AM server iniciado 3.0.0
7/18/2021 7:06:54 AM server cerrado.
7/18/2021 7:07:13 AM server iniciado 3.0.0
7/18/2021 7:25:38 AM server cerrado.
7/18/2021 7:25:53 AM server iniciado 3.0.0
7/18/2021 7:31:15 AM server cerrado.
7/18/2021 7:31:27 AM server iniciado 3.0.0
7/18/2021 2:15:13 PM server cerrado.
7/18/2021 2:18:30 PM server iniciado 3.0.0
7/18/2021 2:25:38 PM server cerrado.
7/18/2021 2:26:35 PM server iniciado 3.0.0
7/18/2021 2:30:46 PM server cerrado.
7/18/2021 2:32:29 PM server iniciado 3.0.0
7/18/2021 2:39:41 PM server cerrado.
07/08/2021 10:54:36 server iniciado 3.0.0
07/08/2021 10:56:19 server iniciado 3.0.0
07/08/2021 11:00:22 server iniciado 3.0.0
8/7/2021 10:39:54 AM server iniciado 3.0.0
8/7/2021 10:53:41 AM server cerrado.
8/7/2021 10:56:54 AM server iniciado 3.0.0
8/7/2021 11:22:50 AM server iniciado 3.0.0
8/7/2021 11:23:13 AM server cerrado.
8/7/2021 11:23:41 AM server iniciado 3.0.0
8/7/2021 11:51:28 AM server cerrado.
8/7/2021 11:53:40 AM server iniciado 3.0.0
8/7/2021 12:20:29 PM server cerrado.
8/7/2021 12:21:43 PM server iniciado 3.0.0
8/7/2021 12:47:01 PM server cerrado.
8/7/2021 12:47:52 PM server iniciado 3.0.0
8/7/2021 12:51:18 PM server cerrado.
8/7/2021 12:51:56 PM server iniciado 3.0.0
8/7/2021 3:27:22 PM server cerrado.
8/7/2021 3:28:57 PM server iniciado 3.0.0
8/7/2021 3:36:25 PM server cerrado.
8/7/2021 3:36:56 PM server iniciado 3.0.0
8/7/2021 3:51:33 PM server cerrado.
8/7/2021 3:51:59 PM server iniciado 3.0.0
8/7/2021 3:56:51 PM server cerrado.
8/7/2021 3:57:26 PM server iniciado 3.0.0
8/7/2021 4:05:10 PM server cerrado.
8/7/2021 4:05:19 PM server iniciado 3.0.0
8/7/2021 4:27:46 PM server iniciado 3.0.0
8/7/2021 6:36:57 PM server iniciado 3.0.0
8/7/2021 6:37:22 PM server cerrado.
8/7/2021 6:37:32 PM server iniciado 3.0.0
8/8/2021 4:10:05 AM server iniciado 3.0.0
8/8/2021 4:25:26 AM server iniciado 3.0.0
8/8/2021 4:33:13 AM server iniciado 3.0.0
8/8/2021 4:35:41 AM server cerrado.
8/8/2021 4:37:07 AM server iniciado 3.0.0
8/8/2021 4:54:15 AM server iniciado 3.0.0
8/8/2021 4:25:52 PM server cerrado.
8/8/2021 4:26:46 PM server iniciado 3.0.0
8/9/2021 8:05:53 AM server cerrado.
16/08/2021 20:05:57 server iniciado 3.0.0
16/08/2021 20:13:47 server iniciado 3.0.0
17/08/2021 9:50:37 server iniciado 3.0.0
17/08/2021 10:51:12 server iniciado 3.0.0
17/08/2021 11:04:54 server iniciado 3.0.0
