7/18/2021 7:08:23 AM Se conecto con ip:213.94.53.10
7/18/2021 1:00:54 PM Se conecto con ip:213.94.53.10
7/18/2021 1:01:08 PM /TELEPLOC a x:182 Y:1221 Map:1
7/18/2021 1:01:25 PM /MOD ORO 9888  neosefirot
7/18/2021 1:01:32 PM /TELEPLOC a x:195 Y:1238 Map:1
7/18/2021 1:06:39 PM /TELEPLOC a x:194 Y:1225 Map:1
7/18/2021 1:06:39 PM /TELEPLOC a x:194 Y:1225 Map:1
7/18/2021 1:06:44 PM /TELEPLOC a x:171 Y:1245 Map:1
7/18/2021 1:06:46 PM /TELEPLOC a x:181 Y:1254 Map:1
7/18/2021 1:06:47 PM /TELEPLOC a x:181 Y:1254 Map:1
7/18/2021 1:06:47 PM /TELEPLOC a x:181 Y:1254 Map:1
7/18/2021 1:07:09 PM /TELEPLOC a x:165 Y:1237 Map:1
7/18/2021 1:07:10 PM /TELEPLOC a x:165 Y:1237 Map:1
7/18/2021 1:07:11 PM /TELEPLOC a x:165 Y:1237 Map:1
7/18/2021 1:07:21 PM /TELEPLOC a x:165 Y:1237 Map:1
7/18/2021 1:07:22 PM /TELEPLOC a x:165 Y:1237 Map:1
7/18/2021 1:07:24 PM /TELEPLOC a x:165 Y:1237 Map:1
7/18/2021 1:07:32 PM /TELEPLOC a x:165 Y:1237 Map:1
7/18/2021 2:27:08 PM Se conecto con ip:62.83.19.74
7/18/2021 2:28:27 PM /TELEPLOC a x:189 Y:1214 Map:1
7/18/2021 2:28:28 PM /TELEPLOC a x:189 Y:1214 Map:1
7/18/2021 2:28:29 PM /TELEPLOC a x:189 Y:1214 Map:1
7/18/2021 2:28:29 PM /TELEPLOC a x:189 Y:1214 Map:1
7/18/2021 2:28:30 PM /TELEPLOC a x:189 Y:1214 Map:1
7/18/2021 2:28:30 PM /TELEPLOC a x:189 Y:1214 Map:1
7/18/2021 2:28:31 PM /TELEPLOC a x:189 Y:1214 Map:1
7/18/2021 2:28:32 PM /TELEPLOC a x:189 Y:1214 Map:1
7/18/2021 2:28:32 PM /TELEPLOC a x:189 Y:1214 Map:1
7/18/2021 2:28:33 PM /TELEPLOC a x:189 Y:1214 Map:1
7/18/2021 2:28:34 PM /TELEPLOC a x:189 Y:1214 Map:1
7/18/2021 2:28:34 PM /TELEPLOC a x:189 Y:1214 Map:1
7/18/2021 2:28:35 PM /TELEPLOC a x:189 Y:1214 Map:1
7/18/2021 2:28:36 PM /TELEPLOC a x:189 Y:1214 Map:1
7/18/2021 2:28:37 PM /TELEPLOC a x:189 Y:1214 Map:1
7/18/2021 2:29:20 PM /TELEPLOC a x:284 Y:1055 Map:1
7/18/2021 2:29:20 PM /TELEPLOC a x:284 Y:1055 Map:1
7/18/2021 2:29:21 PM /TELEPLOC a x:284 Y:1055 Map:1
7/18/2021 2:29:22 PM /TELEPLOC a x:284 Y:1055 Map:1
7/18/2021 2:29:22 PM /TELEPLOC a x:284 Y:1055 Map:1
7/18/2021 2:29:23 PM /TELEPLOC a x:284 Y:1055 Map:1
7/18/2021 2:29:27 PM /TELEPLOC a x:284 Y:1055 Map:1
7/18/2021 2:29:28 PM /TELEPLOC a x:284 Y:1055 Map:1
7/18/2021 2:29:28 PM /TELEPLOC a x:284 Y:1055 Map:1
7/18/2021 2:29:29 PM /TELEPLOC a x:284 Y:1055 Map:1
7/18/2021 2:29:29 PM /TELEPLOC a x:284 Y:1055 Map:1
7/18/2021 2:29:30 PM /TELEPLOC a x:284 Y:1055 Map:1
7/18/2021 2:29:31 PM /TELEPLOC a x:284 Y:1055 Map:1
7/18/2021 2:29:43 PM /TELEPLOC a x:293 Y:772 Map:1
7/18/2021 2:29:44 PM /TELEPLOC a x:293 Y:772 Map:1
7/18/2021 2:29:44 PM /TELEPLOC a x:293 Y:772 Map:1
7/18/2021 2:29:45 PM /TELEPLOC a x:293 Y:772 Map:1
7/18/2021 2:29:45 PM /TELEPLOC a x:293 Y:772 Map:1
7/18/2021 2:33:51 PM Se conecto con ip:62.83.19.74
7/18/2021 2:35:31 PM Se conecto con ip:62.83.19.74
7/18/2021 2:35:37 PM /TELEPLOC a x:284 Y:696 Map:1
7/18/2021 2:35:38 PM /TELEPLOC a x:284 Y:696 Map:1
7/18/2021 2:35:38 PM /TELEPLOC a x:284 Y:696 Map:1
7/18/2021 2:35:39 PM /TELEPLOC a x:284 Y:696 Map:1
7/18/2021 2:35:39 PM /TELEPLOC a x:284 Y:696 Map:1
7/18/2021 2:35:40 PM /TELEPLOC a x:284 Y:696 Map:1
7/18/2021 2:35:40 PM /TELEPLOC a x:284 Y:696 Map:1
7/18/2021 2:35:41 PM /TELEPLOC a x:284 Y:696 Map:1
7/18/2021 2:35:41 PM /TELEPLOC a x:284 Y:696 Map:1
7/18/2021 2:35:42 PM /TELEPLOC a x:284 Y:696 Map:1
7/18/2021 2:35:43 PM /TELEPLOC a x:284 Y:696 Map:1
7/18/2021 2:35:43 PM /TELEPLOC a x:284 Y:696 Map:1
7/18/2021 2:35:43 PM /TELEPLOC a x:284 Y:696 Map:1
7/18/2021 2:35:44 PM /TELEPLOC a x:284 Y:696 Map:1
7/18/2021 2:35:44 PM /TELEPLOC a x:284 Y:696 Map:1
7/18/2021 2:35:45 PM /TELEPLOC a x:284 Y:696 Map:1
7/18/2021 2:35:45 PM /TELEPLOC a x:284 Y:696 Map:1
7/18/2021 2:35:46 PM /TELEPLOC a x:284 Y:696 Map:1
7/18/2021 2:35:46 PM /TELEPLOC a x:284 Y:696 Map:1
7/18/2021 2:35:47 PM /TELEPLOC a x:284 Y:696 Map:1
7/18/2021 2:35:47 PM /TELEPLOC a x:284 Y:696 Map:1
7/18/2021 2:35:48 PM /TELEPLOC a x:284 Y:696 Map:1
7/18/2021 2:35:49 PM /TELEPLOC a x:284 Y:696 Map:1
7/18/2021 2:35:50 PM /TELEPLOC a x:284 Y:696 Map:1
7/18/2021 2:35:51 PM /TELEPLOC a x:284 Y:696 Map:1
7/18/2021 2:35:51 PM /TELEPLOC a x:284 Y:696 Map:1
7/18/2021 2:35:52 PM /TELEPLOC a x:284 Y:696 Map:1
7/18/2021 2:35:53 PM /TELEPLOC a x:284 Y:696 Map:1
7/18/2021 2:36:25 PM /TELEPLOC a x:284 Y:696 Map:1
7/18/2021 2:36:26 PM /TELEPLOC a x:284 Y:696 Map:1
7/18/2021 2:36:26 PM /TELEPLOC a x:284 Y:696 Map:1
7/18/2021 2:36:27 PM /TELEPLOC a x:284 Y:696 Map:1
7/18/2021 2:36:28 PM /TELEPLOC a x:284 Y:696 Map:1
7/18/2021 2:36:28 PM /TELEPLOC a x:284 Y:696 Map:1
7/18/2021 2:36:29 PM /TELEPLOC a x:284 Y:696 Map:1
7/18/2021 2:36:29 PM /TELEPLOC a x:284 Y:696 Map:1
7/18/2021 2:36:30 PM /TELEPLOC a x:284 Y:696 Map:1
7/18/2021 2:36:31 PM /TELEPLOC a x:284 Y:696 Map:1
7/18/2021 2:36:31 PM /TELEPLOC a x:284 Y:696 Map:1
7/18/2021 2:36:32 PM /TELEPLOC a x:284 Y:696 Map:1
7/18/2021 2:36:32 PM /TELEPLOC a x:284 Y:696 Map:1
7/18/2021 2:36:33 PM /TELEPLOC a x:284 Y:696 Map:1
7/18/2021 2:36:34 PM /TELEPLOC a x:284 Y:696 Map:1
7/18/2021 2:36:34 PM /TELEPLOC a x:284 Y:696 Map:1
7/18/2021 2:36:35 PM /TELEPLOC a x:284 Y:696 Map:1
7/18/2021 2:36:35 PM /TELEPLOC a x:284 Y:696 Map:1
7/18/2021 2:36:36 PM /TELEPLOC a x:284 Y:696 Map:1
7/18/2021 2:36:36 PM /TELEPLOC a x:284 Y:696 Map:1
7/18/2021 2:36:37 PM /TELEPLOC a x:284 Y:696 Map:1
7/18/2021 2:36:38 PM /TELEPLOC a x:284 Y:696 Map:1
7/18/2021 2:36:39 PM /TELEPLOC a x:284 Y:696 Map:1
8/7/2021 10:57:25 AM Se conecto con ip:119.12.240.246
8/7/2021 10:57:33 AM /TELEPLOC a x:385 Y:1001 Map:1
8/7/2021 10:57:34 AM /TELEPLOC a x:385 Y:1001 Map:1
8/7/2021 10:57:34 AM /TELEPLOC a x:385 Y:1001 Map:1
8/7/2021 10:57:35 AM /TELEPLOC a x:385 Y:1001 Map:1
8/7/2021 10:57:36 AM /TELEPLOC a x:385 Y:1001 Map:1
8/7/2021 10:57:36 AM /TELEPLOC a x:385 Y:1001 Map:1
8/7/2021 10:57:37 AM /TELEPLOC a x:385 Y:1001 Map:1
8/7/2021 10:57:38 AM /TELEPLOC a x:385 Y:1001 Map:1
8/7/2021 10:57:39 AM /TELEPLOC a x:385 Y:1001 Map:1
8/7/2021 10:57:40 AM /TELEPLOC a x:385 Y:1001 Map:1
8/7/2021 10:57:41 AM /TELEPLOC a x:385 Y:1001 Map:1
8/7/2021 10:57:44 AM /TELEPLOC a x:385 Y:1001 Map:1
8/7/2021 10:57:46 AM /TELEPLOC a x:385 Y:1001 Map:1
8/7/2021 10:57:46 AM /TELEPLOC a x:385 Y:1001 Map:1
8/7/2021 10:57:47 AM /TELEPLOC a x:385 Y:1001 Map:1
8/7/2021 10:57:49 AM /TELEPLOC a x:385 Y:1001 Map:1
8/7/2021 10:57:50 AM /TELEPLOC a x:385 Y:1001 Map:1
8/7/2021 11:01:18 AM Se conecto con ip:119.12.240.246
8/7/2021 11:02:28 AM Se conecto con ip:119.12.240.246
8/7/2021 11:04:03 AM Se conecto con ip:119.12.240.246
8/7/2021 11:04:57 AM Se conecto con ip:119.12.240.246
8/7/2021 11:08:57 AM Se conecto con ip:119.12.240.246
8/7/2021 11:09:10 AM /TELEPLOC a x:30 Y:34 Map:3
8/7/2021 11:09:18 AM /TELEPLOC a x:29 Y:54 Map:1
8/7/2021 11:09:18 AM /TELEPLOC a x:29 Y:54 Map:1
8/7/2021 11:09:19 AM /TELEPLOC a x:29 Y:54 Map:1
8/7/2021 11:09:38 AM /TELEPLOC a x:293 Y:218 Map:1
8/7/2021 11:09:39 AM /TELEPLOC a x:293 Y:218 Map:1
8/7/2021 11:09:42 AM /TELEPLOC a x:293 Y:218 Map:1
8/7/2021 11:09:43 AM /TELEPLOC a x:293 Y:218 Map:1
8/7/2021 11:23:57 AM Se conecto con ip:77.226.173.227
8/7/2021 11:26:53 AM /TELEPLOC a x:180 Y:1238 Map:1
8/7/2021 11:26:54 AM /TELEPLOC a x:180 Y:1238 Map:1
8/7/2021 11:26:54 AM /TELEPLOC a x:180 Y:1238 Map:1
8/7/2021 11:26:56 AM /TELEPLOC a x:180 Y:1238 Map:1
8/7/2021 11:27:11 AM Se conecto con ip:77.226.173.227
8/7/2021 11:30:03 AM /MOD ORO 90000  neosefirot
8/7/2021 11:30:08 AM /TELEPLOC a x:300 Y:896 Map:1
8/7/2021 11:30:09 AM /TELEPLOC a x:300 Y:896 Map:1
8/7/2021 11:30:10 AM /TELEPLOC a x:300 Y:896 Map:1
8/7/2021 11:35:43 AM /IRA el yind Mapa:1 X:197 Y:1057
8/7/2021 11:36:16 AM /IRA el yind Mapa:1 X:307 Y:860
8/7/2021 11:36:48 AM /TELEPLOC a x:399 Y:355 Map:1
8/7/2021 11:37:07 AM /TELEPLOC a x:399 Y:355 Map:1
8/7/2021 11:37:09 AM /TELEPLOC a x:399 Y:355 Map:1
8/7/2021 11:37:39 AM /TELEPLOC a x:276 Y:262 Map:1
8/7/2021 11:37:39 AM /TELEPLOC a x:276 Y:262 Map:1
8/7/2021 11:37:40 AM /TELEPLOC a x:276 Y:262 Map:1
8/7/2021 11:37:41 AM /TELEPLOC a x:276 Y:262 Map:1
8/7/2021 11:37:42 AM /TELEPLOC a x:276 Y:262 Map:1
8/7/2021 11:37:43 AM /TELEPLOC a x:276 Y:262 Map:1
8/7/2021 11:37:43 AM /TELEPLOC a x:276 Y:262 Map:1
8/7/2021 11:37:44 AM /TELEPLOC a x:276 Y:262 Map:1
8/7/2021 11:40:45 AM /TELEPLOC a x:62 Y:42 Map:1
8/7/2021 11:41:14 AM /TELEPLOC a x:305 Y:246 Map:1
8/7/2021 11:41:28 AM /TELEPLOC a x:305 Y:246 Map:1
8/7/2021 11:56:32 AM Se conecto con ip:119.12.240.246
8/7/2021 11:56:34 AM /TELEPLOC a x:0 Y:0 Map:8
8/7/2021 11:56:36 AM /TELEPLOC a x:0 Y:0 Map:8
8/7/2021 11:56:36 AM /TELEPLOC a x:0 Y:0 Map:8
8/7/2021 11:56:37 AM /TELEPLOC a x:0 Y:0 Map:8
8/7/2021 11:56:39 AM /TELEPLOC a x:0 Y:0 Map:8
8/7/2021 11:57:10 AM /TELEPLOC a x:219 Y:1201 Map:1
8/7/2021 11:57:10 AM /TELEPLOC a x:219 Y:1201 Map:1
8/7/2021 11:57:11 AM /TELEPLOC a x:219 Y:1201 Map:1
8/7/2021 11:57:13 AM /TELEPLOC a x:219 Y:1201 Map:1
8/7/2021 11:57:13 AM /TELEPLOC a x:219 Y:1201 Map:1
8/7/2021 11:57:14 AM /TELEPLOC a x:219 Y:1201 Map:1
8/7/2021 11:57:15 AM /TELEPLOC a x:219 Y:1201 Map:1
8/7/2021 11:57:16 AM /TELEPLOC a x:219 Y:1201 Map:1
8/7/2021 11:57:16 AM /TELEPLOC a x:219 Y:1201 Map:1
8/7/2021 11:57:17 AM /TELEPLOC a x:219 Y:1201 Map:1
8/7/2021 11:57:18 AM /TELEPLOC a x:219 Y:1201 Map:1
8/7/2021 11:57:19 AM /TELEPLOC a x:219 Y:1201 Map:1
8/7/2021 11:57:20 AM /TELEPLOC a x:219 Y:1201 Map:1
8/7/2021 11:57:22 AM /TELEPLOC a x:219 Y:1201 Map:1
8/7/2021 11:57:28 AM /TELEPLOC a x:322 Y:238 Map:3
8/7/2021 11:57:35 AM /TELEPLOC a x:33 Y:44 Map:3
8/7/2021 11:57:40 AM /TELEPLOC a x:47 Y:41 Map:3
8/7/2021 11:57:42 AM /TELEPLOC a x:47 Y:41 Map:3
8/7/2021 11:57:46 AM /TELEPLOC a x:20 Y:34 Map:3
8/7/2021 11:57:53 AM /TELEPLOC a x:21 Y:24 Map:3
8/7/2021 11:58:03 AM /TELEPLOC a x:17 Y:40 Map:3
8/7/2021 11:58:04 AM /TELEPLOC a x:17 Y:40 Map:3
8/7/2021 11:58:05 AM /TELEPLOC a x:17 Y:40 Map:3
8/7/2021 11:58:06 AM /TELEPLOC a x:17 Y:40 Map:3
8/7/2021 11:58:06 AM /TELEPLOC a x:17 Y:40 Map:3
8/7/2021 11:58:22 AM /TELEPLOC a x:40 Y:59 Map:3
8/7/2021 11:58:22 AM /TELEPLOC a x:40 Y:59 Map:3
8/7/2021 11:58:24 AM /TELEPLOC a x:40 Y:59 Map:3
8/7/2021 11:58:26 AM /TELEPLOC a x:40 Y:59 Map:1
8/7/2021 11:58:43 AM /TELEPLOC a x:308 Y:244 Map:1
8/7/2021 11:58:43 AM /TELEPLOC a x:308 Y:244 Map:1
8/7/2021 11:58:44 AM /TELEPLOC a x:308 Y:244 Map:1
8/7/2021 11:58:49 AM /TELEPLOC a x:308 Y:244 Map:1
8/7/2021 11:58:49 AM /TELEPLOC a x:308 Y:244 Map:1
8/7/2021 11:58:50 AM /TELEPLOC a x:308 Y:244 Map:1
8/7/2021 11:58:51 AM /TELEPLOC a x:308 Y:244 Map:1
8/7/2021 11:58:52 AM /TELEPLOC a x:308 Y:244 Map:1
8/7/2021 11:58:54 AM /TELEPLOC a x:308 Y:244 Map:1
8/7/2021 11:58:55 AM /TELEPLOC a x:308 Y:244 Map:1
8/7/2021 11:58:56 AM /TELEPLOC a x:308 Y:244 Map:1
8/7/2021 11:58:57 AM /TELEPLOC a x:308 Y:244 Map:1
8/7/2021 11:59:01 AM /TELEPLOC a x:197 Y:1055 Map:1
8/7/2021 11:59:02 AM /TELEPLOC a x:197 Y:1055 Map:1
8/7/2021 11:59:02 AM /TELEPLOC a x:197 Y:1055 Map:1
8/7/2021 11:59:03 AM /TELEPLOC a x:197 Y:1055 Map:1
8/7/2021 11:59:03 AM /TELEPLOC a x:197 Y:1055 Map:1
8/7/2021 11:59:04 AM /TELEPLOC a x:197 Y:1055 Map:1
8/7/2021 11:59:05 AM /TELEPLOC a x:197 Y:1055 Map:1
8/7/2021 11:59:05 AM /TELEPLOC a x:197 Y:1055 Map:1
8/7/2021 11:59:06 AM /TELEPLOC a x:197 Y:1055 Map:1
8/7/2021 11:59:06 AM /TELEPLOC a x:197 Y:1055 Map:1
8/7/2021 11:59:07 AM /TELEPLOC a x:197 Y:1055 Map:1
8/7/2021 11:59:07 AM /TELEPLOC a x:197 Y:1055 Map:1
8/7/2021 11:59:08 AM /TELEPLOC a x:197 Y:1055 Map:1
8/7/2021 11:59:08 AM /TELEPLOC a x:197 Y:1055 Map:1
8/7/2021 11:59:09 AM /TELEPLOC a x:197 Y:1055 Map:1
8/7/2021 11:59:10 AM /TELEPLOC a x:197 Y:1055 Map:1
8/7/2021 11:59:10 AM /TELEPLOC a x:197 Y:1055 Map:1
8/7/2021 11:59:11 AM /TELEPLOC a x:197 Y:1055 Map:1
8/7/2021 11:59:12 AM /TELEPLOC a x:197 Y:1055 Map:1
8/7/2021 12:00:35 PM /TELEPLOC a x:234 Y:931 Map:1
8/7/2021 12:00:35 PM /TELEPLOC a x:234 Y:931 Map:1
8/7/2021 12:00:36 PM /TELEPLOC a x:234 Y:931 Map:1
8/7/2021 12:00:36 PM /TELEPLOC a x:234 Y:931 Map:1
8/7/2021 12:00:37 PM /TELEPLOC a x:234 Y:931 Map:1
8/7/2021 12:00:38 PM /TELEPLOC a x:234 Y:931 Map:1
8/7/2021 12:00:38 PM /TELEPLOC a x:234 Y:931 Map:1
8/7/2021 12:00:40 PM /TELEPLOC a x:234 Y:931 Map:1
8/7/2021 12:00:42 PM /TELEPLOC a x:234 Y:931 Map:1
8/7/2021 12:00:42 PM /TELEPLOC a x:234 Y:931 Map:1
8/7/2021 12:00:43 PM /TELEPLOC a x:234 Y:931 Map:1
8/7/2021 12:00:44 PM /TELEPLOC a x:234 Y:931 Map:1
8/7/2021 12:03:34 PM /TELEPLOC a x:40 Y:59 Map:3
8/7/2021 12:16:07 PM Se conecto con ip:119.12.240.246
8/7/2021 12:18:20 PM /TELEPLOC a x:47 Y:33 Map:3
8/7/2021 12:18:20 PM /TELEPLOC a x:47 Y:33 Map:3
8/7/2021 12:18:22 PM /TELEPLOC a x:47 Y:33 Map:3
8/7/2021 12:28:32 PM Se conecto con ip:119.12.240.246
8/7/2021 12:28:38 PM /TELEPLOC a x:59 Y:38 Map:3
8/7/2021 12:28:39 PM /TELEPLOC a x:59 Y:38 Map:3
8/7/2021 12:28:40 PM /TELEPLOC a x:59 Y:38 Map:3
8/7/2021 12:28:43 PM /TELEPLOC a x:59 Y:38 Map:1
8/7/2021 12:28:44 PM /TELEPLOC a x:59 Y:38 Map:1
8/7/2021 12:28:53 PM /TELEPLOC a x:308 Y:244 Map:1
8/7/2021 12:28:53 PM /TELEPLOC a x:308 Y:244 Map:1
8/7/2021 12:28:54 PM /TELEPLOC a x:308 Y:244 Map:1
8/7/2021 12:28:55 PM /TELEPLOC a x:308 Y:244 Map:1
8/7/2021 12:29:44 PM Se conecto con ip:119.12.240.246
8/7/2021 12:49:26 PM Se conecto con ip:77.226.173.227
8/7/2021 12:49:49 PM /TELEPLOC a x:308 Y:262 Map:1
8/7/2021 12:49:50 PM /TELEPLOC a x:308 Y:262 Map:1
8/7/2021 12:49:50 PM /TELEPLOC a x:308 Y:262 Map:1
8/7/2021 12:49:51 PM /TELEPLOC a x:308 Y:262 Map:1
8/7/2021 12:49:51 PM /TELEPLOC a x:308 Y:262 Map:1
8/7/2021 12:49:52 PM /TELEPLOC a x:308 Y:262 Map:1
8/7/2021 12:49:52 PM /TELEPLOC a x:308 Y:262 Map:1
8/7/2021 12:49:54 PM /TELEPLOC a x:308 Y:262 Map:1
8/7/2021 12:53:24 PM Se conecto con ip:77.226.173.227
8/7/2021 3:39:13 PM Se conecto con ip:77.226.173.227
8/7/2021 4:05:53 PM Se conecto con ip:77.226.173.227
8/7/2021 4:08:46 PM /TELEPLOC a x:167 Y:1236 Map:1
8/7/2021 4:08:48 PM /TELEPLOC a x:167 Y:1236 Map:1
8/7/2021 4:30:34 PM Se conecto con ip:77.226.173.227
8/7/2021 4:31:05 PM /IRA elias Mapa:1 X:300 Y:864
8/7/2021 4:32:57 PM /TELEPLOC a x:312 Y:888 Map:1
8/7/2021 4:33:00 PM /TELEPLOC a x:312 Y:888 Map:1
8/7/2021 4:33:02 PM /TELEPLOC a x:312 Y:888 Map:1
8/7/2021 4:37:38 PM Se conecto con ip:77.226.173.227
8/7/2021 4:37:45 PM /TELEPLOC a x:288 Y:1101 Map:1
8/7/2021 4:40:19 PM /IRA elias Mapa:1 X:312 Y:874
8/7/2021 4:41:45 PM /TELEPLOC a x:173 Y:1241 Map:1
8/7/2021 4:41:47 PM /TELEPLOC a x:173 Y:1241 Map:1
8/7/2021 4:44:25 PM /TELEPLOC a x:235 Y:1147 Map:1
8/7/2021 4:44:36 PM /SUM elias Map:1 X:184 Y:1235
8/7/2021 4:44:49 PM Tiro cantidad:1 Objeto:Caña de Pescar
8/7/2021 4:51:50 PM /TELEPLOC a x:180 Y:1210 Map:1
8/7/2021 4:51:52 PM /TELEPLOC a x:180 Y:1210 Map:1
8/7/2021 4:51:54 PM /TELEPLOC a x:180 Y:1210 Map:1
8/7/2021 4:51:55 PM /TELEPLOC a x:180 Y:1210 Map:1
8/7/2021 5:02:17 PM Se conecto con ip:77.226.173.227
8/7/2021 5:02:28 PM /TELEPLOC a x:303 Y:856 Map:1
8/7/2021 5:02:28 PM /TELEPLOC a x:303 Y:856 Map:1
8/7/2021 5:02:30 PM /TELEPLOC a x:303 Y:856 Map:1
8/7/2021 5:06:32 PM Se conecto con ip:77.226.173.227
8/7/2021 5:10:49 PM Se conecto con ip:77.226.173.227
8/7/2021 5:33:47 PM Se conecto con ip:77.226.173.227
8/7/2021 5:49:29 PM Se conecto con ip:77.226.173.227
8/7/2021 5:49:45 PM /IRA freirenico Mapa:1 X:206 Y:1161
8/7/2021 5:50:07 PM /TELEPLOC a x:208 Y:1162 Map:1
8/7/2021 5:51:36 PM /IRA aknot Mapa:8 X:14 Y:71
8/7/2021 5:52:48 PM Se conecto con ip:77.226.173.227
8/7/2021 5:53:10 PM Se conecto con ip:77.226.173.227
8/7/2021 6:23:20 PM Se conecto con ip:77.226.173.227
8/7/2021 6:30:03 PM Se conecto con ip:77.226.173.227
8/7/2021 6:30:29 PM /IRA nhew Mapa:8 X:71 Y:97
8/7/2021 6:33:21 PM Se conecto con ip:77.226.173.227
8/7/2021 6:39:53 PM Se conecto con ip:77.226.173.227
8/7/2021 6:40:01 PM Transportó a neosefirot hacia Mapa1 X:700 Y:700
8/7/2021 6:40:03 PM /TELEPLOC a x:81 Y:97 Map:1
8/7/2021 6:40:04 PM /TELEPLOC a x:81 Y:97 Map:1
8/7/2021 6:40:04 PM /TELEPLOC a x:81 Y:97 Map:1
8/7/2021 6:40:05 PM /TELEPLOC a x:81 Y:97 Map:1
8/7/2021 6:40:05 PM /TELEPLOC a x:81 Y:97 Map:1
8/7/2021 6:40:06 PM /TELEPLOC a x:81 Y:97 Map:1
8/7/2021 6:40:08 PM /TELEPLOC a x:81 Y:97 Map:1
8/7/2021 6:40:23 PM /SUM nhew Map:1 X:180 Y:1237
8/8/2021 4:44:20 AM Se conecto con ip:77.226.173.227
8/8/2021 4:44:36 AM neosefirot ha hecho un backup
8/8/2021 4:44:51 AM /TELEPLOC a x:180 Y:1236 Map:1
8/8/2021 4:48:36 AM /TELEPLOC a x:300 Y:895 Map:1
8/8/2021 4:48:36 AM /TELEPLOC a x:300 Y:895 Map:1
8/8/2021 4:51:07 AM /TELEPLOC a x:233 Y:1144 Map:1
8/8/2021 4:51:08 AM /TELEPLOC a x:233 Y:1144 Map:1
8/8/2021 4:51:09 AM /TELEPLOC a x:233 Y:1144 Map:1
8/8/2021 4:51:09 AM /TELEPLOC a x:233 Y:1144 Map:1
8/8/2021 4:51:10 AM /TELEPLOC a x:233 Y:1144 Map:1
8/8/2021 4:51:11 AM /TELEPLOC a x:233 Y:1144 Map:1
8/8/2021 4:51:12 AM /TELEPLOC a x:233 Y:1144 Map:1
8/8/2021 4:51:13 AM /TELEPLOC a x:233 Y:1144 Map:1
8/8/2021 4:51:14 AM /TELEPLOC a x:233 Y:1144 Map:1
8/8/2021 4:51:15 AM /TELEPLOC a x:233 Y:1144 Map:1
8/8/2021 4:55:45 AM Se conecto con ip:77.226.173.227
8/8/2021 4:59:54 AM /TELEPLOC a x:192 Y:1228 Map:1
8/8/2021 5:01:38 AM /IRA deidhara Mapa:1 X:727 Y:871
8/8/2021 5:01:44 AM /TELEPLOC a x:176 Y:1242 Map:1
8/8/2021 5:01:44 AM /TELEPLOC a x:176 Y:1242 Map:1
8/8/2021 5:01:45 AM /TELEPLOC a x:176 Y:1242 Map:1
8/8/2021 5:01:45 AM /TELEPLOC a x:176 Y:1242 Map:1
8/8/2021 5:01:46 AM /TELEPLOC a x:176 Y:1242 Map:1
8/8/2021 5:01:46 AM /TELEPLOC a x:176 Y:1242 Map:1
8/8/2021 5:01:47 AM /TELEPLOC a x:176 Y:1242 Map:1
8/8/2021 5:04:46 AM /SUM nhew Map:1 X:300 Y:861
8/8/2021 5:26:39 AM Se conecto con ip:77.226.173.227
8/8/2021 5:26:51 AM /IRA freirenico Mapa:1 X:252 Y:1134
8/8/2021 5:27:50 AM /INVISIBLE
8/8/2021 5:32:04 AM /IRA la criatura Mapa:8 X:75 Y:54
8/8/2021 10:27:54 AM Se conecto con ip:77.226.173.227
8/9/2021 3:52:28 AM Se conecto con ip:77.226.173.227
8/9/2021 3:56:02 AM Se conecto con ip:77.226.173.227
8/9/2021 6:37:22 AM Se conecto con ip:109.205.134.74
8/9/2021 6:38:37 AM Transportó a neosefirot hacia Mapa1 X:194 Y:1252
8/9/2021 6:44:00 AM Se conecto con ip:109.205.134.74
8/9/2021 6:44:09 AM /INVISIBLE
8/9/2021 6:44:13 AM /INVISIBLE
8/9/2021 6:45:20 AM Se conecto con ip:109.205.134.74
8/9/2021 6:46:28 AM /MOD ORO 2000000  neosefirot
8/9/2021 6:47:22 AM /MOD LEVEL 30  neosefirot
8/9/2021 6:47:30 AM /MOD LEVEL 45  neosefirot
8/9/2021 6:49:53 AM /TELEPLOC a x:160 Y:1219 Map:1
8/9/2021 6:49:54 AM /TELEPLOC a x:160 Y:1219 Map:1
8/9/2021 6:49:54 AM /TELEPLOC a x:160 Y:1219 Map:1
8/9/2021 6:49:55 AM /TELEPLOC a x:160 Y:1219 Map:1
8/9/2021 6:49:55 AM /TELEPLOC a x:160 Y:1219 Map:1
8/9/2021 6:49:56 AM /TELEPLOC a x:160 Y:1219 Map:1
8/9/2021 6:49:56 AM /TELEPLOC a x:160 Y:1219 Map:1
8/9/2021 6:50:29 AM /MOD ORO 200000  FreireNico
8/9/2021 6:50:42 AM /MOD ORO 200000000000  FreireNico
8/9/2021 6:51:00 AM /MOD ORO 200000000  FreireNico
8/9/2021 6:51:08 AM /MOD LEVEL 45  Freirenico
8/9/2021 6:51:21 AM /MOD ORO 2000000  FreireNico
