8/7/2021 6:42:56 PM Se conecto con ip:201.235.77.141
8/7/2021 6:43:14 PM /TELEPLOC a x:183 Y:1237 Map:1
8/7/2021 6:43:17 PM /TELEPLOC a x:183 Y:1237 Map:1
8/7/2021 6:43:56 PM /MOD HEAD 4  nhew
8/7/2021 6:45:13 PM /TELEPLOC a x:190 Y:1235 Map:1
8/7/2021 6:45:14 PM /TELEPLOC a x:190 Y:1235 Map:1
8/7/2021 6:46:05 PM /TELEPLOC a x:188 Y:1232 Map:1
8/7/2021 6:46:05 PM /TELEPLOC a x:188 Y:1232 Map:1
8/7/2021 6:46:06 PM /TELEPLOC a x:188 Y:1232 Map:1
8/7/2021 6:48:07 PM /TELEPLOC a x:192 Y:1219 Map:1
8/7/2021 6:48:08 PM /TELEPLOC a x:192 Y:1219 Map:1
8/7/2021 6:48:08 PM /TELEPLOC a x:192 Y:1219 Map:1
8/7/2021 6:48:09 PM /TELEPLOC a x:192 Y:1219 Map:1
8/7/2021 6:48:17 PM /TELEPLOC a x:192 Y:1219 Map:1
8/7/2021 6:48:17 PM /TELEPLOC a x:192 Y:1219 Map:1
8/7/2021 6:48:19 PM /TELEPLOC a x:192 Y:1219 Map:1
8/7/2021 6:48:19 PM /TELEPLOC a x:192 Y:1219 Map:1
8/7/2021 6:48:54 PM /TELEPLOC a x:68 Y:71 Map:8
8/7/2021 6:51:21 PM Agarro:1 Objeto:Pollo
8/7/2021 6:51:45 PM Agarro:96 Objeto:Monedas de Oro
8/7/2021 6:51:47 PM Agarro:61 Objeto:Monedas de Oro
8/7/2021 6:54:00 PM /MOD ORO 100000  nhew
8/7/2021 6:57:03 PM Se conecto con ip:201.235.77.141
8/7/2021 6:57:09 PM /MOD HEAD 4  nhew
8/7/2021 6:57:11 PM Sumoneo con respawn Vaca en mapa 8
8/7/2021 6:57:15 PM /MATA 
8/7/2021 6:57:20 PM Sumoneo con respawn Virgin en mapa 8
8/7/2021 6:57:26 PM /MATA 
8/7/2021 7:07:24 PM Se conecto con ip:201.235.77.141
8/7/2021 7:07:26 PM /TELEPLOC a x:0 Y:0 Map:8
8/7/2021 7:07:26 PM /TELEPLOC a x:0 Y:0 Map:8
8/7/2021 7:07:27 PM /TELEPLOC a x:0 Y:0 Map:8
8/7/2021 7:07:27 PM /TELEPLOC a x:0 Y:0 Map:8
8/7/2021 7:08:31 PM /TELEPLOC a x:76 Y:99 Map:8
8/7/2021 7:08:32 PM /TELEPLOC a x:76 Y:99 Map:8
8/7/2021 7:08:32 PM /TELEPLOC a x:76 Y:99 Map:8
8/7/2021 7:09:05 PM Agarro:166 Objeto:Monedas de Oro
8/7/2021 7:10:43 PM Se conecto con ip:201.235.77.141
8/7/2021 7:15:15 PM Se conecto con ip:201.235.77.141
8/7/2021 7:15:34 PM /TELEPLOC a x:66 Y:93 Map:8
8/7/2021 7:15:34 PM /TELEPLOC a x:66 Y:93 Map:8
8/7/2021 7:15:36 PM /TELEPLOC a x:66 Y:93 Map:8
8/7/2021 7:15:36 PM /TELEPLOC a x:71 Y:98 Map:8
8/7/2021 7:16:29 PM Agarro:92 Objeto:Monedas de Oro
8/7/2021 7:16:33 PM /IRA nashe Mapa:1 X:304 Y:854
8/7/2021 7:16:42 PM /MOD HEAD 4  nhew
8/7/2021 7:16:53 PM /TELEPLOC a x:302 Y:847 Map:1
8/7/2021 7:16:53 PM /TELEPLOC a x:302 Y:847 Map:1
8/7/2021 7:16:55 PM /TELEPLOC a x:302 Y:847 Map:1
8/7/2021 7:17:23 PM /SUM kayser Map:1 X:301 Y:854
8/7/2021 7:17:28 PM /SUM kayser Map:1 X:301 Y:863
8/7/2021 7:17:34 PM /TELEPLOC a x:302 Y:847 Map:1
8/7/2021 7:17:35 PM /TELEPLOC a x:302 Y:847 Map:1
8/7/2021 7:18:32 PM /SUM kayser Map:1 X:300 Y:864
8/7/2021 7:18:47 PM /LLUVIA
8/7/2021 7:19:45 PM /MOD ORO 100000  nashe
8/7/2021 7:19:48 PM /TELEPLOC a x:303 Y:867 Map:1
8/7/2021 7:20:01 PM /TELEPLOC a x:308 Y:869 Map:1
8/7/2021 7:20:01 PM /TELEPLOC a x:308 Y:869 Map:1
8/7/2021 7:20:02 PM /TELEPLOC a x:308 Y:869 Map:1
8/7/2021 7:20:03 PM /TELEPLOC a x:308 Y:869 Map:1
8/7/2021 7:20:05 PM /TELEPLOC a x:308 Y:869 Map:8
8/7/2021 7:20:05 PM /TELEPLOC a x:308 Y:869 Map:8
8/7/2021 7:20:05 PM /TELEPLOC a x:308 Y:869 Map:8
8/7/2021 7:20:06 PM /TELEPLOC a x:308 Y:869 Map:8
8/7/2021 7:20:06 PM /TELEPLOC a x:308 Y:869 Map:8
8/7/2021 7:20:10 PM /TELEPLOC a x:308 Y:869 Map:8
8/7/2021 7:20:15 PM /TELEPLOC a x:70 Y:55 Map:8
8/7/2021 7:20:18 PM /TELEPLOC a x:70 Y:55 Map:8
8/7/2021 7:21:04 PM /SUM nashe Map:8 X:55 Y:72
8/7/2021 7:21:21 PM /TELEPLOC a x:70 Y:53 Map:8
8/7/2021 7:21:24 PM /TELEPLOC a x:70 Y:53 Map:8
8/7/2021 7:21:27 PM /SUM nashe Map:8 X:74 Y:38
8/7/2021 7:21:30 PM Resucito a nashe
8/7/2021 7:22:19 PM Agarro:140 Objeto:Monedas de Oro
8/7/2021 7:22:20 PM Agarro:306 Objeto:Monedas de Oro
8/7/2021 7:22:35 PM /TELEPLOC a x:92 Y:34 Map:8
8/7/2021 7:22:36 PM /TELEPLOC a x:92 Y:34 Map:8
8/7/2021 7:22:37 PM /TELEPLOC a x:92 Y:34 Map:8
8/7/2021 7:22:40 PM /SUM kayser Map:8 X:87 Y:51
8/7/2021 7:22:45 PM /SUM nashe Map:8 X:86 Y:51
8/7/2021 7:23:23 PM /MOD ORO 500000  kayser
8/7/2021 7:23:45 PM /TELEPLOC a x:77 Y:55 Map:8
8/7/2021 7:24:00 PM /CT 500,400,500
8/7/2021 7:24:14 PM Se conecto con ip:201.235.77.141
8/7/2021 7:24:52 PM /IRA kayser Mapa:8 X:84 Y:62
8/7/2021 7:25:38 PM /TELEPLOC a x:81 Y:48 Map:8
8/7/2021 7:25:39 PM /TELEPLOC a x:81 Y:48 Map:8
8/7/2021 7:25:40 PM /TELEPLOC a x:81 Y:48 Map:8
8/7/2021 7:25:51 PM /TELEPLOC a x:92 Y:70 Map:8
8/7/2021 7:26:02 PM Sumoneo con respawn Vaca en mapa 8
8/7/2021 7:26:05 PM /MATA 
8/7/2021 7:26:07 PM Sumoneo con respawn Sacerdotisa de Nix en mapa 8
8/7/2021 7:26:16 PM /MATA 
8/7/2021 7:27:38 PM Sumoneo con respawn Lilith en mapa 8
8/7/2021 7:27:46 PM /MATA 
8/7/2021 7:27:51 PM Tiro cantidad:111 Objeto:Poción Verde
8/7/2021 7:27:53 PM Tiro cantidad:111 Objeto:Poción Amarilla
8/7/2021 7:28:02 PM /TELEPLOC a x:88 Y:70 Map:8
8/7/2021 7:28:28 PM Se conecto con ip:201.235.77.141
8/7/2021 7:28:33 PM /TELEPLOC a x:96 Y:73 Map:8
8/7/2021 7:28:34 PM /TELEPLOC a x:96 Y:73 Map:8
8/7/2021 7:28:34 PM /TELEPLOC a x:96 Y:73 Map:8
8/7/2021 7:28:35 PM /TELEPLOC a x:96 Y:73 Map:8
8/7/2021 7:29:05 PM Sumoneo con respawn Lilith en mapa 8
8/7/2021 7:29:13 PM /MATA 
8/7/2021 7:29:17 PM Tiro cantidad:444 Objeto:Poción Azul
8/7/2021 7:29:22 PM /MOD ORO 5000000  nhew
8/7/2021 7:29:26 PM /MOD ORO 500000  nhew
8/7/2021 7:29:39 PM /IRA kayser Mapa:1 X:302 Y:860
8/7/2021 7:29:45 PM /TELEPLOC a x:298 Y:871 Map:1
8/7/2021 7:29:45 PM /TELEPLOC a x:298 Y:871 Map:1
8/7/2021 7:29:45 PM /TELEPLOC a x:298 Y:871 Map:1
8/7/2021 7:29:47 PM /TELEPLOC a x:298 Y:871 Map:1
8/7/2021 7:29:55 PM /TELEPLOC a x:280 Y:872 Map:1
8/7/2021 7:29:55 PM /TELEPLOC a x:280 Y:872 Map:1
8/7/2021 7:29:56 PM /TELEPLOC a x:280 Y:872 Map:1
8/7/2021 7:29:56 PM /TELEPLOC a x:280 Y:872 Map:1
8/7/2021 7:29:57 PM /TELEPLOC a x:280 Y:872 Map:1
8/7/2021 7:30:02 PM /TELEPLOC a x:317 Y:841 Map:1
8/7/2021 7:30:33 PM /TELEPLOC a x:319 Y:843 Map:1
8/7/2021 7:30:48 PM /TELEPLOC a x:326 Y:843 Map:1
8/7/2021 7:30:48 PM /TELEPLOC a x:326 Y:843 Map:1
8/7/2021 7:30:48 PM /TELEPLOC a x:326 Y:843 Map:1
8/7/2021 7:30:55 PM /MOD ORO 500000  nashe
8/7/2021 7:31:00 PM /MOD ORO 500000  kayser
8/7/2021 7:31:06 PM /TELEPLOC a x:326 Y:843 Map:1
8/7/2021 7:31:07 PM /TELEPLOC a x:326 Y:843 Map:1
8/7/2021 7:31:35 PM /TELEPLOC a x:326 Y:843 Map:1
8/7/2021 7:31:35 PM /TELEPLOC a x:326 Y:843 Map:1
8/7/2021 7:31:36 PM /TELEPLOC a x:299 Y:863 Map:1
8/7/2021 7:31:37 PM /TELEPLOC a x:299 Y:863 Map:1
8/7/2021 7:31:37 PM /TELEPLOC a x:299 Y:863 Map:1
8/7/2021 7:31:37 PM /TELEPLOC a x:299 Y:863 Map:1
8/7/2021 7:31:38 PM /TELEPLOC a x:299 Y:863 Map:1
8/7/2021 7:31:39 PM /TELEPLOC a x:299 Y:863 Map:1
8/7/2021 7:31:39 PM /TELEPLOC a x:299 Y:863 Map:1
8/7/2021 7:31:41 PM /TELEPLOC a x:299 Y:863 Map:1
8/7/2021 7:31:45 PM /TELEPLOC a x:299 Y:863 Map:1
8/7/2021 7:31:45 PM /TELEPLOC a x:299 Y:863 Map:1
8/7/2021 7:31:49 PM /TELEPLOC a x:271 Y:842 Map:1
8/7/2021 7:31:50 PM /TELEPLOC a x:271 Y:842 Map:1
8/7/2021 7:31:50 PM /TELEPLOC a x:271 Y:842 Map:1
8/7/2021 7:32:55 PM Tiro cantidad:5 Objeto:Poción Amarilla
8/7/2021 7:32:58 PM Tiro cantidad:5 Objeto:Poción Verde
8/7/2021 7:33:14 PM /TELEPLOC a x:295 Y:917 Map:1
8/7/2021 7:33:14 PM /TELEPLOC a x:295 Y:917 Map:1
8/7/2021 7:34:22 PM /SUM nashe Map:1 X:217 Y:1089
8/7/2021 7:34:33 PM /SUM bramh Map:1 X:201 Y:1119
8/7/2021 7:34:41 PM Tiro cantidad:555 Objeto:Poción Azul
8/7/2021 7:34:44 PM Tiro cantidad:106 Objeto:Poción Verde
8/7/2021 7:34:45 PM Tiro cantidad:106 Objeto:Poción Amarilla
8/7/2021 7:34:48 PM Tiro cantidad:111 Objeto:Poción Roja
8/7/2021 7:34:49 PM Tiro cantidad:1 Objeto:Espada Larga
8/7/2021 7:34:50 PM Tiro cantidad:1 Objeto:Mazo del Juicio
8/7/2021 7:34:53 PM Tiro cantidad:555 Objeto:Poción Roja
8/7/2021 7:35:03 PM /MOD HEAD 4  kayser
8/7/2021 7:35:05 PM /TELEPLOC a x:196 Y:1135 Map:1
8/7/2021 7:35:17 PM /MOD HEAD 11  nashe
8/7/2021 7:35:20 PM /TELEPLOC a x:186 Y:1187 Map:1
8/7/2021 7:35:21 PM /TELEPLOC a x:186 Y:1187 Map:1
8/7/2021 7:35:21 PM /TELEPLOC a x:186 Y:1187 Map:1
8/7/2021 7:35:22 PM /TELEPLOC a x:186 Y:1187 Map:1
8/7/2021 7:35:48 PM /TELEPLOC a x:198 Y:1208 Map:1
8/7/2021 7:35:50 PM /TELEPLOC a x:198 Y:1208 Map:1
8/7/2021 7:35:50 PM /TELEPLOC a x:198 Y:1208 Map:1
8/7/2021 7:35:51 PM /TELEPLOC a x:198 Y:1208 Map:1
8/7/2021 7:35:52 PM /TELEPLOC a x:198 Y:1208 Map:1
8/7/2021 7:35:53 PM /TELEPLOC a x:198 Y:1208 Map:1
8/7/2021 7:35:54 PM /TELEPLOC a x:198 Y:1208 Map:1
8/7/2021 7:35:55 PM /TELEPLOC a x:198 Y:1208 Map:1
8/7/2021 7:35:57 PM /TELEPLOC a x:198 Y:1208 Map:1
8/7/2021 7:36:02 PM /TELEPLOC a x:198 Y:1208 Map:1
8/7/2021 7:36:02 PM /TELEPLOC a x:198 Y:1208 Map:1
8/7/2021 7:36:03 PM /TELEPLOC a x:198 Y:1208 Map:1
8/7/2021 7:36:39 PM /MOD ORO 10000000  nhew
8/7/2021 7:36:48 PM /MOD ORO 5000000  nhew
8/7/2021 7:36:52 PM /MOD ORO 500000  nhew
8/7/2021 7:37:01 PM /SUM kayser Map:1 X:148 Y:1229
8/7/2021 7:37:03 PM /SUM bramh Map:1 X:148 Y:1229
8/7/2021 7:37:16 PM /MOD ORO 5000000  bramh
8/7/2021 7:37:21 PM /MOD ORO 500000  bramh
8/7/2021 7:37:27 PM /MOD ORO 50000  bramh
8/7/2021 7:37:35 PM /MOD ORO 500000  nashe
8/7/2021 7:37:47 PM /MOD SKILLS magia 100 nashe
8/7/2021 7:38:03 PM /MOD SKILLS magia 100 kayser
8/7/2021 7:38:53 PM /MOD SKILLS comerciar 100 nhew
8/7/2021 7:39:20 PM /TELEPLOC a x:155 Y:1231 Map:1
8/7/2021 7:39:21 PM /TELEPLOC a x:155 Y:1231 Map:1
8/7/2021 7:39:21 PM /TELEPLOC a x:155 Y:1231 Map:1
8/7/2021 7:39:41 PM /TELEPLOC a x:154 Y:1230 Map:1
8/7/2021 7:39:42 PM /TELEPLOC a x:154 Y:1230 Map:1
8/7/2021 7:39:42 PM /TELEPLOC a x:154 Y:1230 Map:1
8/7/2021 7:39:43 PM /TELEPLOC a x:154 Y:1230 Map:1
8/7/2021 7:40:43 PM Tiro cantidad:1424 Objeto:Poción Azul
8/7/2021 7:40:44 PM Agarro:1424 Objeto:Poción Azul
8/7/2021 7:40:50 PM Tiro cantidad:1424 Objeto:Poción Azul
8/7/2021 7:40:52 PM Agarro:1424 Objeto:Poción Azul
8/7/2021 7:40:53 PM Tiro cantidad:1334 Objeto:Poción Roja
8/7/2021 7:40:54 PM Agarro:1334 Objeto:Poción Roja
8/7/2021 7:40:58 PM Echo a KAYSER
8/7/2021 7:41:14 PM /TELEPLOC a x:245 Y:1167 Map:1
8/7/2021 7:42:09 PM /IRA NASHE Mapa:13 X:71 Y:714
8/7/2021 7:42:12 PM /SUM KAYSER Map:13 X:71 Y:715
8/7/2021 7:43:18 PM Sumoneo con respawn Sacerdotisa de Nix en mapa 13
8/7/2021 7:43:27 PM /MASSKILL
8/7/2021 7:43:51 PM /TELEPLOC a x:71 Y:688 Map:13
8/7/2021 7:43:55 PM /TELEPLOC a x:105 Y:685 Map:13
8/7/2021 7:43:56 PM /TELEPLOC a x:105 Y:685 Map:13
8/7/2021 7:43:57 PM /TELEPLOC a x:105 Y:685 Map:13
8/7/2021 7:43:57 PM /TELEPLOC a x:105 Y:685 Map:13
8/7/2021 7:44:42 PM Resucito a kayser
8/7/2021 7:44:50 PM /MOD EXP 20000000  kayser
8/7/2021 7:44:58 PM /MOD EXP 20000000  nashe
8/7/2021 7:45:32 PM Resucito a nashe
8/7/2021 7:45:47 PM Resucito a kayser
8/7/2021 7:46:05 PM Resucito a nashe
8/7/2021 7:46:48 PM /MOD EXP 20000000  kayser
8/7/2021 7:46:52 PM /MOD EXP 20000000  nashe
8/7/2021 7:47:03 PM /MOD EXP 20000000  kayser
8/7/2021 7:47:05 PM /SUM bramh Map:13 X:61 Y:701
8/7/2021 7:47:14 PM /MOD EXP 20000000  bramh
8/7/2021 7:47:23 PM /MOD EXP 20000000  bramh
8/7/2021 7:47:25 PM /MOD EXP 20000000  bramh
8/7/2021 7:47:32 PM /MOD EXP 20000000  nashe
8/7/2021 7:47:34 PM /MOD EXP 20000000  nashe
8/7/2021 7:47:36 PM /MOD EXP 20000000  nashe
8/7/2021 7:47:39 PM Resucito a nashe
8/7/2021 7:47:51 PM /MOD EXP 20000000  kayser
8/7/2021 7:47:54 PM /MOD EXP 20000000  kayser
8/7/2021 7:47:56 PM /MOD EXP 20000000  kayser
8/7/2021 7:48:00 PM /MOD EXP 20000000  kayser
8/7/2021 7:48:58 PM /MOD EXP 20000000  kolper
8/7/2021 7:49:00 PM /MOD EXP 20000000  kolper
8/7/2021 7:49:01 PM /MOD EXP 20000000  kolper
8/7/2021 7:49:11 PM /MOD EXP 20000000  kolper
8/7/2021 7:49:45 PM Sumoneo con respawn Sacerdotisa de Nix en mapa 13
8/7/2021 7:49:49 PM /MASSKILL
8/7/2021 7:49:59 PM /TELEPLOC a x:51 Y:697 Map:13
8/7/2021 7:50:00 PM /TELEPLOC a x:51 Y:697 Map:13
8/7/2021 7:50:01 PM /TELEPLOC a x:51 Y:697 Map:13
8/7/2021 7:50:03 PM /TELEPLOC a x:51 Y:697 Map:13
8/7/2021 7:50:04 PM /TELEPLOC a x:51 Y:697 Map:13
8/7/2021 7:50:24 PM /MOD EXP 20000000  kolper
8/7/2021 7:50:29 PM Se conecto con ip:201.235.77.141
8/7/2021 7:50:31 PM /TELEPLOC a x:74 Y:698 Map:13
8/7/2021 7:50:39 PM /MOD EXP 20000000  kolper
8/7/2021 7:50:49 PM /MOD EXP 20000000  bramh
8/7/2021 7:50:53 PM /MOD EXP 20000000  bramh
8/7/2021 7:51:31 PM /MOD EXP 20000000  moe szyslak
8/7/2021 7:51:34 PM /MOD EXP 20000000  moe szyslak
8/7/2021 7:51:36 PM /MOD EXP 20000000 moe+szyslak moe szyslak
8/7/2021 7:51:36 PM /MOD EXP 20000000  moe szyslak
8/7/2021 7:51:37 PM /MOD EXP 20000000  moe szyslak
8/7/2021 7:51:37 PM /MOD EXP 20000000  moe szyslak
8/7/2021 7:51:38 PM /MOD EXP 20000000  moe szyslak
8/7/2021 7:51:38 PM /MOD EXP 20000000 moe+szyslak moe szyslak
8/7/2021 7:51:39 PM /MOD EXP 20000000  moe szyslak
8/7/2021 7:51:39 PM /MOD EXP 20000000 moe+szyslak moe szyslak
8/7/2021 7:51:39 PM /MOD EXP 20000000  moe szyslak
8/7/2021 7:51:40 PM /MOD EXP 20000000  moe szyslak
8/7/2021 7:51:40 PM /MOD EXP 20000000  moe szyslak
8/7/2021 7:51:41 PM /MOD EXP 20000000  moe szyslak
8/7/2021 7:51:51 PM /TELEPLOC a x:79 Y:704 Map:13
8/7/2021 7:51:54 PM /TELEPLOC a x:79 Y:704 Map:13
8/7/2021 7:52:08 PM /SUM kolper Map:13 X:67 Y:713
8/7/2021 7:52:10 PM /SUM bramh Map:13 X:67 Y:713
8/7/2021 7:52:12 PM /SUM nashe Map:13 X:67 Y:713
8/7/2021 7:52:14 PM /SUM kayser Map:13 X:64 Y:712
8/7/2021 7:52:19 PM Resucito a kayser
8/7/2021 7:52:41 PM /MOD ORO 5000000  nashe
8/7/2021 7:52:44 PM /MOD ORO 500000  nashe
8/7/2021 7:52:54 PM /MOD ORO 9000000  nashe
8/7/2021 7:53:02 PM /MOD ORO 900000  nashe
8/7/2021 7:53:11 PM /MOD ORO 900000  kolper
8/7/2021 7:53:29 PM /MOD ORO 900000  bramh
8/7/2021 7:53:44 PM /MOD ORO 900000  kayser
8/7/2021 7:53:52 PM /MOD ORO 900000  nashe
8/7/2021 7:54:02 PM /MOD ORO 900000  kayser
8/7/2021 7:54:04 PM /SUM kayser Map:1 X:149 Y:1235
8/7/2021 7:56:08 PM Resucito a bramh
8/7/2021 7:57:22 PM Se conecto con ip:201.235.77.141
8/7/2021 7:58:29 PM Se conecto con ip:201.235.77.141
8/7/2021 7:59:31 PM Transportó a Nhew hacia Mapa1 X:163 Y:1200
8/7/2021 7:59:39 PM Transportó a Nhew hacia Mapa1 X:300 Y:1200
8/7/2021 7:59:45 PM /TELEPLOC a x:170 Y:1213 Map:1
8/7/2021 7:59:45 PM /TELEPLOC a x:298 Y:1168 Map:1
8/7/2021 7:59:46 PM /TELEPLOC a x:298 Y:1168 Map:1
8/7/2021 7:59:46 PM /TELEPLOC a x:298 Y:1168 Map:1
8/7/2021 7:59:49 PM Transportó a Nhew hacia Mapa1 X:362 Y:464
8/7/2021 7:59:50 PM Transportó a Nhew hacia Mapa1 X:241 Y:509
8/7/2021 7:59:50 PM Transportó a Nhew hacia Mapa1 X:362 Y:374
8/7/2021 7:59:51 PM Transportó a Nhew hacia Mapa1 X:263 Y:239
8/7/2021 7:59:51 PM Transportó a Nhew hacia Mapa1 X:263 Y:179
8/7/2021 7:59:59 PM /TELEPLOC a x:270 Y:179 Map:1
8/7/2021 7:59:59 PM /TELEPLOC a x:270 Y:179 Map:1
8/7/2021 8:00:00 PM /TELEPLOC a x:270 Y:179 Map:1
8/7/2021 8:00:00 PM /TELEPLOC a x:270 Y:179 Map:1
8/7/2021 8:00:01 PM /TELEPLOC a x:270 Y:179 Map:1
8/7/2021 8:00:01 PM /TELEPLOC a x:270 Y:179 Map:1
8/7/2021 8:00:05 PM /TELEPLOC a x:270 Y:179 Map:1
8/7/2021 8:00:06 PM /SUM bramh Map:1 X:307 Y:236
8/7/2021 8:00:10 PM /SUM kayser Map:1 X:307 Y:236
8/7/2021 8:00:12 PM /SUM nashe Map:1 X:307 Y:236
8/7/2021 8:00:15 PM Intento perdonar un personaje de nivel avanzado.
8/7/2021 8:00:19 PM Intento perdonar un personaje de nivel avanzado.
8/7/2021 8:00:44 PM /SUM nashe Map:1 X:305 Y:237
8/7/2021 8:00:50 PM /TELEPLOC a x:311 Y:234 Map:1
8/7/2021 8:00:51 PM /TELEPLOC a x:311 Y:234 Map:1
8/7/2021 8:00:52 PM /TELEPLOC a x:311 Y:234 Map:1
8/7/2021 8:00:52 PM /TELEPLOC a x:311 Y:234 Map:1
8/7/2021 8:00:53 PM /TELEPLOC a x:311 Y:234 Map:1
8/7/2021 8:00:54 PM /TELEPLOC a x:311 Y:234 Map:1
8/7/2021 8:00:54 PM /TELEPLOC a x:311 Y:234 Map:1
8/7/2021 8:00:55 PM /TELEPLOC a x:311 Y:234 Map:1
8/7/2021 8:00:55 PM /TELEPLOC a x:311 Y:234 Map:1
8/7/2021 8:00:57 PM /TELEPLOC a x:311 Y:234 Map:1
8/7/2021 8:00:58 PM /TELEPLOC a x:311 Y:234 Map:1
8/7/2021 8:01:01 PM /TELEPLOC a x:311 Y:234 Map:1
8/7/2021 8:01:12 PM Transportó a Nhew hacia Mapa1 X:1000 Y:224
8/7/2021 8:01:12 PM Transportó a Nhew hacia Mapa1 X:956 Y:194
8/7/2021 8:01:15 PM /SUM nashe Map:1 X:956 Y:194
8/7/2021 8:01:18 PM /SUM kayser Map:1 X:956 Y:194
8/7/2021 8:01:21 PM /SUM bramh Map:1 X:956 Y:194
8/7/2021 8:01:36 PM /TELEPLOC a x:978 Y:190 Map:1
8/7/2021 8:01:41 PM Transportó a Nhew hacia Mapa1 X:879 Y:389
8/7/2021 8:01:42 PM Transportó a Nhew hacia Mapa1 X:956 Y:614
8/7/2021 8:01:42 PM Transportó a Nhew hacia Mapa1 X:934 Y:719
8/7/2021 8:01:43 PM Transportó a Nhew hacia Mapa1 X:1011 Y:914
8/7/2021 8:01:44 PM Transportó a Nhew hacia Mapa1 X:890 Y:929
8/7/2021 8:01:45 PM Transportó a Nhew hacia Mapa1 X:692 Y:929
8/7/2021 8:01:45 PM Transportó a Nhew hacia Mapa1 X:615 Y:914
8/7/2021 8:01:45 PM Transportó a Nhew hacia Mapa1 X:538 Y:899
8/7/2021 8:01:46 PM Transportó a Nhew hacia Mapa1 X:659 Y:959
8/7/2021 8:01:47 PM Transportó a Nhew hacia Mapa1 X:703 Y:839
8/7/2021 8:01:47 PM Transportó a Nhew hacia Mapa1 X:692 Y:689
8/7/2021 8:01:47 PM Transportó a Nhew hacia Mapa1 X:736 Y:764
8/7/2021 8:01:48 PM Transportó a Nhew hacia Mapa1 X:736 Y:794
8/7/2021 8:01:48 PM Transportó a Nhew hacia Mapa1 X:725 Y:839
8/7/2021 8:01:49 PM Transportó a Nhew hacia Mapa1 X:714 Y:764
8/7/2021 8:01:49 PM Transportó a Nhew hacia Mapa1 X:648 Y:899
8/7/2021 8:01:53 PM /SUM nashe Map:1 X:647 Y:899
8/7/2021 8:02:00 PM /SUM kayser Map:1 X:650 Y:897
8/7/2021 8:02:05 PM /TELEPLOC a x:650 Y:897 Map:1
8/7/2021 8:02:07 PM Transportó a Nhew hacia Mapa1 X:362 Y:689
8/7/2021 8:02:08 PM Transportó a Nhew hacia Mapa1 X:263 Y:614
8/7/2021 8:02:08 PM Transportó a Nhew hacia Mapa1 X:186 Y:569
8/7/2021 8:02:08 PM Transportó a Nhew hacia Mapa1 X:131 Y:584
8/7/2021 8:02:09 PM Transportó a Nhew hacia Mapa1 X:54 Y:749
8/7/2021 8:02:09 PM Transportó a Nhew hacia Mapa1 X:54 Y:824
8/7/2021 8:02:09 PM Transportó a Nhew hacia Mapa1 X:76 Y:1034
8/7/2021 8:02:10 PM Transportó a Nhew hacia Mapa1 X:76 Y:1064
8/7/2021 8:02:10 PM Transportó a Nhew hacia Mapa1 X:76 Y:839
8/7/2021 8:02:10 PM Transportó a Nhew hacia Mapa1 X:65 Y:659
8/7/2021 8:02:11 PM Transportó a Nhew hacia Mapa1 X:65 Y:599
8/7/2021 8:02:11 PM Transportó a Nhew hacia Mapa1 X:76 Y:374
8/7/2021 8:02:11 PM Transportó a Nhew hacia Mapa1 X:450 Y:329
8/7/2021 8:02:11 PM Transportó a Nhew hacia Mapa1 X:835 Y:464
8/7/2021 8:02:12 PM Transportó a Nhew hacia Mapa1 X:846 Y:494
8/7/2021 8:02:12 PM Transportó a Nhew hacia Mapa1 X:846 Y:689
8/7/2021 8:02:13 PM Transportó a Nhew hacia Mapa1 X:879 Y:824
8/7/2021 8:02:13 PM Transportó a Nhew hacia Mapa1 X:934 Y:884
8/7/2021 8:02:14 PM Transportó a Nhew hacia Mapa1 X:967 Y:929
8/7/2021 8:02:16 PM /TELEPLOC a x:972 Y:927 Map:1
8/7/2021 8:02:16 PM /TELEPLOC a x:972 Y:927 Map:1
8/7/2021 8:02:17 PM /TELEPLOC a x:972 Y:927 Map:1
8/7/2021 8:02:18 PM /TELEPLOC a x:972 Y:927 Map:1
8/7/2021 8:02:18 PM /TELEPLOC a x:972 Y:927 Map:1
8/7/2021 8:02:19 PM /TELEPLOC a x:972 Y:927 Map:1
8/7/2021 8:02:19 PM /TELEPLOC a x:972 Y:927 Map:1
8/7/2021 8:02:20 PM /TELEPLOC a x:972 Y:927 Map:1
8/7/2021 8:02:20 PM /TELEPLOC a x:972 Y:927 Map:1
8/7/2021 8:02:21 PM /TELEPLOC a x:972 Y:927 Map:1
8/7/2021 8:02:21 PM /TELEPLOC a x:972 Y:927 Map:1
8/7/2021 8:02:22 PM /TELEPLOC a x:972 Y:927 Map:1
8/7/2021 8:02:23 PM /TELEPLOC a x:972 Y:927 Map:1
8/7/2021 8:02:23 PM /TELEPLOC a x:972 Y:927 Map:1
8/7/2021 8:02:23 PM /TELEPLOC a x:972 Y:927 Map:1
8/7/2021 8:02:24 PM /TELEPLOC a x:972 Y:927 Map:1
8/7/2021 8:02:25 PM /TELEPLOC a x:972 Y:927 Map:1
8/7/2021 8:02:29 PM Transportó a Nhew hacia Mapa1 X:527 Y:1199
8/7/2021 8:02:29 PM Transportó a Nhew hacia Mapa1 X:560 Y:1214
8/7/2021 8:02:30 PM Transportó a Nhew hacia Mapa1 X:769 Y:1349
8/7/2021 8:02:30 PM Transportó a Nhew hacia Mapa1 X:538 Y:1364
8/7/2021 8:02:32 PM /TELEPLOC a x:972 Y:927 Map:1
8/7/2021 8:02:35 PM /TELEPLOC a x:972 Y:927 Map:1
8/7/2021 8:02:36 PM /TELEPLOC a x:972 Y:927 Map:1
8/7/2021 8:02:37 PM /TELEPLOC a x:972 Y:927 Map:1
8/7/2021 8:02:47 PM /IRA kayser Mapa:1 X:635 Y:822
8/7/2021 8:03:08 PM /SUM bramh Map:1 X:640 Y:820
8/7/2021 8:03:15 PM Transportó a Nhew hacia Mapa1 X:868 Y:1064
8/7/2021 8:03:15 PM Transportó a Nhew hacia Mapa1 X:912 Y:1379
8/7/2021 8:03:16 PM Transportó a Nhew hacia Mapa1 X:791 Y:719
8/7/2021 8:03:16 PM Transportó a Nhew hacia Mapa1 X:626 Y:494
8/7/2021 8:03:16 PM Transportó a Nhew hacia Mapa1 X:538 Y:419
8/7/2021 8:03:17 PM Transportó a Nhew hacia Mapa1 X:538 Y:374
8/7/2021 8:03:17 PM Transportó a Nhew hacia Mapa1 X:538 Y:269
8/7/2021 8:03:18 PM Transportó a Nhew hacia Mapa1 X:681 Y:389
8/7/2021 8:03:18 PM Transportó a Nhew hacia Mapa1 X:395 Y:224
8/7/2021 8:03:18 PM Transportó a Nhew hacia Mapa1 X:307 Y:209
8/7/2021 8:03:21 PM Transportó a Nhew hacia Mapa1 X:626 Y:704
8/7/2021 8:03:21 PM Transportó a Nhew hacia Mapa1 X:769 Y:659
8/7/2021 8:03:22 PM Transportó a Nhew hacia Mapa1 X:978 Y:1049
8/7/2021 8:03:24 PM Transportó a Nhew hacia Mapa1 X:912 Y:989
8/7/2021 8:03:24 PM Transportó a Nhew hacia Mapa1 X:483 Y:869
8/7/2021 8:03:25 PM Transportó a Nhew hacia Mapa1 X:791 Y:599
8/7/2021 8:03:25 PM Transportó a Nhew hacia Mapa1 X:967 Y:614
8/7/2021 8:03:26 PM Transportó a Nhew hacia Mapa1 X:956 Y:374
8/7/2021 8:03:26 PM Transportó a Nhew hacia Mapa1 X:758 Y:404
8/7/2021 8:03:26 PM Transportó a Nhew hacia Mapa1 X:549 Y:539
8/7/2021 8:03:27 PM Transportó a Nhew hacia Mapa1 X:571 Y:569
8/7/2021 8:03:27 PM Transportó a Nhew hacia Mapa1 X:626 Y:704
8/7/2021 8:03:28 PM Transportó a Nhew hacia Mapa1 X:637 Y:779
8/7/2021 8:03:28 PM Transportó a Nhew hacia Mapa1 X:681 Y:854
8/7/2021 8:03:28 PM Transportó a Nhew hacia Mapa1 X:758 Y:974
8/7/2021 8:03:28 PM Transportó a Nhew hacia Mapa1 X:615 Y:869
8/7/2021 8:03:29 PM Transportó a Nhew hacia Mapa1 X:769 Y:794
8/7/2021 8:03:29 PM Transportó a Nhew hacia Mapa1 X:835 Y:899
8/7/2021 8:03:30 PM Transportó a Nhew hacia Mapa1 X:956 Y:1064
8/7/2021 8:03:33 PM Transportó a Nhew hacia Mapa1 X:1000 Y:1469
8/7/2021 8:03:35 PM Transportó a Nhew hacia Mapa1 X:505 Y:1349
8/7/2021 8:03:36 PM Transportó a Nhew hacia Mapa1 X:208 Y:929
8/7/2021 8:03:36 PM Transportó a Nhew hacia Mapa1 X:175 Y:884
8/7/2021 8:03:37 PM Transportó a Nhew hacia Mapa1 X:373 Y:1094
8/7/2021 8:03:38 PM Transportó a Nhew hacia Mapa1 X:406 Y:719
8/7/2021 8:03:39 PM Transportó a Nhew hacia Mapa1 X:406 Y:719
8/7/2021 8:03:39 PM Transportó a Nhew hacia Mapa1 X:483 Y:839
8/7/2021 8:03:39 PM Transportó a Nhew hacia Mapa1 X:384 Y:734
8/7/2021 8:03:39 PM Transportó a Nhew hacia Mapa1 X:285 Y:569
8/7/2021 8:03:40 PM Transportó a Nhew hacia Mapa1 X:175 Y:509
8/7/2021 8:03:40 PM Transportó a Nhew hacia Mapa1 X:208 Y:509
8/7/2021 8:03:40 PM Transportó a Nhew hacia Mapa1 X:582 Y:494
8/7/2021 8:03:40 PM Transportó a Nhew hacia Mapa1 X:604 Y:389
8/7/2021 8:03:41 PM Transportó a Nhew hacia Mapa1 X:824 Y:554
8/7/2021 8:03:41 PM Transportó a Nhew hacia Mapa1 X:890 Y:899
8/7/2021 8:03:42 PM Transportó a Nhew hacia Mapa1 X:846 Y:974
8/7/2021 8:03:48 PM /IRA nashe Mapa:1 X:656 Y:818
8/7/2021 8:04:05 PM Transportó a Nhew hacia Mapa1 X:318 Y:1049
8/7/2021 8:04:05 PM Transportó a Nhew hacia Mapa1 X:439 Y:839
8/7/2021 8:04:05 PM Transportó a Nhew hacia Mapa1 X:362 Y:824
8/7/2021 8:04:06 PM Transportó a Nhew hacia Mapa1 X:241 Y:704
8/7/2021 8:04:06 PM Transportó a Nhew hacia Mapa1 X:978 Y:194
8/7/2021 8:04:07 PM Transportó a Nhew hacia Mapa1 X:1076 Y:1244
8/7/2021 8:04:08 PM Transportó a Nhew hacia Mapa1 X:923 Y:974
8/7/2021 8:04:18 PM Transportó a Nhew hacia Mapa1 X:65 Y:1379
8/7/2021 8:04:18 PM Transportó a Nhew hacia Mapa1 X:186 Y:989
8/7/2021 8:04:18 PM Transportó a Nhew hacia Mapa1 X:197 Y:899
8/7/2021 8:04:41 PM /TELEPLOC a x:195 Y:862 Map:1
8/7/2021 8:04:56 PM /IRA bramh Mapa:1 X:807 Y:834
8/7/2021 8:05:01 PM Transportó a Nhew hacia Mapa1 X:923 Y:959
8/7/2021 8:05:02 PM Transportó a Nhew hacia Mapa1 X:846 Y:1064
8/7/2021 8:05:02 PM Transportó a Nhew hacia Mapa1 X:802 Y:1139
8/7/2021 8:05:02 PM Transportó a Nhew hacia Mapa1 X:813 Y:1244
8/7/2021 8:05:03 PM Transportó a Nhew hacia Mapa1 X:868 Y:1319
8/7/2021 8:05:07 PM /SUM bramh Map:1 X:868 Y:1319
8/7/2021 8:05:09 PM /SUM kayser Map:1 X:868 Y:1319
8/7/2021 8:05:11 PM /SUM nashe Map:1 X:868 Y:1319
8/7/2021 8:05:31 PM Transportó a Nhew hacia Mapa1 X:219 Y:1019
8/7/2021 8:06:13 PM Se conecto con ip:201.235.77.141
8/7/2021 8:06:24 PM /SUM bramh Map:1 X:219 Y:1019
8/8/2021 4:23:29 AM Se conecto con ip:201.235.77.141
8/8/2021 4:33:33 AM Se conecto con ip:201.235.77.141
8/8/2021 4:38:31 AM Se conecto con ip:201.235.77.141
8/8/2021 4:38:46 AM Transportó a Nhew hacia Mapa1 X:274 Y:599
8/8/2021 4:38:47 AM Transportó a Nhew hacia Mapa1 X:417 Y:599
8/8/2021 4:38:48 AM Transportó a Nhew hacia Mapa1 X:384 Y:584
8/8/2021 4:38:48 AM Transportó a Nhew hacia Mapa1 X:340 Y:869
8/8/2021 4:38:50 AM Transportó a Nhew hacia Mapa1 X:76 Y:704
8/8/2021 4:38:50 AM Transportó a Nhew hacia Mapa1 X:109 Y:689
8/8/2021 4:38:50 AM Transportó a Nhew hacia Mapa1 X:241 Y:719
8/8/2021 4:38:50 AM Transportó a Nhew hacia Mapa1 X:296 Y:839
8/8/2021 4:38:53 AM /TELEPLOC a x:297 Y:840 Map:1
8/8/2021 4:38:56 AM /TELEPLOC a x:299 Y:850 Map:1
8/8/2021 4:39:16 AM Sumoneo con respawn Aldeano en mapa 1
8/8/2021 4:39:28 AM Sumoneo con respawn Gallo en mapa 1
8/8/2021 4:39:36 AM Sumoneo con respawn Gallo en mapa 1
8/8/2021 4:39:39 AM Sumoneo con respawn Cerdo en mapa 1
8/8/2021 4:39:44 AM /IRA power Mapa:1 X:158 Y:1234
8/8/2021 4:40:08 AM Se conecto con ip:201.235.77.141
8/8/2021 4:40:51 AM /TELEPLOC a x:178 Y:1222 Map:1
8/8/2021 4:40:52 AM /TELEPLOC a x:178 Y:1222 Map:1
8/8/2021 4:40:55 AM /TELEPLOC a x:178 Y:1222 Map:1
8/8/2021 4:40:56 AM /TELEPLOC a x:178 Y:1222 Map:1
8/8/2021 4:40:58 AM /TELEPLOC a x:178 Y:1222 Map:1
8/8/2021 4:40:58 AM /TELEPLOC a x:178 Y:1222 Map:1
8/8/2021 4:40:59 AM /TELEPLOC a x:178 Y:1222 Map:1
8/8/2021 4:40:59 AM /TELEPLOC a x:178 Y:1222 Map:1
8/8/2021 4:41:00 AM /TELEPLOC a x:178 Y:1222 Map:1
8/8/2021 4:41:01 AM /TELEPLOC a x:178 Y:1222 Map:1
8/8/2021 4:41:01 AM /TELEPLOC a x:178 Y:1222 Map:1
8/8/2021 4:41:02 AM /TELEPLOC a x:178 Y:1222 Map:1
8/8/2021 4:41:03 AM /TELEPLOC a x:178 Y:1222 Map:1
8/8/2021 4:41:03 AM /TELEPLOC a x:178 Y:1222 Map:1
8/8/2021 4:41:04 AM /TELEPLOC a x:178 Y:1222 Map:1
8/8/2021 4:41:10 AM /CI: 1 - Manzana Roja - 1
8/8/2021 4:41:10 AM /CI: 1 - Manzana Roja - 1
8/8/2021 4:42:22 AM Transportó a Nhew hacia Mapa1 X:274 Y:599
8/8/2021 4:42:23 AM Transportó a Nhew hacia Mapa1 X:406 Y:569
8/8/2021 4:42:24 AM Transportó a Nhew hacia Mapa1 X:340 Y:419
8/8/2021 4:43:33 AM /MOD CLASE paladin  nhew
8/8/2021 4:43:46 AM Sumoneo con respawn Lilith en mapa 1
8/8/2021 4:45:30 AM /TELEPLOC a x:333 Y:372 Map:1
8/8/2021 4:45:35 AM /MATA 
8/8/2021 4:46:58 AM Sumoneo con respawn Mago en mapa 1
8/8/2021 4:47:04 AM /MATA 
8/8/2021 4:47:44 AM /TELEPLOC a x:351 Y:371 Map:1
8/8/2021 4:47:46 AM /TELEPLOC a x:354 Y:367 Map:1
8/8/2021 4:47:48 AM /TELEPLOC a x:352 Y:370 Map:1
8/8/2021 4:47:51 AM /TELEPLOC a x:349 Y:368 Map:1
8/8/2021 4:47:53 AM /TELEPLOC a x:349 Y:368 Map:1
8/8/2021 4:47:54 AM /TELEPLOC a x:349 Y:368 Map:1
8/8/2021 4:47:55 AM /TELEPLOC a x:349 Y:368 Map:1
8/8/2021 4:48:06 AM /TELEPLOC a x:349 Y:368 Map:1
8/8/2021 4:48:15 AM /TELEPLOC a x:339 Y:328 Map:1
8/8/2021 4:48:26 AM /MASSDEST
8/8/2021 4:48:33 AM /TELEPLOC a x:329 Y:404 Map:1
8/8/2021 4:48:34 AM /TELEPLOC a x:329 Y:404 Map:1
8/8/2021 4:48:36 AM /TELEPLOC a x:329 Y:404 Map:1
8/8/2021 4:48:36 AM /TELEPLOC a x:329 Y:404 Map:1
8/8/2021 4:48:37 AM /TELEPLOC a x:329 Y:404 Map:1
8/8/2021 4:48:39 AM /TELEPLOC a x:329 Y:404 Map:1
8/8/2021 4:48:46 AM /TELEPLOC a x:329 Y:404 Map:1
8/8/2021 4:49:21 AM /TELEPLOC a x:304 Y:484 Map:1
8/8/2021 4:49:21 AM /TELEPLOC a x:304 Y:484 Map:1
8/8/2021 4:49:22 AM /TELEPLOC a x:304 Y:484 Map:1
8/8/2021 4:49:23 AM /TELEPLOC a x:304 Y:484 Map:1
8/8/2021 4:49:26 AM /TELEPLOC a x:304 Y:484 Map:1
8/8/2021 4:49:28 AM /TELEPLOC a x:304 Y:484 Map:1
8/8/2021 4:49:29 AM /TELEPLOC a x:304 Y:484 Map:1
8/8/2021 4:49:30 AM /TELEPLOC a x:304 Y:484 Map:1
8/8/2021 4:55:25 AM Se conecto con ip:201.235.77.141
8/8/2021 4:56:49 AM /TELEPLOC a x:314 Y:666 Map:1
8/8/2021 4:56:49 AM /TELEPLOC a x:314 Y:666 Map:1
8/8/2021 4:56:56 AM /TELEPLOC a x:301 Y:641 Map:1
8/8/2021 4:57:54 AM /TELEPLOC a x:307 Y:533 Map:1
8/8/2021 4:57:54 AM /TELEPLOC a x:307 Y:533 Map:1
8/8/2021 4:57:55 AM /TELEPLOC a x:307 Y:533 Map:1
8/8/2021 4:57:55 AM /TELEPLOC a x:307 Y:533 Map:1
8/8/2021 4:57:56 AM /TELEPLOC a x:307 Y:533 Map:1
8/8/2021 4:57:56 AM /TELEPLOC a x:307 Y:533 Map:1
8/8/2021 4:57:57 AM /TELEPLOC a x:307 Y:533 Map:1
8/8/2021 4:57:57 AM /TELEPLOC a x:307 Y:533 Map:1
8/8/2021 4:57:58 AM /TELEPLOC a x:307 Y:533 Map:1
8/8/2021 4:59:42 AM Se conecto con ip:201.235.77.141
8/8/2021 5:01:48 AM /MOD EXP 20000000  nhew
8/8/2021 5:01:52 AM Intento editar un usuario inexistente.
8/8/2021 5:04:12 AM Se conecto con ip:201.235.77.141
8/8/2021 5:04:23 AM Mensaje a Gms:amigo cual es la coordenadas d eulla
8/8/2021 5:05:37 AM /TELEPLOC a x:311 Y:850 Map:1
8/8/2021 5:12:48 AM /TELEPLOC a x:319 Y:819 Map:1
8/8/2021 5:17:12 AM /TELEPLOC a x:332 Y:801 Map:1
8/8/2021 5:17:13 AM /TELEPLOC a x:323 Y:807 Map:1
8/8/2021 5:17:14 AM /TELEPLOC a x:323 Y:807 Map:1
8/8/2021 5:24:35 AM Se conecto con ip:201.235.77.141
8/8/2021 5:26:53 AM Se conecto con ip:201.235.77.141
8/8/2021 5:26:57 AM /INVISIBLE
8/8/2021 5:27:43 AM /TELEPLOC a x:349 Y:693 Map:1
8/8/2021 5:27:54 AM /IRA freirenico Mapa:1 X:250 Y:1133
8/8/2021 5:29:01 AM /TELEPLOC a x:210 Y:1144 Map:1
8/8/2021 5:29:02 AM /TELEPLOC a x:210 Y:1144 Map:1
8/8/2021 5:29:02 AM /TELEPLOC a x:210 Y:1144 Map:1
8/8/2021 5:29:03 AM /TELEPLOC a x:210 Y:1144 Map:1
8/8/2021 5:29:04 AM /TELEPLOC a x:210 Y:1144 Map:1
8/8/2021 5:29:17 AM /TELEPLOC a x:211 Y:1139 Map:1
8/8/2021 5:29:17 AM /TELEPLOC a x:211 Y:1139 Map:1
8/8/2021 5:41:03 AM Se conecto con ip:201.235.77.141
8/8/2021 5:41:07 AM /TELEPLOC a x:310 Y:854 Map:1
8/8/2021 5:41:27 AM /TELEPLOC a x:257 Y:1081 Map:1
8/8/2021 5:41:27 AM /TELEPLOC a x:257 Y:1081 Map:1
8/8/2021 5:41:28 AM /TELEPLOC a x:257 Y:1081 Map:1
8/8/2021 5:41:28 AM /TELEPLOC a x:257 Y:1081 Map:1
8/8/2021 5:41:29 AM /TELEPLOC a x:257 Y:1081 Map:1
8/8/2021 5:41:30 AM /TELEPLOC a x:257 Y:1081 Map:1
8/8/2021 5:41:30 AM /TELEPLOC a x:257 Y:1081 Map:1
8/8/2021 5:41:31 AM /TELEPLOC a x:257 Y:1081 Map:1
8/8/2021 5:41:31 AM /TELEPLOC a x:257 Y:1081 Map:1
8/8/2021 5:41:32 AM /TELEPLOC a x:257 Y:1081 Map:1
8/8/2021 5:41:33 AM /TELEPLOC a x:257 Y:1081 Map:1
8/8/2021 5:41:33 AM /TELEPLOC a x:257 Y:1081 Map:1
8/8/2021 5:41:34 AM /TELEPLOC a x:257 Y:1081 Map:1
8/8/2021 5:41:34 AM /TELEPLOC a x:257 Y:1081 Map:1
8/8/2021 5:41:35 AM /TELEPLOC a x:257 Y:1081 Map:1
8/8/2021 5:41:43 AM /TELEPLOC a x:289 Y:966 Map:1
8/8/2021 5:41:54 AM /TELEPLOC a x:289 Y:961 Map:1
8/8/2021 5:41:54 AM /TELEPLOC a x:289 Y:961 Map:1
8/8/2021 5:41:55 AM /TELEPLOC a x:289 Y:961 Map:1
8/8/2021 5:41:55 AM /TELEPLOC a x:289 Y:961 Map:1
8/8/2021 5:41:56 AM /TELEPLOC a x:289 Y:934 Map:1
8/8/2021 5:41:58 AM /TELEPLOC a x:287 Y:929 Map:1
8/8/2021 5:41:59 AM /TELEPLOC a x:287 Y:929 Map:1
8/8/2021 5:41:59 AM /TELEPLOC a x:287 Y:929 Map:1
8/8/2021 5:42:01 AM /TELEPLOC a x:287 Y:929 Map:1
8/8/2021 5:42:21 AM Sumoneo con respawn Aldeano en mapa 1
8/8/2021 5:42:23 AM Sumoneo con respawn Gallo en mapa 1
8/8/2021 5:42:27 AM Sumoneo con respawn Cerdo en mapa 1
8/8/2021 5:42:30 AM Sumoneo con respawn Vaca en mapa 1
8/8/2021 5:44:21 AM Sumoneo con respawn Arbitro Retos en mapa 1
8/8/2021 5:44:32 AM /MATA 
8/8/2021 5:44:42 AM /MATA 
8/8/2021 5:44:50 AM /TELEPLOC a x:307 Y:869 Map:1
8/8/2021 5:44:51 AM /TELEPLOC a x:307 Y:869 Map:1
8/8/2021 5:45:44 AM /CI: 805 - Silla Real - 1
8/8/2021 5:45:44 AM /CI: 805 - Silla Real - 1
8/8/2021 5:45:51 AM Tiro cantidad:1 Objeto:Silla Real
8/8/2021 5:45:58 AM /DEST
8/8/2021 5:46:23 AM /TELEPLOC a x:312 Y:876 Map:1
8/8/2021 5:46:23 AM /TELEPLOC a x:312 Y:876 Map:1
8/8/2021 5:46:23 AM /TELEPLOC a x:312 Y:876 Map:1
8/8/2021 5:46:24 AM /TELEPLOC a x:312 Y:876 Map:1
8/8/2021 5:46:25 AM /TELEPLOC a x:312 Y:876 Map:1
8/8/2021 5:46:26 AM /TELEPLOC a x:312 Y:876 Map:1
8/8/2021 5:46:27 AM /TELEPLOC a x:312 Y:876 Map:1
8/8/2021 5:46:34 AM /TELEPLOC a x:312 Y:876 Map:1
8/8/2021 5:46:43 AM /CI: 814 - Relicario - 1
8/8/2021 5:46:43 AM /CI: 814 - Relicario - 1
8/8/2021 5:46:45 AM Tiro cantidad:1 Objeto:Relicario
8/8/2021 5:46:48 AM /BLOQ
8/8/2021 5:46:53 AM /TELEPLOC a x:317 Y:886 Map:1
8/8/2021 5:46:59 AM /CI: 814 - Relicario - 1
8/8/2021 5:46:59 AM /CI: 814 - Relicario - 1
8/8/2021 5:47:01 AM Tiro cantidad:1 Objeto:Relicario
8/8/2021 5:47:04 AM /BLOQ
8/8/2021 5:47:06 AM /TELEPLOC a x:317 Y:886 Map:1
8/8/2021 5:47:20 AM /CI: 813 - Candelabro de Pie - 2
8/8/2021 5:47:20 AM /CI: 813 - Candelabro de Pie - 2
8/8/2021 5:47:23 AM Tiro cantidad:1 Objeto:Candelabro de Pie
8/8/2021 5:47:27 AM /DEST
8/8/2021 5:47:30 AM Tiro cantidad:1 Objeto:Candelabro de Pie
8/8/2021 5:47:36 AM /BLOQ
8/8/2021 5:48:05 AM /CI: 813 - Candelabro de Pie - 1
8/8/2021 5:48:05 AM /CI: 813 - Candelabro de Pie - 1
8/8/2021 5:48:06 AM Tiro cantidad:1 Objeto:Candelabro de Pie
8/8/2021 5:48:08 AM /BLOQ
8/8/2021 5:49:35 AM /CI: 814 - Relicario - 1
8/8/2021 5:49:35 AM /CI: 814 - Relicario - 1
8/8/2021 5:49:37 AM Tiro cantidad:1 Objeto:Relicario
8/8/2021 5:49:40 AM /DEST
8/8/2021 5:50:04 AM /CI: 816 - Vitreaux - 1
8/8/2021 5:50:04 AM /CI: 816 - Vitreaux - 1
8/8/2021 5:50:05 AM Tiro cantidad:1 Objeto:Vitreaux
8/8/2021 5:50:07 AM /DEST
8/8/2021 5:50:10 AM /TELEPLOC a x:328 Y:867 Map:1
8/8/2021 5:50:11 AM /TELEPLOC a x:328 Y:867 Map:1
8/8/2021 5:50:12 AM /TELEPLOC a x:328 Y:867 Map:1
8/8/2021 5:50:12 AM /TELEPLOC a x:328 Y:867 Map:1
8/8/2021 5:50:14 AM /TELEPLOC a x:328 Y:867 Map:1
8/8/2021 5:50:14 AM /TELEPLOC a x:328 Y:867 Map:1
8/8/2021 5:50:16 AM /TELEPLOC a x:328 Y:867 Map:1
8/8/2021 5:50:16 AM /TELEPLOC a x:328 Y:867 Map:1
8/8/2021 5:50:22 AM /CI: 816 - Vitreaux - 1
8/8/2021 5:50:22 AM /CI: 816 - Vitreaux - 1
8/8/2021 5:50:24 AM Tiro cantidad:1 Objeto:Vitreaux
8/8/2021 5:50:31 AM /DEST
8/8/2021 5:50:36 AM /CI: 816 - Vitreaux - 1
8/8/2021 5:50:36 AM /CI: 816 - Vitreaux - 1
8/8/2021 5:50:36 AM Tiro cantidad:1 Objeto:Vitreaux
8/8/2021 5:51:03 AM /DEST
8/8/2021 5:51:10 AM /CI: 816 - Vitreaux - 1
8/8/2021 5:51:10 AM /CI: 816 - Vitreaux - 1
8/8/2021 5:51:16 AM /MATA 
8/8/2021 5:51:19 AM Tiro cantidad:1 Objeto:Vitreaux
8/8/2021 5:51:32 AM /DEST
8/8/2021 5:51:50 AM /TELEPLOC a x:337 Y:882 Map:1
8/8/2021 5:51:51 AM /TELEPLOC a x:337 Y:882 Map:1
8/8/2021 5:51:51 AM /TELEPLOC a x:337 Y:882 Map:1
8/8/2021 5:51:52 AM /TELEPLOC a x:337 Y:882 Map:1
8/8/2021 5:51:52 AM /TELEPLOC a x:337 Y:882 Map:1
8/8/2021 5:51:53 AM /TELEPLOC a x:337 Y:882 Map:1
8/8/2021 5:51:58 AM /CI: 820 - Hojitas - 100
8/8/2021 5:51:58 AM /CI: 820 - Hojitas - 100
8/8/2021 5:52:07 AM Tiro cantidad:1 Objeto:Hojitas
8/8/2021 5:52:20 AM Tiro cantidad:1 Objeto:Hojitas
8/8/2021 5:52:29 AM Tiro cantidad:1 Objeto:Hojitas
8/8/2021 5:53:10 AM /CI: 833 - Taza - 1
8/8/2021 5:53:10 AM /CI: 833 - Taza - 1
8/8/2021 5:53:13 AM Tiro cantidad:1 Objeto:Taza
8/8/2021 5:53:16 AM /DEST
8/8/2021 5:53:43 AM /TELEPLOC a x:333 Y:845 Map:1
8/8/2021 5:53:43 AM /TELEPLOC a x:333 Y:845 Map:1
8/8/2021 5:53:43 AM /TELEPLOC a x:333 Y:845 Map:1
8/8/2021 5:53:44 AM /TELEPLOC a x:333 Y:845 Map:1
8/8/2021 5:53:44 AM /TELEPLOC a x:333 Y:845 Map:1
8/8/2021 5:53:46 AM /TELEPLOC a x:333 Y:845 Map:1
8/8/2021 5:53:48 AM /TELEPLOC a x:333 Y:845 Map:1
8/8/2021 5:53:50 AM /TELEPLOC a x:333 Y:845 Map:1
8/8/2021 5:54:24 AM /CI: 876 - Vestimenta de Game Master - 1
8/8/2021 5:54:24 AM /CI: 876 - Vestimenta de Game Master - 1
8/8/2021 5:54:51 AM /MOD HEAD 501  NHEW
8/8/2021 5:54:56 AM /INVISIBLE
8/8/2021 5:54:59 AM /INVISIBLE
8/8/2021 5:55:02 AM /TELEPLOC a x:335 Y:892 Map:1
8/8/2021 5:55:50 AM Nhew ha guardado el mapa 1
8/8/2021 5:55:59 AM /TELEPLOC a x:321 Y:887 Map:1
8/8/2021 5:57:01 AM /CI: 653 - Reja - 100
8/8/2021 5:57:01 AM /CI: 653 - Reja - 100
8/8/2021 5:57:24 AM /CI: 652 - Piedra de Arghâl - 100
8/8/2021 5:57:24 AM /CI: 652 - Piedra de Arghâl - 100
8/8/2021 5:57:39 AM /CI: 653 - Reja - 100
8/8/2021 5:57:39 AM /CI: 653 - Reja - 100
8/8/2021 5:57:45 AM /CI: 654 - Reja - 100
8/8/2021 5:57:45 AM /CI: 654 - Reja - 100
8/8/2021 5:57:53 AM /CI: 655 - Reja - 100
8/8/2021 5:57:53 AM /CI: 655 - Reja - 100
8/8/2021 5:57:59 AM Tiro cantidad:1 Objeto:Reja
8/8/2021 5:58:02 AM Tiro cantidad:1 Objeto:Reja
8/8/2021 5:58:04 AM Tiro cantidad:1 Objeto:Reja
8/8/2021 5:58:05 AM Tiro cantidad:1 Objeto:Reja
8/8/2021 5:58:07 AM Tiro cantidad:1 Objeto:Reja
8/8/2021 5:58:08 AM Tiro cantidad:1 Objeto:Reja
8/8/2021 5:58:10 AM Tiro cantidad:1 Objeto:Reja
8/8/2021 5:58:12 AM /DEST
8/8/2021 5:58:13 AM /DEST
8/8/2021 5:58:15 AM /DEST
8/8/2021 5:58:16 AM /DEST
8/8/2021 5:58:18 AM /DEST
8/8/2021 5:58:21 AM Tiro cantidad:1 Objeto:Reja
8/8/2021 5:58:22 AM Tiro cantidad:1 Objeto:Reja
8/8/2021 5:58:24 AM Tiro cantidad:1 Objeto:Reja
8/8/2021 5:58:26 AM Tiro cantidad:1 Objeto:Reja
8/8/2021 5:58:29 AM Tiro cantidad:1 Objeto:Reja
8/8/2021 5:58:32 AM /DEST
8/8/2021 5:58:34 AM Tiro cantidad:1 Objeto:Reja
8/8/2021 5:58:35 AM Tiro cantidad:1 Objeto:Reja
8/8/2021 5:58:36 AM Tiro cantidad:1 Objeto:Reja
8/8/2021 5:58:38 AM Tiro cantidad:1 Objeto:Reja
8/8/2021 5:58:46 AM Tiro cantidad:1 Objeto:Reja
8/8/2021 5:58:52 AM /DEST
8/8/2021 5:58:53 AM Tiro cantidad:1 Objeto:Reja
8/8/2021 5:58:55 AM Tiro cantidad:1 Objeto:Reja
8/8/2021 5:58:57 AM Tiro cantidad:1 Objeto:Reja
8/8/2021 5:58:58 AM Tiro cantidad:1 Objeto:Reja
8/8/2021 5:58:59 AM Tiro cantidad:1 Objeto:Reja
8/8/2021 5:59:01 AM Tiro cantidad:1 Objeto:Reja
8/8/2021 5:59:06 AM Tiro cantidad:1 Objeto:Reja
8/8/2021 5:59:08 AM Tiro cantidad:1 Objeto:Reja
8/8/2021 5:59:09 AM Tiro cantidad:1 Objeto:Reja
8/8/2021 5:59:11 AM Tiro cantidad:1 Objeto:Reja
8/8/2021 5:59:14 AM /BLOQ
8/8/2021 5:59:16 AM /BLOQ
8/8/2021 5:59:18 AM /BLOQ
8/8/2021 5:59:19 AM /BLOQ
8/8/2021 5:59:21 AM /BLOQ
8/8/2021 5:59:22 AM /BLOQ
8/8/2021 5:59:24 AM /BLOQ
8/8/2021 5:59:26 AM /BLOQ
8/8/2021 5:59:27 AM /BLOQ
8/8/2021 5:59:28 AM /BLOQ
8/8/2021 5:59:30 AM /BLOQ
8/8/2021 5:59:34 AM /BLOQ
8/8/2021 5:59:37 AM /BLOQ
8/8/2021 5:59:38 AM /BLOQ
8/8/2021 5:59:40 AM /BLOQ
8/8/2021 5:59:42 AM /BLOQ
8/8/2021 5:59:43 AM /BLOQ
8/8/2021 5:59:47 AM /BLOQ
8/8/2021 5:59:48 AM /BLOQ
8/8/2021 5:59:50 AM /BLOQ
8/8/2021 5:59:52 AM /BLOQ
8/8/2021 5:59:53 AM /TELEPLOC a x:317 Y:844 Map:1
8/8/2021 5:59:57 AM /TELEPLOC a x:317 Y:844 Map:1
8/8/2021 6:00:01 AM Sumoneo con respawn Guldorf en mapa 1
8/8/2021 6:00:06 AM /MATA 
8/8/2021 6:00:40 AM Sumoneo con respawn Gallo en mapa 1
8/8/2021 6:00:42 AM Sumoneo con respawn Cerdo en mapa 1
8/8/2021 6:00:44 AM Sumoneo con respawn Cerdo en mapa 1
8/8/2021 6:00:48 AM Sumoneo con respawn Vaca en mapa 1
8/8/2021 6:00:53 AM /TELEPLOC a x:301 Y:844 Map:1
8/8/2021 6:00:56 AM /TELEPLOC a x:301 Y:844 Map:1
8/8/2021 6:00:59 AM /TELEPLOC a x:304 Y:857 Map:1
8/8/2021 6:01:38 AM Tiro cantidad:1 Objeto:Hojitas
8/8/2021 6:01:40 AM /DEST
8/8/2021 6:01:41 AM /TELEPLOC a x:301 Y:845 Map:1
8/8/2021 6:01:43 AM Tiro cantidad:1 Objeto:Hojitas
8/8/2021 6:01:44 AM /TELEPLOC a x:301 Y:845 Map:1
8/8/2021 6:01:57 AM /TELEPLOC a x:301 Y:845 Map:1
8/8/2021 6:02:42 AM /TELEPLOC a x:305 Y:859 Map:1
8/8/2021 6:02:43 AM /TELEPLOC a x:305 Y:859 Map:1
8/8/2021 6:02:55 AM /MATA 
8/8/2021 6:03:01 AM /TELEPLOC a x:332 Y:891 Map:1
8/8/2021 6:03:01 AM /TELEPLOC a x:332 Y:891 Map:1
8/8/2021 6:03:02 AM /TELEPLOC a x:332 Y:891 Map:1
8/8/2021 6:03:09 AM Sumoneo con respawn Gael Azrraed en mapa 1
8/8/2021 6:03:38 AM /TELEPLOC a x:300 Y:863 Map:1
8/8/2021 6:03:39 AM /TELEPLOC a x:300 Y:863 Map:1
8/8/2021 6:03:40 AM /TELEPLOC a x:300 Y:863 Map:1
8/8/2021 6:03:41 AM /TELEPLOC a x:300 Y:863 Map:1
8/8/2021 6:03:43 AM /TELEPLOC a x:266 Y:862 Map:1
8/8/2021 6:03:52 AM Sumoneo con respawn Bardo en mapa 1
8/8/2021 6:05:58 AM Sumoneo con respawn Alarnick, antiguo soberano de Banderbill en mapa 1
8/8/2021 6:06:30 AM Sumoneo con respawn Nelmasil en mapa 1
8/8/2021 6:06:34 AM /MATA 
8/8/2021 6:06:42 AM Sumoneo con respawn Nelmasil en mapa 1
8/8/2021 6:08:23 AM /TELEPLOC a x:298 Y:856 Map:1
8/8/2021 6:08:24 AM /TELEPLOC a x:298 Y:856 Map:1
8/8/2021 6:08:25 AM /TELEPLOC a x:298 Y:856 Map:1
8/8/2021 6:08:25 AM /TELEPLOC a x:298 Y:856 Map:1
8/8/2021 6:08:26 AM /TELEPLOC a x:298 Y:856 Map:1
8/8/2021 6:08:26 AM /TELEPLOC a x:298 Y:856 Map:1
8/8/2021 6:08:27 AM /TELEPLOC a x:298 Y:856 Map:1
8/8/2021 6:08:27 AM /TELEPLOC a x:298 Y:856 Map:1
8/8/2021 6:08:28 AM /TELEPLOC a x:298 Y:856 Map:1
8/8/2021 6:08:29 AM /TELEPLOC a x:298 Y:856 Map:1
8/8/2021 6:08:29 AM /TELEPLOC a x:298 Y:856 Map:1
8/8/2021 6:08:30 AM /TELEPLOC a x:298 Y:856 Map:1
8/8/2021 6:08:30 AM /TELEPLOC a x:298 Y:856 Map:1
8/8/2021 6:08:40 AM Sumoneo con respawn Linderoth en mapa 1
8/8/2021 6:08:44 AM /MATA 
8/8/2021 6:08:59 AM /TELEPLOC a x:265 Y:856 Map:1
8/8/2021 6:09:12 AM Sumoneo con respawn Anthares en mapa 1
8/8/2021 6:09:15 AM /MATA 
8/8/2021 6:09:23 AM /TELEPLOC a x:266 Y:856 Map:1
8/8/2021 6:09:32 AM Sumoneo con respawn Vuragon en mapa 1
8/8/2021 6:09:46 AM /TELEPLOC a x:265 Y:857 Map:1
8/8/2021 6:09:47 AM /TELEPLOC a x:265 Y:857 Map:1
8/8/2021 6:09:47 AM /TELEPLOC a x:265 Y:857 Map:1
8/8/2021 6:09:48 AM /TELEPLOC a x:265 Y:857 Map:1
8/8/2021 6:09:51 AM Sumoneo con respawn Belial en mapa 1
8/8/2021 6:09:56 AM /MATA 
8/8/2021 6:09:57 AM /TELEPLOC a x:276 Y:833 Map:1
8/8/2021 6:10:03 AM /TELEPLOC a x:276 Y:833 Map:1
8/8/2021 6:10:04 AM /TELEPLOC a x:276 Y:833 Map:1
8/8/2021 6:10:04 AM /TELEPLOC a x:276 Y:833 Map:1
8/8/2021 6:10:05 AM /TELEPLOC a x:276 Y:833 Map:1
8/8/2021 6:10:05 AM /TELEPLOC a x:276 Y:833 Map:1
8/8/2021 6:10:06 AM /TELEPLOC a x:276 Y:833 Map:1
8/8/2021 6:10:11 AM Sumoneo con respawn Efral en mapa 1
8/8/2021 6:10:14 AM /MATA 
8/8/2021 6:10:20 AM Sumoneo con respawn Manrique en mapa 1
8/8/2021 6:10:24 AM /TELEPLOC a x:323 Y:834 Map:1
8/8/2021 6:10:43 AM Sumoneo con respawn Abel, el monje pensador en mapa 1
8/8/2021 6:10:47 AM /MATA 
8/8/2021 6:11:00 AM /TELEPLOC a x:307 Y:854 Map:1
8/8/2021 6:11:04 AM /TELEPLOC a x:307 Y:854 Map:1
8/8/2021 6:11:09 AM Sumoneo con respawn Altair de Oteren en mapa 1
8/8/2021 6:11:13 AM /MATA 
8/8/2021 6:11:15 AM Sumoneo con respawn Altair de Oteren en mapa 1
8/8/2021 6:11:19 AM /MATA 
8/8/2021 6:11:21 AM Sumoneo con respawn Astor en mapa 1
8/8/2021 6:11:25 AM /MATA 
8/8/2021 6:11:29 AM /TELEPLOC a x:298 Y:855 Map:1
8/8/2021 6:11:35 AM Sumoneo con respawn Astor en mapa 1
8/8/2021 6:11:43 AM Sumoneo con respawn Zairot en mapa 1
8/8/2021 6:11:49 AM /MATA 
8/8/2021 6:11:52 AM /TELEPLOC a x:274 Y:850 Map:1
8/8/2021 6:11:55 AM Sumoneo con respawn Zairot en mapa 1
8/8/2021 6:12:05 AM Sumoneo con respawn Onkin en mapa 1
8/8/2021 6:12:15 AM Sumoneo con respawn Fethresor en mapa 1
8/8/2021 6:15:01 AM /TELEPLOC a x:286 Y:864 Map:1
8/8/2021 6:15:06 AM Sumoneo con respawn Iklot en mapa 1
8/8/2021 6:15:26 AM Sumoneo con respawn Willow en mapa 1
8/8/2021 6:15:30 AM /MATA 
8/8/2021 6:15:48 AM /MATA 
8/8/2021 6:16:03 AM /TELEPLOC a x:304 Y:846 Map:1
8/8/2021 6:16:13 AM /TELEPLOC a x:318 Y:846 Map:1
8/8/2021 6:16:20 AM Nhew ha guardado el mapa 1
