8/7/2021 6:29:03 PM Se conecto con ip:119.12.240.246
8/7/2021 6:29:10 PM /IRA dfgg Mapa:1 X:325 Y:875
8/7/2021 6:29:12 PM /TELEPLOC a x:196 Y:1231 Map:1
8/7/2021 6:29:24 PM /SUM dfgg Map:1 X:326 Y:881
8/7/2021 6:29:54 PM /TELEPLOC a x:325 Y:876 Map:1
8/7/2021 6:29:56 PM /TELEPLOC a x:325 Y:876 Map:1
8/7/2021 6:30:00 PM /TELEPLOC a x:325 Y:876 Map:1
8/7/2021 6:30:01 PM /TELEPLOC a x:325 Y:876 Map:1
8/7/2021 6:30:02 PM /TELEPLOC a x:325 Y:876 Map:1
8/7/2021 6:30:04 PM /TELEPLOC a x:203 Y:1241 Map:1
8/7/2021 6:30:05 PM /TELEPLOC a x:203 Y:1241 Map:1
8/7/2021 6:30:07 PM /TELEPLOC a x:203 Y:1241 Map:1
8/7/2021 6:30:18 PM /IRA nhew Mapa:8 X:71 Y:97
8/7/2021 6:30:43 PM Mensaje Broadcast:e
8/7/2021 6:31:00 PM Tiro cantidad:10000 Objeto:Monedas de Oro
8/7/2021 6:31:06 PM Tiro cantidad:10000 Objeto:Monedas de Oro
8/7/2021 6:31:56 PM Tiro cantidad:10000 Objeto:Monedas de Oro
8/7/2021 6:31:58 PM Tiro cantidad:10000 Objeto:Monedas de Oro
8/7/2021 6:32:02 PM Tiro cantidad:10000 Objeto:Monedas de Oro
8/7/2021 6:32:04 PM Tiro cantidad:10000 Objeto:Monedas de Oro
8/7/2021 6:32:19 PM Transportó a ShiNoBu hacia Mapa1 X:222 Y:222
8/7/2021 6:32:21 PM /TELEPLOC a x:76 Y:95 Map:1
8/7/2021 6:32:23 PM /TELEPLOC a x:76 Y:95 Map:1
8/7/2021 6:32:23 PM /TELEPLOC a x:76 Y:95 Map:1
8/7/2021 6:32:24 PM /TELEPLOC a x:76 Y:95 Map:1
8/7/2021 6:32:24 PM /TELEPLOC a x:76 Y:95 Map:1
8/7/2021 6:32:25 PM /TELEPLOC a x:76 Y:95 Map:1
8/7/2021 6:32:26 PM /TELEPLOC a x:76 Y:95 Map:1
8/7/2021 6:32:35 PM /SUM bramh Map:1 X:322 Y:240
8/7/2021 6:32:59 PM /SUM dfgg Map:3 X:35 Y:53
8/7/2021 6:33:13 PM /SUM aknot Map:3 X:35 Y:50
8/7/2021 6:33:24 PM Mensaje Broadcast:el paraiso de las quest
8/7/2021 6:33:33 PM Mensaje Broadcast:mas de 200quest por todo el mundo.
8/7/2021 6:34:10 PM Mensaje Broadcast:EL MESON ES ZONA QUEST,PERO AHI MAS DE 200 POR TODO EL MUNDO
8/7/2021 6:35:44 PM /TELEPLOC a x:46 Y:51 Map:3
8/7/2021 6:36:03 PM /TELEPLOC a x:93 Y:14 Map:3
8/7/2021 6:36:06 PM /TELEPLOC a x:93 Y:14 Map:3
8/7/2021 6:36:06 PM /TELEPLOC a x:93 Y:14 Map:3
8/7/2021 6:36:08 PM /TELEPLOC a x:93 Y:14 Map:3
8/8/2021 4:39:38 AM Se conecto con ip:119.12.240.246
8/8/2021 4:42:10 AM Mensaje Broadcast:ednew prueba el golpe ahora intervalo
8/8/2021 4:42:58 AM /IRA nhew Mapa:1 X:336 Y:371
8/8/2021 4:44:33 AM /CI: 1 - Manzana Roja - 1
8/8/2021 4:44:33 AM /CI: 1 - Manzana Roja - 1
8/8/2021 4:45:32 AM /CI: 478 - Arco Simple - 2
8/8/2021 4:45:32 AM /CI: 478 - Arco Simple - 2
8/8/2021 4:45:35 AM Tiro cantidad:1 Objeto:Arco Simple
8/8/2021 4:45:52 AM /CI: 197 - Flecha Mágica - 10000
8/8/2021 4:45:52 AM /CI: 197 - Flecha Mágica - 10000
8/8/2021 4:46:03 AM /CI: 480 - Flecha - 10000
8/8/2021 4:46:03 AM /CI: 480 - Flecha - 10000
8/8/2021 4:46:07 AM Tiro cantidad:5000 Objeto:Flecha
8/8/2021 4:46:19 AM Tiro cantidad:1 Objeto:Arco Simple
8/8/2021 4:46:24 AM Agarro:1 Objeto:Arco Simple
8/8/2021 4:48:33 AM /TELEPLOC a x:338 Y:387 Map:1
8/8/2021 4:48:34 AM /TELEPLOC a x:338 Y:387 Map:1
8/8/2021 4:48:35 AM /TELEPLOC a x:338 Y:387 Map:1
8/8/2021 4:48:35 AM /TELEPLOC a x:338 Y:387 Map:1
8/8/2021 4:48:36 AM /TELEPLOC a x:338 Y:387 Map:1
8/8/2021 4:49:34 AM Mensaje Broadcast:puede ser
8/8/2021 5:59:47 AM Se conecto con ip:119.12.240.246
8/8/2021 5:59:50 AM /TELEPLOC a x:312 Y:852 Map:1
8/8/2021 5:59:51 AM /TELEPLOC a x:312 Y:852 Map:1
8/8/2021 5:59:53 AM /TELEPLOC a x:312 Y:852 Map:1
8/8/2021 5:59:54 AM /TELEPLOC a x:312 Y:852 Map:1
8/8/2021 5:59:55 AM /TELEPLOC a x:312 Y:852 Map:1
8/8/2021 5:59:57 AM /TELEPLOC a x:293 Y:271 Map:1
8/8/2021 5:59:58 AM /TELEPLOC a x:293 Y:271 Map:1
8/8/2021 6:00:00 AM /TELEPLOC a x:293 Y:271 Map:1
8/8/2021 6:00:00 AM /TELEPLOC a x:293 Y:271 Map:1
8/8/2021 6:00:01 AM /TELEPLOC a x:293 Y:271 Map:1
8/8/2021 6:00:01 AM /TELEPLOC a x:293 Y:271 Map:1
8/8/2021 6:00:03 AM /TELEPLOC a x:293 Y:271 Map:1
8/8/2021 6:00:04 AM /TELEPLOC a x:293 Y:271 Map:1
8/8/2021 6:00:04 AM /TELEPLOC a x:293 Y:271 Map:1
8/8/2021 6:00:07 AM /TELEPLOC a x:293 Y:271 Map:1
8/8/2021 6:00:08 AM /TELEPLOC a x:293 Y:271 Map:1
8/8/2021 6:00:09 AM /TELEPLOC a x:293 Y:271 Map:1
8/8/2021 6:00:09 AM /TELEPLOC a x:293 Y:271 Map:1
8/8/2021 6:00:10 AM /TELEPLOC a x:293 Y:271 Map:1
8/8/2021 6:00:10 AM /TELEPLOC a x:293 Y:271 Map:1
8/8/2021 6:00:11 AM /TELEPLOC a x:293 Y:271 Map:1
8/8/2021 6:00:12 AM /TELEPLOC a x:293 Y:271 Map:1
8/8/2021 6:01:26 AM /TELEPLOC a x:309 Y:244 Map:1
8/8/2021 6:01:26 AM /TELEPLOC a x:309 Y:244 Map:1
8/8/2021 6:01:33 AM /TELEPLOC a x:292 Y:222 Map:1
8/8/2021 6:01:33 AM /TELEPLOC a x:292 Y:222 Map:1
8/8/2021 6:01:34 AM /TELEPLOC a x:292 Y:222 Map:1
8/8/2021 6:01:34 AM /TELEPLOC a x:292 Y:222 Map:1
8/8/2021 6:01:35 AM /TELEPLOC a x:292 Y:222 Map:1
8/8/2021 6:01:36 AM /TELEPLOC a x:292 Y:222 Map:1
8/8/2021 6:01:37 AM /TELEPLOC a x:292 Y:222 Map:1
8/8/2021 6:01:38 AM /TELEPLOC a x:292 Y:222 Map:1
8/8/2021 6:01:39 AM /TELEPLOC a x:292 Y:222 Map:1
8/8/2021 6:01:39 AM /TELEPLOC a x:292 Y:222 Map:1
8/8/2021 6:01:40 AM /TELEPLOC a x:292 Y:222 Map:1
8/8/2021 6:01:41 AM /TELEPLOC a x:292 Y:222 Map:1
8/8/2021 6:01:41 AM /TELEPLOC a x:292 Y:222 Map:1
8/8/2021 6:01:43 AM /TELEPLOC a x:292 Y:222 Map:1
8/8/2021 6:02:17 AM /TELEPLOC a x:285 Y:213 Map:1
8/8/2021 6:02:17 AM /TELEPLOC a x:285 Y:213 Map:1
8/8/2021 6:02:25 AM /TELEPLOC a x:285 Y:213 Map:1
8/8/2021 6:02:40 AM /TELEPLOC a x:285 Y:213 Map:1
8/8/2021 6:02:46 AM /TELEPLOC a x:285 Y:213 Map:1
8/8/2021 6:02:46 AM /TELEPLOC a x:285 Y:213 Map:1
8/8/2021 6:02:53 AM /TELEPLOC a x:285 Y:213 Map:1
8/8/2021 6:02:54 AM /TELEPLOC a x:285 Y:213 Map:1
8/8/2021 6:02:55 AM /TELEPLOC a x:285 Y:213 Map:1
8/8/2021 6:02:55 AM /TELEPLOC a x:285 Y:213 Map:1
8/8/2021 6:02:56 AM /TELEPLOC a x:285 Y:213 Map:1
8/8/2021 6:03:02 AM /TELEPLOC a x:285 Y:213 Map:1
8/8/2021 6:03:03 AM /TELEPLOC a x:285 Y:213 Map:1
8/8/2021 6:03:04 AM /TELEPLOC a x:285 Y:213 Map:1
8/8/2021 6:03:04 AM /TELEPLOC a x:285 Y:213 Map:1
8/8/2021 6:03:05 AM /TELEPLOC a x:285 Y:213 Map:1
8/8/2021 6:03:07 AM /TELEPLOC a x:285 Y:213 Map:1
8/8/2021 6:03:12 AM /TELEPLOC a x:285 Y:213 Map:1
8/8/2021 6:03:12 AM /TELEPLOC a x:285 Y:213 Map:1
8/8/2021 6:03:13 AM /TELEPLOC a x:285 Y:213 Map:1
8/8/2021 6:03:20 AM /TELEPLOC a x:303 Y:179 Map:1
8/8/2021 6:03:20 AM /TELEPLOC a x:303 Y:179 Map:1
8/8/2021 6:03:21 AM /TELEPLOC a x:303 Y:179 Map:1
8/8/2021 6:03:21 AM /TELEPLOC a x:303 Y:179 Map:1
8/8/2021 6:03:22 AM /TELEPLOC a x:303 Y:179 Map:1
8/8/2021 6:03:22 AM /TELEPLOC a x:303 Y:179 Map:1
8/8/2021 6:03:30 AM /TELEPLOC a x:77 Y:55 Map:8
8/8/2021 6:03:30 AM /TELEPLOC a x:77 Y:55 Map:8
8/8/2021 6:03:31 AM /TELEPLOC a x:77 Y:55 Map:8
8/8/2021 6:03:31 AM /TELEPLOC a x:77 Y:55 Map:8
8/8/2021 6:03:32 AM /TELEPLOC a x:77 Y:55 Map:8
8/8/2021 6:03:32 AM /TELEPLOC a x:77 Y:55 Map:8
8/8/2021 6:03:34 AM /TELEPLOC a x:77 Y:55 Map:8
8/8/2021 6:03:37 AM /TELEPLOC a x:77 Y:55 Map:8
8/8/2021 12:32:12 PM Se conecto con ip:119.12.240.246
8/8/2021 12:50:30 PM Se conecto con ip:119.12.240.246
8/8/2021 12:50:42 PM /IRA mora Mapa:13 X:157 Y:654
8/8/2021 12:50:54 PM Tiro cantidad:1 Objeto:Casco de Águila
8/8/2021 12:51:44 PM Tiro cantidad:10000 Objeto:Monedas de Oro
8/8/2021 12:53:20 PM Sumoneo a Orco en mapa 13
8/8/2021 12:54:16 PM Se conecto con ip:119.12.240.246
8/8/2021 12:54:22 PM /IRA mora Mapa:13 X:156 Y:622
8/8/2021 12:54:47 PM Tiro cantidad:1 Objeto:Cota de Mallas
8/8/2021 12:55:06 PM /MOD ORO 9899999  mora
8/8/2021 12:55:30 PM /MOD ORO 9800000  mora
8/8/2021 12:55:50 PM /MOD ORO 980000  mora
8/8/2021 12:56:20 PM Sumoneo a Vende Beta en mapa 13
8/8/2021 12:57:18 PM /CI: 367 - Daga +4 - 1000
8/8/2021 12:57:18 PM /CI: 367 - Daga +4 - 1000
8/8/2021 12:57:20 PM Tiro cantidad:1000 Objeto:Daga +4
8/8/2021 12:58:04 PM /CI: 559 - Daga de Plata - 10
8/8/2021 12:58:04 PM /CI: 559 - Daga de Plata - 10
8/8/2021 12:58:11 PM Tiro cantidad:10 Objeto:Daga de Plata
8/8/2021 4:28:40 PM Se conecto con ip:119.12.240.246
8/8/2021 4:28:44 PM /TELEPLOC a x:0 Y:0 Map:13
8/8/2021 4:28:44 PM /TELEPLOC a x:0 Y:0 Map:13
8/8/2021 4:28:45 PM /TELEPLOC a x:0 Y:0 Map:13
8/8/2021 4:28:45 PM /TELEPLOC a x:0 Y:0 Map:13
8/8/2021 4:28:46 PM /TELEPLOC a x:0 Y:0 Map:13
8/8/2021 4:28:47 PM /TELEPLOC a x:0 Y:0 Map:13
8/8/2021 4:28:47 PM /TELEPLOC a x:0 Y:0 Map:13
8/8/2021 4:28:52 PM Transportó a ShiNoBu hacia Mapa1 X:222 Y:222
8/8/2021 4:28:55 PM /TELEPLOC a x:0 Y:0 Map:1
8/8/2021 4:28:58 PM /TELEPLOC a x:0 Y:0 Map:1
8/8/2021 4:29:00 PM /TELEPLOC a x:0 Y:0 Map:1
8/8/2021 4:29:01 PM /TELEPLOC a x:0 Y:0 Map:1
8/8/2021 4:29:02 PM /TELEPLOC a x:0 Y:0 Map:1
8/8/2021 4:29:03 PM /TELEPLOC a x:0 Y:0 Map:1
8/8/2021 4:29:04 PM /TELEPLOC a x:0 Y:0 Map:1
8/8/2021 4:29:38 PM /TELEPLOC a x:0 Y:0 Map:8
8/8/2021 4:30:25 PM /TELEPLOC a x:175 Y:1224 Map:1
8/8/2021 4:30:25 PM /TELEPLOC a x:175 Y:1224 Map:1
8/8/2021 4:30:27 PM /TELEPLOC a x:175 Y:1224 Map:1
8/8/2021 4:31:00 PM /TELEPLOC a x:175 Y:1224 Map:1
8/8/2021 4:31:11 PM /TELEPLOC a x:175 Y:1224 Map:1
8/9/2021 6:35:07 AM Se conecto con ip:109.205.134.74
8/9/2021 6:35:10 AM /TELEPLOC a x:846 Y:806 Map:8
8/9/2021 6:35:12 AM /TELEPLOC a x:846 Y:806 Map:8
8/9/2021 6:35:12 AM /TELEPLOC a x:846 Y:806 Map:8
8/9/2021 6:35:12 AM /TELEPLOC a x:846 Y:806 Map:8
8/9/2021 6:35:13 AM /TELEPLOC a x:846 Y:806 Map:8
8/9/2021 6:35:13 AM /TELEPLOC a x:846 Y:806 Map:8
8/9/2021 6:35:17 AM /TELEPLOC a x:149 Y:144 Map:8
8/9/2021 6:35:19 AM /TELEPLOC a x:149 Y:144 Map:8
8/9/2021 6:35:22 AM /TELEPLOC a x:170 Y:146 Map:8
8/9/2021 6:35:22 AM /TELEPLOC a x:170 Y:146 Map:8
8/9/2021 6:35:22 AM /TELEPLOC a x:170 Y:146 Map:8
8/9/2021 6:35:23 AM /TELEPLOC a x:170 Y:146 Map:8
8/9/2021 6:35:23 AM /TELEPLOC a x:170 Y:146 Map:8
8/9/2021 6:35:24 AM /TELEPLOC a x:170 Y:146 Map:8
8/9/2021 6:35:24 AM /TELEPLOC a x:170 Y:146 Map:8
8/9/2021 6:35:26 AM /TELEPLOC a x:170 Y:146 Map:8
8/9/2021 6:35:26 AM /TELEPLOC a x:170 Y:146 Map:8
8/9/2021 6:35:28 AM /TELEPLOC a x:170 Y:146 Map:8
8/9/2021 6:35:28 AM /TELEPLOC a x:170 Y:146 Map:8
8/9/2021 6:35:29 AM /TELEPLOC a x:170 Y:146 Map:8
8/9/2021 6:35:29 AM /TELEPLOC a x:170 Y:146 Map:8
8/9/2021 6:35:30 AM /TELEPLOC a x:170 Y:146 Map:8
8/9/2021 6:35:30 AM /TELEPLOC a x:170 Y:146 Map:8
8/9/2021 6:35:31 AM /TELEPLOC a x:170 Y:146 Map:8
8/9/2021 6:35:31 AM /TELEPLOC a x:170 Y:146 Map:8
8/9/2021 6:35:32 AM /TELEPLOC a x:170 Y:146 Map:8
8/9/2021 6:35:32 AM /TELEPLOC a x:170 Y:146 Map:8
8/9/2021 6:35:33 AM /TELEPLOC a x:170 Y:146 Map:8
8/9/2021 6:35:33 AM /TELEPLOC a x:170 Y:146 Map:8
8/9/2021 6:35:34 AM /TELEPLOC a x:170 Y:146 Map:8
8/9/2021 6:35:34 AM /TELEPLOC a x:170 Y:146 Map:8
8/9/2021 6:35:35 AM /TELEPLOC a x:170 Y:146 Map:8
8/9/2021 6:35:36 AM /TELEPLOC a x:170 Y:146 Map:8
8/9/2021 6:35:36 AM /TELEPLOC a x:170 Y:146 Map:8
8/9/2021 6:35:37 AM /TELEPLOC a x:170 Y:146 Map:8
8/9/2021 6:35:38 AM /TELEPLOC a x:170 Y:146 Map:8
8/9/2021 6:35:55 AM /TELEPLOC a x:170 Y:146 Map:8
8/9/2021 6:36:10 AM /TELEPLOC a x:37 Y:116 Map:8
8/9/2021 6:36:12 AM /TELEPLOC a x:37 Y:116 Map:8
8/9/2021 6:36:12 AM /TELEPLOC a x:37 Y:116 Map:8
8/9/2021 6:36:17 AM /TELEPLOC a x:57 Y:114 Map:8
8/9/2021 6:36:17 AM /TELEPLOC a x:57 Y:114 Map:8
8/9/2021 6:36:18 AM /TELEPLOC a x:57 Y:114 Map:8
8/9/2021 6:36:32 AM /TELEPLOC a x:57 Y:114 Map:8
8/9/2021 6:36:33 AM /TELEPLOC a x:57 Y:114 Map:8
8/9/2021 6:36:34 AM /TELEPLOC a x:57 Y:114 Map:8
8/9/2021 6:36:35 AM /TELEPLOC a x:57 Y:114 Map:8
8/9/2021 6:36:35 AM /TELEPLOC a x:57 Y:114 Map:8
8/9/2021 6:36:36 AM /TELEPLOC a x:57 Y:114 Map:8
8/9/2021 6:36:36 AM /TELEPLOC a x:57 Y:114 Map:8
8/9/2021 6:36:37 AM /TELEPLOC a x:57 Y:114 Map:8
8/9/2021 6:36:38 AM /TELEPLOC a x:57 Y:114 Map:8
8/9/2021 6:36:39 AM /TELEPLOC a x:57 Y:114 Map:8
8/9/2021 6:36:40 AM /TELEPLOC a x:57 Y:114 Map:8
8/9/2021 6:36:40 AM /TELEPLOC a x:57 Y:114 Map:8
8/9/2021 6:36:41 AM /TELEPLOC a x:57 Y:114 Map:8
8/9/2021 6:36:42 AM /TELEPLOC a x:57 Y:114 Map:8
8/9/2021 6:36:42 AM /TELEPLOC a x:57 Y:114 Map:8
8/9/2021 6:36:43 AM /TELEPLOC a x:57 Y:114 Map:8
8/9/2021 6:36:43 AM /TELEPLOC a x:57 Y:114 Map:8
8/9/2021 6:36:44 AM /TELEPLOC a x:57 Y:114 Map:8
8/9/2021 6:36:44 AM /TELEPLOC a x:57 Y:114 Map:8
8/9/2021 6:36:45 AM /TELEPLOC a x:57 Y:114 Map:8
8/9/2021 6:36:45 AM /TELEPLOC a x:57 Y:114 Map:8
8/9/2021 6:36:46 AM /TELEPLOC a x:57 Y:114 Map:8
8/9/2021 6:36:46 AM /TELEPLOC a x:57 Y:114 Map:8
8/9/2021 6:36:47 AM /TELEPLOC a x:57 Y:114 Map:8
8/9/2021 6:36:47 AM /TELEPLOC a x:57 Y:114 Map:8
8/9/2021 6:36:48 AM /TELEPLOC a x:57 Y:114 Map:8
8/9/2021 6:36:48 AM /TELEPLOC a x:57 Y:114 Map:8
8/9/2021 6:36:49 AM /TELEPLOC a x:57 Y:114 Map:8
8/9/2021 6:38:48 AM Se conecto con ip:109.205.134.74
8/9/2021 6:38:54 AM Transportó a ShiNoBu hacia Mapa1 X:194 Y:1252
8/9/2021 6:39:22 AM Tiro cantidad:100 Objeto:Poción Azul
8/9/2021 6:43:10 AM Se conecto con ip:109.205.134.74
8/9/2021 6:53:34 AM Se conecto con ip:109.205.134.74
8/9/2021 6:53:38 AM /TELEPLOC a x:154 Y:1236 Map:1
8/9/2021 6:53:49 AM Se conecto con ip:109.205.134.74
8/9/2021 7:03:41 AM Se conecto con ip:109.205.134.74
8/9/2021 7:03:56 AM /MOD ORO 5882354  FreireNico
8/9/2021 7:04:15 AM /MOD ORO 2000000  FreireNico
8/9/2021 7:04:21 AM /MOD ORO 2000000  FreireNico
8/9/2021 7:04:23 AM /MOD ORO 2000000  FreireNico
8/9/2021 7:04:25 AM /MOD ORO 2000000  FreireNico
8/9/2021 7:04:27 AM /MOD ORO 2000000  FreireNico
8/9/2021 7:04:28 AM /MOD ORO 2000000  FreireNico
8/9/2021 7:04:30 AM /MOD ORO 2000000  FreireNico
8/9/2021 7:04:32 AM /MOD ORO 2000000  FreireNico
8/9/2021 7:04:34 AM /MOD ORO 2000000  FreireNico
8/9/2021 7:04:35 AM /MOD ORO 2000000  FreireNico
8/9/2021 7:09:50 AM Se conecto con ip:109.205.134.74
8/9/2021 7:09:55 AM /MOD ORO 2000000  FreireNico
8/9/2021 8:01:51 AM Se conecto con ip:213.94.52.95
8/9/2021 8:01:55 AM /TELEPLOC a x:165 Y:1032 Map:1
8/9/2021 8:01:56 AM /TELEPLOC a x:165 Y:1032 Map:1
8/9/2021 8:01:57 AM /TELEPLOC a x:165 Y:1032 Map:1
8/9/2021 8:01:58 AM /TELEPLOC a x:165 Y:1032 Map:1
8/9/2021 8:02:00 AM /TELEPLOC a x:165 Y:1032 Map:1
