EL YIND completó el nivel 1 en 1212.437 segundos.
EL YIND completó el nivel 2 en 0 segundos.
EL YIND completó el nivel 3 en 1886.14 segundos.
EL YIND completó el nivel 4 en 0 segundos.
EL YIND completó el nivel 5 en 0 segundos.
EL YIND completó el nivel 6 en 0 segundos.
EL YIND completó el nivel 7 en 0 segundos.
EL YIND completó el nivel 8 en 0 segundos.
EL YIND completó el nivel 9 en 0 segundos.
EL YIND completó el nivel 10 en 0 segundos.
EL YIND completó el nivel 11 en 0 segundos.
EL YIND completó el nivel 12 en 0 segundos.
EL YIND completó el nivel 13 en 0 segundos.
EL YIND completó el nivel 14 en 0 segundos.
EL YIND completó el nivel 15 en 0 segundos.
EL YIND completó el nivel 16 en 0 segundos.
EL YIND completó el nivel 17 en 0 segundos.
EL YIND completó el nivel 18 en 0 segundos.
EL YIND completó el nivel 19 en 0.016 segundos.
EL YIND completó el nivel 20 en 0 segundos.
EL YIND completó el nivel 21 en 0 segundos.
EL YIND completó el nivel 22 en 0 segundos.
EL YIND completó el nivel 23 en 0 segundos.
EL YIND completó el nivel 24 en 0 segundos.
EL YIND completó el nivel 25 en 0 segundos.
EL YIND completó el nivel 26 en 0 segundos.
EL YIND completó el nivel 27 en 0 segundos.
EL YIND completó el nivel 28 en 0 segundos.
EL YIND completó el nivel 29 en 0 segundos.
EL YIND completó el nivel 30 en 0 segundos.
EL YIND completó el nivel 31 en 5.172 segundos.
EL YIND completó el nivel 32 en 0 segundos.
EL YIND completó el nivel 33 en 0 segundos.
NEOSEFIROT completó el nivel 1 en 3159.531 segundos.
ELIAS completó el nivel 1 en 208.875 segundos.
ELIAS completó el nivel 2 en 61.609 segundos.
ELIAS completó el nivel 3 en 0.5 segundos.
ELIAS completó el nivel 4 en 5.485 segundos.
ELIAS completó el nivel 5 en 15.531 segundos.
ELIAS completó el nivel 6 en 15.109 segundos.
POWER completó el nivel 1 en 47.157 segundos.
POWER completó el nivel 2 en 0 segundos.
POWER completó el nivel 3 en 0 segundos.
POWER completó el nivel 4 en 1.797 segundos.
POWER completó el nivel 5 en 0 segundos.
ELIAS completó el nivel 7 en 44.688 segundos.
POWER completó el nivel 6 en 26.64 segundos.
ELIAS completó el nivel 8 en 9.265 segundos.
ELIAS completó el nivel 9 en 8.532 segundos.
ELIAS completó el nivel 10 en 80.328 segundos.
SHINOBU completó el nivel 1 en 59.875 segundos.
SHINOBU completó el nivel 2 en 4.25 segundos.
SHINOBU completó el nivel 3 en 9.406 segundos.
ELIAS completó el nivel 11 en 51.718 segundos.
SHINOBU completó el nivel 4 en 48.094 segundos.
POWER completó el nivel 7 en 224.031 segundos.
POWER completó el nivel 8 en 4.094 segundos.
POWER completó el nivel 9 en 8.125 segundos.
POWER completó el nivel 10 en 20.844 segundos.
POWER completó el nivel 11 en 17.953 segundos.
POWER completó el nivel 12 en 14.922 segundos.
ELIAS completó el nivel 12 en 211.563 segundos.
SHINOBU completó el nivel 5 en 239.453 segundos.
SHINOBU completó el nivel 6 en 13.719 segundos.
SHINOBU completó el nivel 7 en 12.25 segundos.
SHINOBU completó el nivel 8 en 14.5 segundos.
SHINOBU completó el nivel 9 en 61.61 segundos.
SHINOBU completó el nivel 1 en 178.906 segundos.
SHINOBU completó el nivel 2 en 2.766 segundos.
SHINOBU completó el nivel 3 en 1.156 segundos.
SHINOBU completó el nivel 4 en 9.172 segundos.
SHINOBU completó el nivel 5 en 8.453 segundos.
SHINOBU completó el nivel 6 en 10.656 segundos.
SHINOBU completó el nivel 7 en 5.844 segundos.
SHINOBU completó el nivel 8 en 17.937 segundos.
NEOSEFIROT completó el nivel 2 en 772.891 segundos.
SHINOBU completó el nivel 9 en 30.313 segundos.
SHINOBU completó el nivel 10 en 156.219 segundos.
SHINOBU completó el nivel 11 en 118.328 segundos.
SHINOBU completó el nivel 12 en 201.453 segundos.
ELIAS completó el nivel 13 en 1739.812 segundos.
ELIAS completó el nivel 14 en 43.969 segundos.
ELIAS completó el nivel 15 en 55.687 segundos.
POWER completó el nivel 1 en 681.187 segundos.
ELIAS completó el nivel 16 en 269.985 segundos.
POWER completó el nivel 2 en 428.453 segundos.
POWER completó el nivel 3 en 0 segundos.
POWER completó el nivel 4 en 6.391 segundos.
POWER completó el nivel 5 en 1.797 segundos.
POWER completó el nivel 6 en 10.546 segundos.
POWER completó el nivel 7 en 116.469 segundos.
POWER completó el nivel 8 en 1.61 segundos.
POWER completó el nivel 9 en 3.796 segundos.
POWER completó el nivel 10 en 5.484 segundos.
POWER completó el nivel 11 en 140.86 segundos.
POWER completó el nivel 12 en 16.344 segundos.
ELIAS completó el nivel 17 en 1541.39 segundos.
ELIAS completó el nivel 18 en 232.297 segundos.
ELIAS completó el nivel 19 en 259.375 segundos.
BRAMH completó el nivel 1 en 654.703 segundos.
ELIAS completó el nivel 20 en 422.813 segundos.
BRAMH completó el nivel 2 en 128.969 segundos.
NEOSEFIROT completó el nivel 3 en 1343.125 segundos.
AKNOT completó el nivel 1 en 332.625 segundos.
AKNOT completó el nivel 2 en 256.765 segundos.
AKNOT completó el nivel 3 en 111.125 segundos.
AKNOT completó el nivel 4 en 194.157 segundos.
AKNOT completó el nivel 5 en 21.875 segundos.
AKNOT completó el nivel 6 en 11.562 segundos.
AKNOT completó el nivel 7 en 59.032 segundos.
AKNOT completó el nivel 8 en 26.312 segundos.
AKNOT completó el nivel 9 en 277.297 segundos.
AKNOT completó el nivel 10 en 236.328 segundos.
BRAMH completó el nivel 3 en 10.921 segundos.
AKNOT completó el nivel 11 en 55.5 segundos.
NHEW completó el nivel 1 en 33.031 segundos.
AKNOT completó el nivel 12 en 28513.14 segundos.
AKNOT completó el nivel 13 en 423.781 segundos.
NHEW completó el nivel 2 en 28802.032 segundos.
NHEW completó el nivel 3 en 0.203 segundos.
NHEW completó el nivel 4 en 7 segundos.
NHEW completó el nivel 5 en 5.297 segundos.
NHEW completó el nivel 6 en 10.172 segundos.
BRAMH completó el nivel 4 en 238.922 segundos.
BRAMH completó el nivel 5 en 20.031 segundos.
BRAMH completó el nivel 6 en 10.375 segundos.
BRAMH completó el nivel 7 en 6.906 segundos.
BRAMH completó el nivel 8 en 3.406 segundos.
NHEW completó el nivel 7 en 50.453 segundos.
BRAMH completó el nivel 9 en 11.657 segundos.
BRAMH completó el nivel 10 en 35.734 segundos.
NHEW completó el nivel 8 en 41.375 segundos.
AKNOT completó el nivel 14 en 183.797 segundos.
AKNOT completó el nivel 15 en 364.938 segundos.
NHEW completó el nivel 9 en 416.594 segundos.
AKNOT completó el nivel 16 en 193.688 segundos.
AKNOT completó el nivel 17 en 172.687 segundos.
NHEW completó el nivel 10 en 712.641 segundos.
MOE SZYSLAK completó el nivel 1 en 179.016 segundos.
MOE SZYSLAK completó el nivel 2 en 8.859 segundos.
AKNOT completó el nivel 18 en 561.594 segundos.
MOE SZYSLAK completó el nivel 3 en 33.422 segundos.
MOE SZYSLAK completó el nivel 4 en 43.937 segundos.
MOE SZYSLAK completó el nivel 5 en 15.188 segundos.
MOE SZYSLAK completó el nivel 6 en 82.703 segundos.
MOE SZYSLAK completó el nivel 7 en 20.312 segundos.
BRAMH completó el nivel 11 en 783.578 segundos.
AKNOT completó el nivel 19 en 208.109 segundos.
BRAMH completó el nivel 12 en 35.36 segundos.
MOE SZYSLAK completó el nivel 8 en 47.235 segundos.
MOE SZYSLAK completó el nivel 9 en 45.578 segundos.
MOE SZYSLAK completó el nivel 10 en 14.078 segundos.
MOE SZYSLAK completó el nivel 11 en 75.719 segundos.
MOE SZYSLAK completó el nivel 12 en 21.922 segundos.
AKNOT completó el nivel 20 en 201.454 segundos.
BRAMH completó el nivel 13 en 281.984 segundos.
MOE SZYSLAK completó el nivel 13 en 386.687 segundos.
AKNOT completó el nivel 21 en 458.125 segundos.
AKNOT completó el nivel 22 en 393.765 segundos.
MOE SZYSLAK completó el nivel 14 en 517.219 segundos.
NASHE completó el nivel 1 en 306.531 segundos.
NHEW completó el nivel 11 en 629.734 segundos.
NASHE completó el nivel 2 en 4.75 segundos.
NASHE completó el nivel 3 en 12.36 segundos.
NASHE completó el nivel 4 en 6.171 segundos.
NASHE completó el nivel 5 en 15.625 segundos.
KAYSER completó el nivel 1 en 153.75 segundos.
KAYSER completó el nivel 2 en 2.25 segundos.
KAYSER completó el nivel 3 en 0.625 segundos.
KAYSER completó el nivel 4 en 13.157 segundos.
KAYSER completó el nivel 5 en 1.062 segundos.
NASHE completó el nivel 6 en 74.813 segundos.
NASHE completó el nivel 7 en 45.906 segundos.
KAYSER completó el nivel 6 en 92.219 segundos.
NHEW completó el nivel 12 en 189.469 segundos.
NASHE completó el nivel 8 en 34.578 segundos.
PUPY completó el nivel 1 en 177.515 segundos.
PUPY completó el nivel 2 en 3.204 segundos.
KAYSER completó el nivel 7 en 58.25 segundos.
KAYSER completó el nivel 8 en 26.062 segundos.
KAYSER completó el nivel 9 en 47.157 segundos.
NASHE completó el nivel 9 en 157.75 segundos.
NASHE completó el nivel 10 en 44.891 segundos.
KAYSER completó el nivel 10 en 128.343 segundos.
PUPY completó el nivel 3 en 217.421 segundos.
PUPY completó el nivel 4 en 0.532 segundos.
KAYSER completó el nivel 11 en 11.235 segundos.
PUPY completó el nivel 5 en 12.156 segundos.
KAYSER completó el nivel 12 en 17.203 segundos.
NASHE completó el nivel 11 en 82.562 segundos.
PUPY completó el nivel 6 en 61.297 segundos.
PUPY completó el nivel 7 en 12.031 segundos.
NASHE completó el nivel 12 en 58.391 segundos.
PUPY completó el nivel 8 en 11.969 segundos.
PUPY completó el nivel 9 en 38.906 segundos.
PUPY completó el nivel 10 en 77.313 segundos.
KAYSER completó el nivel 13 en 239.328 segundos.
PUPY completó el nivel 11 en 55.703 segundos.
PUPY completó el nivel 12 en 21.375 segundos.
KAYSER completó el nivel 14 en 34.297 segundos.
BRAMH completó el nivel 14 en 1667.594 segundos.
MOE SZYSLAK completó el nivel 15 en 1194.672 segundos.
KAYSER completó el nivel 15 en 455.344 segundos.
NASHE completó el nivel 13 en 632.516 segundos.
NASHE completó el nivel 14 en 16.344 segundos.
NASHE completó el nivel 15 en 10.625 segundos.
KAYSER completó el nivel 16 en 40.297 segundos.
NASHE completó el nivel 16 en 36.515 segundos.
NASHE completó el nivel 17 en 118.969 segundos.
KAYSER completó el nivel 17 en 154.093 segundos.
KAYSER completó el nivel 18 en 0 segundos.
KAYSER completó el nivel 19 en 0 segundos.
KAYSER completó el nivel 20 en 0 segundos.
KAYSER completó el nivel 21 en 0 segundos.
KAYSER completó el nivel 22 en 0 segundos.
KAYSER completó el nivel 23 en 0 segundos.
KAYSER completó el nivel 24 en 0 segundos.
KAYSER completó el nivel 25 en 0 segundos.
KAYSER completó el nivel 26 en 0 segundos.
KAYSER completó el nivel 27 en 0 segundos.
KAYSER completó el nivel 28 en 0 segundos.
KAYSER completó el nivel 29 en 0 segundos.
KAYSER completó el nivel 30 en 0 segundos.
KAYSER completó el nivel 31 en 0 segundos.
KAYSER completó el nivel 32 en 0 segundos.
KAYSER completó el nivel 33 en 0 segundos.
NASHE completó el nivel 18 en 13.016 segundos.
NASHE completó el nivel 19 en 0 segundos.
NASHE completó el nivel 20 en 0 segundos.
NASHE completó el nivel 21 en 0 segundos.
NASHE completó el nivel 22 en 0 segundos.
NASHE completó el nivel 23 en 0 segundos.
NASHE completó el nivel 24 en 0 segundos.
NASHE completó el nivel 25 en 0 segundos.
NASHE completó el nivel 26 en 0 segundos.
NASHE completó el nivel 27 en 0 segundos.
NASHE completó el nivel 28 en 0 segundos.
NASHE completó el nivel 29 en 0 segundos.
NASHE completó el nivel 30 en 0 segundos.
NASHE completó el nivel 31 en 0 segundos.
NASHE completó el nivel 32 en 0 segundos.
NASHE completó el nivel 33 en 0.015 segundos.
PUPY completó el nivel 13 en 439.109 segundos.
KAYSER completó el nivel 34 en 117.157 segundos.
KAYSER completó el nivel 35 en 0 segundos.
NASHE completó el nivel 34 en 113.735 segundos.
NASHE completó el nivel 35 en 0 segundos.
KAYSER completó el nivel 36 en 15.453 segundos.
BRAMH completó el nivel 15 en 658.703 segundos.
BRAMH completó el nivel 16 en 0 segundos.
BRAMH completó el nivel 17 en 0 segundos.
BRAMH completó el nivel 18 en 0 segundos.
BRAMH completó el nivel 19 en 0 segundos.
BRAMH completó el nivel 20 en 0 segundos.
BRAMH completó el nivel 21 en 0 segundos.
BRAMH completó el nivel 22 en 0 segundos.
BRAMH completó el nivel 23 en 0 segundos.
BRAMH completó el nivel 24 en 0 segundos.
BRAMH completó el nivel 25 en 0 segundos.
BRAMH completó el nivel 26 en 0 segundos.
BRAMH completó el nivel 27 en 0 segundos.
BRAMH completó el nivel 28 en 0 segundos.
BRAMH completó el nivel 29 en 0 segundos.
BRAMH completó el nivel 30 en 0 segundos.
BRAMH completó el nivel 31 en 0 segundos.
BRAMH completó el nivel 32 en 0 segundos.
BRAMH completó el nivel 33 en 0 segundos.
BRAMH completó el nivel 34 en 8.375 segundos.
BRAMH completó el nivel 35 en 0 segundos.
BRAMH completó el nivel 36 en 1.812 segundos.
KOLPER completó el nivel 1 en 135.359 segundos.
KOLPER completó el nivel 2 en 1.875 segundos.
NASHE completó el nivel 36 en 39.734 segundos.
KOLPER completó el nivel 3 en 4.281 segundos.
NASHE completó el nivel 37 en 2.656 segundos.
NASHE completó el nivel 38 en 1.86 segundos.
KOLPER completó el nivel 4 en 16.078 segundos.
KAYSER completó el nivel 37 en 47.828 segundos.
KAYSER completó el nivel 38 en 3.031 segundos.
KAYSER completó el nivel 39 en 6.563 segundos.
KOLPER completó el nivel 5 en 59.078 segundos.
KOLPER completó el nivel 6 en 9.297 segundos.
KOLPER completó el nivel 7 en 0 segundos.
KOLPER completó el nivel 8 en 0 segundos.
KOLPER completó el nivel 9 en 0 segundos.
KOLPER completó el nivel 10 en 0 segundos.
KOLPER completó el nivel 11 en 0 segundos.
KOLPER completó el nivel 12 en 0 segundos.
KOLPER completó el nivel 13 en 0 segundos.
KOLPER completó el nivel 14 en 0 segundos.
KOLPER completó el nivel 15 en 0 segundos.
KOLPER completó el nivel 16 en 0 segundos.
KOLPER completó el nivel 17 en 0 segundos.
KOLPER completó el nivel 18 en 0 segundos.
KOLPER completó el nivel 19 en 0 segundos.
KOLPER completó el nivel 20 en 0 segundos.
KOLPER completó el nivel 21 en 0 segundos.
KOLPER completó el nivel 22 en 0 segundos.
KOLPER completó el nivel 23 en 0 segundos.
KOLPER completó el nivel 24 en 0 segundos.
KOLPER completó el nivel 25 en 0 segundos.
KOLPER completó el nivel 26 en 0.016 segundos.
KOLPER completó el nivel 27 en 0 segundos.
KOLPER completó el nivel 28 en 0 segundos.
KOLPER completó el nivel 29 en 0 segundos.
KOLPER completó el nivel 30 en 0 segundos.
KOLPER completó el nivel 31 en 0 segundos.
KOLPER completó el nivel 32 en 0 segundos.
KOLPER completó el nivel 33 en 0 segundos.
KOLPER completó el nivel 34 en 1.906 segundos.
KOLPER completó el nivel 35 en 0 segundos.
KOLPER completó el nivel 36 en 1.813 segundos.
KOLPER completó el nivel 37 en 9.89 segundos.
KOLPER completó el nivel 38 en 72.766 segundos.
BRAMH completó el nivel 37 en 204.141 segundos.
BRAMH completó el nivel 38 en 4.594 segundos.
MOE SZYSLAK completó el nivel 16 en 589.468 segundos.
MOE SZYSLAK completó el nivel 17 en 0.016 segundos.
MOE SZYSLAK completó el nivel 18 en 0 segundos.
MOE SZYSLAK completó el nivel 19 en 0 segundos.
MOE SZYSLAK completó el nivel 20 en 0 segundos.
MOE SZYSLAK completó el nivel 21 en 0 segundos.
MOE SZYSLAK completó el nivel 22 en 0 segundos.
MOE SZYSLAK completó el nivel 23 en 0 segundos.
MOE SZYSLAK completó el nivel 24 en 0 segundos.
MOE SZYSLAK completó el nivel 25 en 0 segundos.
MOE SZYSLAK completó el nivel 26 en 0 segundos.
MOE SZYSLAK completó el nivel 27 en 0 segundos.
MOE SZYSLAK completó el nivel 28 en 0 segundos.
MOE SZYSLAK completó el nivel 29 en 0 segundos.
MOE SZYSLAK completó el nivel 30 en 0 segundos.
MOE SZYSLAK completó el nivel 31 en 0 segundos.
MOE SZYSLAK completó el nivel 32 en 0 segundos.
MOE SZYSLAK completó el nivel 33 en 0 segundos.
MOE SZYSLAK completó el nivel 34 en 2.672 segundos.
MOE SZYSLAK completó el nivel 35 en 0 segundos.
MOE SZYSLAK completó el nivel 36 en 1.922 segundos.
MOE SZYSLAK completó el nivel 37 en 0.547 segundos.
MOE SZYSLAK completó el nivel 38 en 0.406 segundos.
MOE SZYSLAK completó el nivel 39 en 0.812 segundos.
MOE SZYSLAK completó el nivel 40 en 2.922 segundos.
PUPY completó el nivel 14 en 346.609 segundos.
MELKOR completó el nivel 1 en 265.359 segundos.
MELKOR completó el nivel 2 en 1.485 segundos.
MELKOR completó el nivel 3 en 0 segundos.
MELKOR completó el nivel 4 en 4.359 segundos.
MELKOR completó el nivel 5 en 7.109 segundos.
MELKOR completó el nivel 6 en 1.297 segundos.
MELKOR completó el nivel 7 en 5.407 segundos.
MELKOR completó el nivel 8 en 10 segundos.
MELKOR completó el nivel 9 en 6.046 segundos.
MELKOR completó el nivel 10 en 10.797 segundos.
MELKOR completó el nivel 11 en 18.766 segundos.
MELKOR completó el nivel 12 en 13.453 segundos.
PUPY completó el nivel 15 en 1119.484 segundos.
PUPY completó el nivel 16 en 484.281 segundos.
MELKOR completó el nivel 13 en 860.875 segundos.
MELKOR completó el nivel 14 en 268.641 segundos.
PUPY completó el nivel 17 en 623.75 segundos.
MELKOR completó el nivel 15 en 271.797 segundos.
MELKOR completó el nivel 16 en 9.375 segundos.
MELKOR completó el nivel 17 en 14.672 segundos.
MELKOR completó el nivel 18 en 18.687 segundos.
PUPY completó el nivel 18 en 63.016 segundos.
NHEW completó el nivel 13 en 2671.093 segundos.
NHEW completó el nivel 14 en 67038.328 segundos.
NHEW completó el nivel 15 en 215.437 segundos.
NHEW completó el nivel 16 en 0 segundos.
NHEW completó el nivel 17 en 0 segundos.
NHEW completó el nivel 18 en 0 segundos.
NHEW completó el nivel 19 en 0 segundos.
NHEW completó el nivel 20 en 0 segundos.
NHEW completó el nivel 21 en 0 segundos.
NHEW completó el nivel 22 en 0 segundos.
NHEW completó el nivel 23 en 0 segundos.
NHEW completó el nivel 24 en 0 segundos.
NHEW completó el nivel 25 en 0 segundos.
NHEW completó el nivel 26 en 0 segundos.
NHEW completó el nivel 27 en 0.016 segundos.
NHEW completó el nivel 28 en 0 segundos.
NHEW completó el nivel 29 en 0 segundos.
NHEW completó el nivel 30 en 0 segundos.
NHEW completó el nivel 31 en 0 segundos.
NHEW completó el nivel 32 en 0 segundos.
NHEW completó el nivel 33 en 0 segundos.
FREIRENICO completó el nivel 1 en 640.297 segundos.
FREIRENICO completó el nivel 2 en 24.171 segundos.
FREIRENICO completó el nivel 3 en 26.297 segundos.
FREIRENICO completó el nivel 4 en 69.844 segundos.
FREIRENICO completó el nivel 5 en 10.297 segundos.
FREIRENICO completó el nivel 6 en 50.844 segundos.
FREIRENICO completó el nivel 7 en 64.609 segundos.
FREIRENICO completó el nivel 8 en 27.156 segundos.
LA CRIATURA completó el nivel 1 en 116.375 segundos.
LA CRIATURA completó el nivel 2 en 6.359 segundos.
FREIRENICO completó el nivel 9 en 71.422 segundos.
LA CRIATURA completó el nivel 3 en 46.281 segundos.
LA CRIATURA completó el nivel 4 en 0 segundos.
FREIRENICO completó el nivel 10 en 31.11 segundos.
LA CRIATURA completó el nivel 5 en 62.484 segundos.
LA CRIATURA completó el nivel 6 en 2.188 segundos.
MILA completó el nivel 1 en 171.593 segundos.
MILA completó el nivel 2 en 0 segundos.
FREIRENICO completó el nivel 11 en 320.734 segundos.
MILA completó el nivel 3 en 68.86 segundos.
MILA completó el nivel 4 en 22.641 segundos.
MILA completó el nivel 5 en 8.125 segundos.
FREIRENICO completó el nivel 12 en 69667 segundos.
MILA completó el nivel 6 en 52.687 segundos.
MILA completó el nivel 7 en 9.375 segundos.
MILA completó el nivel 8 en 5.282 segundos.
FREIRENICO completó el nivel 13 en 1030.828 segundos.
FREIRENICO completó el nivel 14 en 306.843 segundos.
FREIRENICO completó el nivel 15 en 262.938 segundos.
FREIRENICO completó el nivel 16 en 289.187 segundos.
FREIRENICO completó el nivel 17 en 328.594 segundos.
FREIRENICO completó el nivel 18 en 770.25 segundos.
ELIAS completó el nivel 21 en 1681.156 segundos.
MORA completó el nivel 1 en 178.39 segundos.
MORA completó el nivel 2 en 16.891 segundos.
MORA completó el nivel 3 en 44.359 segundos.
MORA completó el nivel 4 en 7.328 segundos.
MORA completó el nivel 5 en 41.421 segundos.
MORA completó el nivel 6 en 5.016 segundos.
MORA completó el nivel 7 en 5.516 segundos.
MORA completó el nivel 8 en 0 segundos.
MORA completó el nivel 9 en 56.312 segundos.
MORA completó el nivel 10 en 16.141 segundos.
MORA completó el nivel 11 en 59.969 segundos.
MORA completó el nivel 12 en 81.109 segundos.
MORA completó el nivel 13 en 222.578 segundos.
MORA completó el nivel 14 en 175.984 segundos.
MORA completó el nivel 15 en 53.063 segundos.
MORA completó el nivel 16 en 142.094 segundos.
MORA completó el nivel 17 en 110.375 segundos.
MORA completó el nivel 18 en 94.781 segundos.
MORA completó el nivel 19 en 369.422 segundos.
MORA completó el nivel 20 en 80.329 segundos.
MORA completó el nivel 21 en 280.422 segundos.
MORA completó el nivel 22 en 137.828 segundos.
MORA completó el nivel 23 en 265.906 segundos.
MORA completó el nivel 24 en 381.734 segundos.
MORA completó el nivel 25 en 588.61 segundos.
SEBA completó el nivel 1 en 79.407 segundos.
SEBA completó el nivel 2 en 370 segundos.
SEBA completó el nivel 3 en 96.859 segundos.
SEBA completó el nivel 4 en 5.5 segundos.
SEBA completó el nivel 5 en 115.531 segundos.
SEBA completó el nivel 6 en 181.438 segundos.
AKNOT completó el nivel 23 en 1898.156 segundos.
MIYA completó el nivel 1 en 45.219 segundos.
MIYA completó el nivel 2 en 0 segundos.
MIYA completó el nivel 3 en 4.266 segundos.
MIYA completó el nivel 4 en 51.14 segundos.
MIYA completó el nivel 5 en 2.188 segundos.
MIYA completó el nivel 6 en 1.812 segundos.
MIYA completó el nivel 7 en 30.594 segundos.
MIYA completó el nivel 8 en 17.094 segundos.
MIYA completó el nivel 9 en 29.453 segundos.
MIYA completó el nivel 10 en 94.453 segundos.
MIYA completó el nivel 11 en 42.766 segundos.
MIYA completó el nivel 12 en 22.047 segundos.
