Línea 1109: la clase MSComctlLib.ProgressBar del control PB no era una clase de control cargada.
Línea 3021: la clase MSComctlLib.ProgressBar del control PB2 no era una clase de control cargada.
Línea 1115: el nombre de la propiedad _ExtentX de PB no es válido.
Línea 1116: el nombre de la propiedad _ExtentY de PB no es válido.
Línea 1117: el nombre de la propiedad _Version de PB no es válido.
Línea 1119: el nombre de la propiedad Min de PB no es válido.
Línea 1120: el nombre de la propiedad Scrolling de PB no es válido.
Línea 3027: el nombre de la propiedad _ExtentX de PB2 no es válido.
Línea 3028: el nombre de la propiedad _ExtentY de PB2 no es válido.
Línea 3029: el nombre de la propiedad _Version de PB2 no es válido.
Línea 3032: el nombre de la propiedad Min de PB2 no es válido.
Línea 3033: el nombre de la propiedad Scrolling de PB2 no es válido.
Línea 1115: el nombre de la propiedad _ExtentX de PB no es válido.
Línea 1116: el nombre de la propiedad _ExtentY de PB no es válido.
Línea 1117: el nombre de la propiedad _Version de PB no es válido.
Línea 1119: el nombre de la propiedad Min de PB no es válido.
Línea 1120: el nombre de la propiedad Scrolling de PB no es válido.
Línea 3027: el nombre de la propiedad _ExtentX de PB2 no es válido.
Línea 3028: el nombre de la propiedad _ExtentY de PB2 no es válido.
Línea 3029: el nombre de la propiedad _Version de PB2 no es válido.
Línea 3032: el nombre de la propiedad Min de PB2 no es válido.
Línea 3033: el nombre de la propiedad Scrolling de PB2 no es válido.
